
Verifying Model parameters
Verifying Demand parameters
Verifying Potential parameters
Verifying Allocation parameters

Executing Demand component
Executing Potential component
Executing Allocation component

Year: 2008	Step: 0
f Area: 137878	Difference: 0
d Area: 19982	Difference: 0
outros Area: 6489	Difference: 0

Demand allocated correctly in 2008.	Number of iterations: 0	Maximum error: 2.7950358344242e-005

Executing Demand component
Executing Potential component
Executing Allocation component

Year: 2009	Step: 0
f Area: 136483	Difference: -1139
d Area: 20953	Difference: 714
outros Area: 6489	Difference: 0

Demand allocated correctly in 2009.	Number of iterations: 0	Maximum error: 1138.4125251856

Executing Demand component
Executing Potential component
Executing Allocation component

Year: 2010	Step: 0
f Area: 135228	Difference: -2138
d Area: 21826	Difference: 1331
outros Area: 6489	Difference: 0

Demand allocated correctly in 2010.	Number of iterations: 0	Maximum error: 2137.3892875192

Executing Demand component
Executing Potential component
Executing Allocation component

Year: 2011	Step: 0
f Area: 134099	Difference: -3011
d Area: 22612	Difference: 1862
outros Area: 6489	Difference: 0

Demand allocated correctly in 2011.	Number of iterations: 0	Maximum error: 3010.873751053

Executing Demand component
Executing Potential component
Executing Allocation component

Year: 2012	Step: 0
f Area: 133082	Difference: -3742
d Area: 23320	Difference: 2284
outros Area: 6489	Difference: 0

Demand allocated correctly in 2012.	Number of iterations: 0	Maximum error: 3741.7532642253

Executing Demand component
Executing Potential component
Executing Allocation component

Year: 2013	Step: 0
f Area: 132168	Difference: -4371
d Area: 23956	Difference: 2635
outros Area: 6489	Difference: 0

Demand allocated correctly in 2013.	Number of iterations: 0	Maximum error: 4370.9817147641

Executing Demand component
Executing Potential component
Executing Allocation component

Year: 2014	Step: 0
f Area: 131344	Difference: -4909
d Area: 24530	Difference: 2922
outros Area: 6489	Difference: 0

Demand allocated correctly in 2014.	Number of iterations: 0	Maximum error: 4908.7241111041

Saving Lab01_2014.

Elapsed time: 5.01s


End of Simulation
