
Verifying Model parameters
Verifying Demand parameters
Verifying Potential parameters
Verifying Allocation parameters

Executing Demand component
Executing Potential component
Executing Allocation component

Year: 2008	Step: 0
f	area: 137878	Difference: 0
d	area: 19982	Difference: 0
outros	area: 6489	Difference: 0
Region 1
f
d
outros

Demand allocated correctly in 2008	Number of iterations: 0	Maximum error: 0.01040035000733

Updating dynamic variables...
layer_2009
	object_id0
	id
	ti
	FID

Executing Demand component
Executing Potential component
Executing Allocation component

Year: 2009	Step: 0
f	area: 137389	Difference: -233
d	area: 20331	Difference: 93
outros	area: 6489	Difference: 0
Region 1
f
d
outros

Demand allocated correctly in 2009	Number of iterations: 0	Maximum error: 232.93682142338

Executing Demand component
Executing Potential component
Executing Allocation component

Year: 2010	Step: 0
f	area: 137053	Difference: -313
d	area: 20667	Difference: 173
outros	area: 6489	Difference: 0
Region 1
f
d
outros

Demand allocated correctly in 2010	Number of iterations: 0	Maximum error: 312.79287200209

Executing Demand component
Executing Potential component
Executing Allocation component

Year: 2011	Step: 0
f	area: 136729	Difference: -381
d	area: 20991	Difference: 240
outros	area: 6489	Difference: 0
Region 1
f
d
outros

Demand allocated correctly in 2011	Number of iterations: 0	Maximum error: 380.35929244847

Executing Demand component
Executing Potential component
Executing Allocation component

Year: 2012	Step: 0
f	area: 136417	Difference: -408
d	area: 21304	Difference: 268
outros	area: 6489	Difference: 0
Region 1
f
d
outros

Demand allocated correctly in 2012	Number of iterations: 0	Maximum error: 407.10642724726

Executing Demand component
Executing Potential component
Executing Allocation component

Year: 2013	Step: 0
f	area: 136115	Difference: -424
d	area: 21607	Difference: 285
outros	area: 6489	Difference: 0
Region 1
f
d
outros

Demand allocated correctly in 2013	Number of iterations: 0	Maximum error: 423.73931471611

Executing Demand component
Executing Potential component
Executing Allocation component

Year: 2014	Step: 0
f	area: 135822	Difference: -431
d	area: 21900	Difference: 293
outros	area: 6489	Difference: 0
Region 1
f
d
outros

Demand allocated correctly in 2014	Number of iterations: 0	Maximum error: 430.88351101935

Saving Lab06_2014.

Elapsed time: 7.45s


End of Simulation
