
Verifying Model parameters
Verifying Demand parameters
Verifying Potential parameters
Verifying Allocation parameters

Executing Demand component
Executing Potential component


f
Cell number: 5130
assentamen
min: 0.0
max: 1.0
avg: 0.057022576854951

rodovias
min: 2.620906
max: 200542.9
avg: 67216.375033304

dist_riobr
min: 24607.02
max: 733889.9
avg: 350880.96876827

rios_todos
min: 1.013261
max: 34626.96
avg: 9476.998703403

uc_us
min: 0.0
max: 1.0
avg: 0.24424958651947

ti
min: 0.0
max: 1.0
avg: 0.17500070045315

ap
min: 0.0
max: 2.0
avg: 0.5125245057338

uc_pi
min: 0.0
max: 1.0
avg: 0.093274218761175

fertilidad
min: 0.0
max: 1.0
avg: 0.053602286552329



f	pot > 0 	pot = 0
f_pot	6480	94


d
Cell number: 284
assentamen
min: 0.0
max: 1.0
avg: 0.36306033151895

rodovias
min: 105.9865
max: 54104.98
avg: 18233.942061404

dist_riobr
min: 2467.404
max: 622642.0
avg: 107568.28484211

rios_todos
min: 16.89701
max: 25583.5
avg: 8402.9899909474

uc_us
min: 0.0
max: 1.0
avg: 0.024451619502211

ti
min: 0.0
max: 0.1232027
avg: 0.00095316580701754

ap
min: 0.0
max: 1.0
avg: 0.025404785309228

uc_pi
min: 0.0
max: 0.0
avg: 0.0

fertilidad
min: 0.0
max: 1.0
avg: 0.23391812666667



d	pot > 0 	pot = 0
d_pot	2893	3681


outros
Cell number: 131


outros	pot > 0 	pot = 0
outros_pot	0	6574
Executing Allocation component

Year: 2008	Step: 0
f Area: 137878	Difference: 0
d Area: 19982	Difference: 0
outros Area: 6489	Difference: 0

Demand allocated correctly in 2008.	Number of iterations: 0	Maximum error: 2.7950358344242e-005

Executing Demand component
Executing Potential component


f
Cell number: 5130
assentamen
min: 0.0
max: 1.0
avg: 0.057022576854951

rodovias
min: 2.620906
max: 200542.9
avg: 67216.375033304

dist_riobr
min: 24607.02
max: 733889.9
avg: 350880.96876827

rios_todos
min: 1.013261
max: 34626.96
avg: 9476.998703403

uc_us
min: 0.0
max: 1.0
avg: 0.24424958651947

ti
min: 0.0
max: 1.0
avg: 0.17500070045315

ap
min: 0.0
max: 2.0
avg: 0.5125245057338

uc_pi
min: 0.0
max: 1.0
avg: 0.093274218761175

fertilidad
min: 0.0
max: 1.0
avg: 0.053602286552329



f	pot > 0 	pot = 0
f_pot	6480	94


d
Cell number: 284
assentamen
min: 0.0
max: 1.0
avg: 0.36306033151895

rodovias
min: 105.9865
max: 54104.98
avg: 18233.942061404

dist_riobr
min: 2467.404
max: 622642.0
avg: 107568.28484211

rios_todos
min: 16.89701
max: 25583.5
avg: 8402.9899909474

uc_us
min: 0.0
max: 1.0
avg: 0.024451619502211

ti
min: 0.0
max: 0.1232027
avg: 0.00095316580701754

ap
min: 0.0
max: 1.0
avg: 0.025404785309228

uc_pi
min: 0.0
max: 0.0
avg: 0.0

fertilidad
min: 0.0
max: 1.0
avg: 0.23391812666667



d	pot > 0 	pot = 0
d_pot	2893	3681


outros
Cell number: 131


outros	pot > 0 	pot = 0
outros_pot	0	6574
Executing Allocation component

Year: 2009	Step: 0
f Area: 138654	Difference: 1032
d Area: 20555	Difference: 316
outros Area: 6489	Difference: 0

Demand allocated correctly in 2009.	Number of iterations: 0	Maximum error: 1032.6086079162

Executing Demand component
Executing Potential component


f
Cell number: 5144
assentamen
min: 0.0
max: 1.0
avg: 0.057543793458261

rodovias
min: 2.620906
max: 200542.9
avg: 67139.690111542

dist_riobr
min: 24607.02
max: 733889.9
avg: 350759.76074247

rios_todos
min: 1.013261
max: 34626.96
avg: 9468.8641400313

uc_us
min: 0.0
max: 1.0
avg: 0.24358496179425

ti
min: 0.0
max: 1.0
avg: 0.17488775252189

ap
min: 0.0
max: 2.0
avg: 0.51162913551411

uc_pi
min: 0.0
max: 1.0
avg: 0.093156421197976

fertilidad
min: 0.0
max: 1.0
avg: 0.054136702099125



f	pot > 0 	pot = 0
f_pot	6480	94


d
Cell number: 295
assentamen
min: 0.0
max: 1.0
avg: 0.36983849487466

rodovias
min: 105.9865
max: 54104.98
avg: 18201.149937162

dist_riobr
min: 2467.404
max: 622642.0
avg: 105872.16972973

rios_todos
min: 16.89701
max: 25583.5
avg: 8380.294674054

uc_us
min: 0.0
max: 1.0
avg: 0.023542944453142

ti
min: 0.0
max: 0.1232027
avg: 0.00091774410472973

ap
min: 0.0
max: 1.0
avg: 0.024460688557872

uc_pi
min: 0.0
max: 0.0
avg: 0.0

fertilidad
min: 0.0
max: 1.0
avg: 0.23648648445946



d	pot > 0 	pot = 0
d_pot	2893	3681


outros
Cell number: 131


outros	pot > 0 	pot = 0
outros_pot	0	6574
Executing Allocation component

Year: 2010	Step: 0
f Area: 139338	Difference: 1972
d Area: 21128	Difference: 634
outros Area: 6489	Difference: 0

Demand allocated correctly in 2010.	Number of iterations: 0	Maximum error: 1972.5057540332

Executing Demand component
Executing Potential component


f
Cell number: 5171
assentamen
min: 0.0
max: 1.0
avg: 0.058475483326132

rodovias
min: 2.620906
max: 200542.9
avg: 67038.748994641

dist_riobr
min: 24607.02
max: 733889.9
avg: 350923.71282483

rios_todos
min: 1.013261
max: 34626.96
avg: 9468.0732216514

uc_us
min: 0.0
max: 1.0
avg: 0.24250673887871

ti
min: 0.0
max: 1.0
avg: 0.17433514669473

ap
min: 0.0
max: 2.0
avg: 0.51035081547746

uc_pi
min: 0.0
max: 1.0
avg: 0.093508929904019

fertilidad
min: 0.0
max: 1.0
avg: 0.054788605104408



f	pot > 0 	pot = 0
f_pot	6480	94


d
Cell number: 309
assentamen
min: 0.0
max: 1.0
avg: 0.37264763275129

rodovias
min: 105.9865
max: 54104.98
avg: 18325.956743226

dist_riobr
min: 2467.404
max: 622642.0
avg: 105878.40929032

rios_todos
min: 16.89701
max: 25583.5
avg: 8504.9882565161

uc_us
min: 0.0
max: 1.0
avg: 0.022896359219774

ti
min: 0.0
max: 0.1232027
avg: 0.00087629759677419

ap
min: 0.0
max: 1.0
avg: 0.023772656816548

uc_pi
min: 0.0
max: 0.0
avg: 0.0

fertilidad
min: 0.0
max: 1.0
avg: 0.24946236354839



d	pot > 0 	pot = 0
d_pot	2893	3681


outros
Cell number: 131


outros	pot > 0 	pot = 0
outros_pot	0	6574
Executing Allocation component

Year: 2011	Step: 0
f Area: 139965	Difference: 2855
d Area: 21697	Difference: 946
outros Area: 6489	Difference: 0

Demand allocated correctly in 2011.	Number of iterations: 0	Maximum error: 2855.3816458076

Executing Demand component
Executing Potential component


f
Cell number: 5196
assentamen
min: 0.0
max: 1.0
avg: 0.059850369013422

rodovias
min: 2.620906
max: 200542.9
avg: 66919.654255587

dist_riobr
min: 24607.02
max: 733889.9
avg: 350395.53470079

rios_todos
min: 1.013261
max: 34626.96
avg: 9466.3938908757

uc_us
min: 0.0
max: 1.0
avg: 0.24146926919005

ti
min: 0.0
max: 1.0
avg: 0.17349651312394

ap
min: 0.0
max: 2.0
avg: 0.50849525119288

uc_pi
min: 0.0
max: 1.0
avg: 0.093529468878889

fertilidad
min: 0.0
max: 1.0
avg: 0.056128535482009



f	pot > 0 	pot = 0
f_pot	6480	94


d
Cell number: 320
assentamen
min: 0.0
max: 1.0
avg: 0.37372818564766

rodovias
min: 105.9865
max: 54104.98
avg: 18394.866100935

dist_riobr
min: 2467.404
max: 622642.0
avg: 111657.57579439

rios_todos
min: 16.89701
max: 25583.5
avg: 8556.6229642368

uc_us
min: 0.0
max: 1.0
avg: 0.023953847844642

ti
min: 0.0
max: 0.1232027
avg: 0.00084626870716511

ap
min: 0.0
max: 1.0
avg: 0.024800116551807

uc_pi
min: 0.0
max: 0.0
avg: 0.0

fertilidad
min: 0.0
max: 1.0
avg: 0.2445482847352



d	pot > 0 	pot = 0
d_pot	2893	3681


outros
Cell number: 131


outros	pot > 0 	pot = 0
outros_pot	0	6574
Executing Allocation component

Year: 2012	Step: 0
f Area: 140546	Difference: 3721
d Area: 22259	Difference: 1223
outros Area: 6489	Difference: 0

Demand allocated correctly in 2012.	Number of iterations: 0	Maximum error: 3721.9948680898

Executing Demand component
Executing Potential component


f
Cell number: 5214
assentamen
min: 0.0
max: 1.0
avg: 0.060359946090653

rodovias
min: 2.620906
max: 200542.9
avg: 66869.686225558

dist_riobr
min: 24607.02
max: 733889.9
avg: 350597.96426079

rios_todos
min: 1.013261
max: 34626.96
avg: 9457.3786829302

uc_us
min: 0.0
max: 1.0
avg: 0.24082543856332

ti
min: 0.0
max: 1.0
avg: 0.17310440638641

ap
min: 0.0
max: 2.0
avg: 0.50792077818148

uc_pi
min: 0.0
max: 1.0
avg: 0.093990933231752

fertilidad
min: 0.0
max: 1.0
avg: 0.056446148724832



f	pot > 0 	pot = 0
f_pot	6480	94


d
Cell number: 335
assentamen
min: 0.0
max: 1.0
avg: 0.37785072051458

rodovias
min: 105.9865
max: 54104.98
avg: 18424.688753274

dist_riobr
min: 2467.404
max: 622642.0
avg: 113471.78559524

rios_todos
min: 16.89701
max: 25583.5
avg: 8453.8149369643

uc_us
min: 0.0
max: 1.0
avg: 0.022884479637292

ti
min: 0.0
max: 0.1232027
avg: 0.00090172799107143

ap
min: 0.0
max: 1.0
avg: 0.023786207628363

uc_pi
min: 0.0
max: 0.0
avg: 0.0

fertilidad
min: 0.0
max: 1.0
avg: 0.25099206160714



d	pot > 0 	pot = 0
d_pot	2893	3681


outros
Cell number: 131


outros	pot > 0 	pot = 0
outros_pot	0	6574
Executing Allocation component

Year: 2013	Step: 0
f Area: 141090	Difference: 4551
d Area: 22816	Difference: 1495
outros Area: 6489	Difference: 0

Demand allocated correctly in 2013.	Number of iterations: 0	Maximum error: 4551.4304542125

Executing Demand component
Executing Potential component


f
Cell number: 5236
assentamen
min: 0.0
max: 1.0
avg: 0.060850936114713

rodovias
min: 2.620906
max: 200542.9
avg: 66906.03097504

dist_riobr
min: 24607.02
max: 733889.9
avg: 350729.32706321

rios_todos
min: 1.013261
max: 34626.96
avg: 9452.5074801759

uc_us
min: 0.0
max: 1.0
avg: 0.24000719273013

ti
min: 0.0
max: 1.0
avg: 0.17364515234011

ap
min: 0.0
max: 2.0
avg: 0.50787919042131

uc_pi
min: 0.0
max: 1.0
avg: 0.094226845351077

fertilidad
min: 0.0
max: 1.0
avg: 0.056686397861371



f	pot > 0 	pot = 0
f_pot	6480	94


d
Cell number: 346
assentamen
min: 0.0
max: 1.0
avg: 0.38590422641182

rodovias
min: 105.9865
max: 54104.98
avg: 18390.338951009

dist_riobr
min: 2467.404
max: 622642.0
avg: 114112.1307781

rios_todos
min: 16.89701
max: 25583.5
avg: 8497.5040196542

uc_us
min: 0.0
max: 1.0
avg: 0.022192393193458

ti
min: 0.0
max: 0.1232027
avg: 0.00087314295389049

ap
min: 0.0
max: 1.0
avg: 0.023065536147349

uc_pi
min: 0.0
max: 0.0
avg: 0.0

fertilidad
min: 0.0
max: 1.0
avg: 0.2473583074928



d	pot > 0 	pot = 0
d_pot	2893	3681


outros
Cell number: 131


outros	pot > 0 	pot = 0
outros_pot	0	6574
Executing Allocation component

Year: 2014	Step: 0
f Area: 141604	Difference: 5351
d Area: 23372	Difference: 1765
outros Area: 6489	Difference: 0

Year: 2014	Step: 1
f Area: 141624	Difference: 5370
d Area: 23330	Difference: 1723
outros Area: 6489	Difference: 0

Year: 2014	Step: 2
f Area: 141644	Difference: 5391
d Area: 23292	Difference: 1685
outros Area: 6489	Difference: 0

Year: 2014	Step: 3
f Area: 141666	Difference: 5412
d Area: 23258	Difference: 1650
outros Area: 6489	Difference: 0

Year: 2014	Step: 4
f Area: 141688	Difference: 5435
d Area: 23226	Difference: 1619
outros Area: 6489	Difference: 0

Year: 2014	Step: 5
f Area: 141711	Difference: 5458
d Area: 23198	Difference: 1590
outros Area: 6489	Difference: 0

Year: 2014	Step: 6
f Area: 141735	Difference: 5482
d Area: 23172	Difference: 1564
outros Area: 6489	Difference: 0

Year: 2014	Step: 7
f Area: 141760	Difference: 5507
d Area: 23148	Difference: 1540
outros Area: 6489	Difference: 0

Year: 2014	Step: 8
f Area: 141786	Difference: 5533
d Area: 23126	Difference: 1518
outros Area: 6489	Difference: 0

Year: 2014	Step: 9
f Area: 141813	Difference: 5560
d Area: 23105	Difference: 1498
outros Area: 6489	Difference: 0

Year: 2014	Step: 10
f Area: 141842	Difference: 5588
d Area: 23087	Difference: 1479
outros Area: 6489	Difference: 0

Year: 2014	Step: 11
f Area: 141871	Difference: 5618
d Area: 23069	Difference: 1462
outros Area: 6489	Difference: 0

Year: 2014	Step: 12
f Area: 141902	Difference: 5649
d Area: 23053	Difference: 1446
outros Area: 6489	Difference: 0

Year: 2014	Step: 13
f Area: 141934	Difference: 5681
d Area: 23038	Difference: 1431
outros Area: 6489	Difference: 0

Year: 2014	Step: 14
f Area: 141968	Difference: 5715
d Area: 23025	Difference: 1417
outros Area: 6489	Difference: 0

Year: 2014	Step: 15
f Area: 142003	Difference: 5750
d Area: 23012	Difference: 1404
outros Area: 6489	Difference: 0

Year: 2014	Step: 16
f Area: 142040	Difference: 5787
d Area: 23000	Difference: 1392
outros Area: 6489	Difference: 0

Year: 2014	Step: 17
f Area: 142078	Difference: 5825
d Area: 22989	Difference: 1381
outros Area: 6489	Difference: 0

Year: 2014	Step: 18
f Area: 142118	Difference: 5865
d Area: 22978	Difference: 1371
outros Area: 6489	Difference: 0

Year: 2014	Step: 19
f Area: 142160	Difference: 5907
d Area: 22969	Difference: 1361
outros Area: 6489	Difference: 0

Year: 2014	Step: 20
f Area: 142204	Difference: 5951
d Area: 22960	Difference: 1352
outros Area: 6489	Difference: 0

Year: 2014	Step: 21
f Area: 142250	Difference: 5997
d Area: 22951	Difference: 1344
outros Area: 6489	Difference: 0

Year: 2014	Step: 22
f Area: 142298	Difference: 6045
d Area: 22943	Difference: 1336
outros Area: 6489	Difference: 0

Year: 2014	Step: 23
f Area: 142349	Difference: 6095
d Area: 22936	Difference: 1329
outros Area: 6489	Difference: 0

Year: 2014	Step: 24
f Area: 142402	Difference: 6148
d Area: 22929	Difference: 1322
outros Area: 6489	Difference: 0

Year: 2014	Step: 25
f Area: 142457	Difference: 6204
d Area: 22922	Difference: 1315
outros Area: 6489	Difference: 0

Year: 2014	Step: 26
f Area: 142516	Difference: 6262
d Area: 22916	Difference: 1309
outros Area: 6489	Difference: 0

Year: 2014	Step: 27
f Area: 142577	Difference: 6324
d Area: 22911	Difference: 1303
outros Area: 6489	Difference: 0

Year: 2014	Step: 28
f Area: 142642	Difference: 6389
d Area: 22905	Difference: 1298
outros Area: 6489	Difference: 0

Year: 2014	Step: 29
f Area: 142710	Difference: 6457
d Area: 22900	Difference: 1293
outros Area: 6489	Difference: 0

Year: 2014	Step: 30
f Area: 142782	Difference: 6528
d Area: 22896	Difference: 1288
outros Area: 6489	Difference: 0

Year: 2014	Step: 31
f Area: 142857	Difference: 6603
d Area: 22891	Difference: 1284
outros Area: 6489	Difference: 0

Year: 2014	Step: 32
f Area: 142936	Difference: 6682
d Area: 22887	Difference: 1280
outros Area: 6489	Difference: 0

Year: 2014	Step: 33
f Area: 143019	Difference: 6766
d Area: 22883	Difference: 1276
outros Area: 6489	Difference: 0

Year: 2014	Step: 34
f Area: 143107	Difference: 6853
d Area: 22879	Difference: 1272
outros Area: 6489	Difference: 0

Year: 2014	Step: 35
f Area: 143199	Difference: 6946
d Area: 22876	Difference: 1268
outros Area: 6489	Difference: 0

Year: 2014	Step: 36
f Area: 143297	Difference: 7044
d Area: 22872	Difference: 1265
outros Area: 6489	Difference: 0
Region 1
d

Year: 2014	Step: 37
f Area: 143400	Difference: 7146
d Area: 22869	Difference: 1262
outros Area: 6489	Difference: 0

Year: 2014	Step: 38
f Area: 143509	Difference: 7256
d Area: 22872	Difference: 1265
outros Area: 6489	Difference: 0

Year: 2014	Step: 39
f Area: 143625	Difference: 7371
d Area: 22876	Difference: 1268
outros Area: 6489	Difference: 0

Year: 2014	Step: 40
f Area: 143747	Difference: 7494
d Area: 22879	Difference: 1272
outros Area: 6489	Difference: 0

Year: 2014	Step: 41
f Area: 143876	Difference: 7623
d Area: 22883	Difference: 1276
outros Area: 6489	Difference: 0

Year: 2014	Step: 42
f Area: 144014	Difference: 7761
d Area: 22887	Difference: 1279
outros Area: 6489	Difference: 0

Year: 2014	Step: 43
f Area: 144161	Difference: 7907
d Area: 22891	Difference: 1284
outros Area: 6489	Difference: 0

Year: 2014	Step: 44
f Area: 144317	Difference: 8064
d Area: 22895	Difference: 1288
outros Area: 6489	Difference: 0

Year: 2014	Step: 45
f Area: 144484	Difference: 8231
d Area: 22900	Difference: 1293
outros Area: 6489	Difference: 0

Year: 2014	Step: 46
f Area: 144661	Difference: 8408
d Area: 22905	Difference: 1298
outros Area: 6489	Difference: 0

Year: 2014	Step: 47
f Area: 144850	Difference: 8597
d Area: 22911	Difference: 1303
outros Area: 6489	Difference: 0

Year: 2014	Step: 48
f Area: 145053	Difference: 8799
d Area: 22916	Difference: 1309
outros Area: 6489	Difference: 0

Year: 2014	Step: 49
f Area: 145270	Difference: 9017
d Area: 22922	Difference: 1315
outros Area: 6489	Difference: 0

Year: 2014	Step: 50
f Area: 145505	Difference: 9251
d Area: 22929	Difference: 1321
outros Area: 6489	Difference: 0

Year: 2014	Step: 51
f Area: 145757	Difference: 9504
d Area: 22936	Difference: 1328
outros Area: 6489	Difference: 0

Year: 2014	Step: 52
f Area: 146030	Difference: 9777
d Area: 22943	Difference: 1336
outros Area: 6489	Difference: 0

Year: 2014	Step: 53
f Area: 146324	Difference: 10071
d Area: 22951	Difference: 1343
outros Area: 6489	Difference: 0

Year: 2014	Step: 54
f Area: 146642	Difference: 10389
d Area: 22959	Difference: 1352
outros Area: 6489	Difference: 0

Year: 2014	Step: 55
f Area: 146988	Difference: 10735
d Area: 22968	Difference: 1361
outros Area: 6489	Difference: 0

Year: 2014	Step: 56
f Area: 147364	Difference: 11110
d Area: 22978	Difference: 1370
outros Area: 6489	Difference: 0

Year: 2014	Step: 57
f Area: 147776	Difference: 11522
d Area: 22988	Difference: 1380
outros Area: 6489	Difference: 0

Year: 2014	Step: 58
f Area: 148224	Difference: 11971
d Area: 22999	Difference: 1391
outros Area: 6489	Difference: 0

Year: 2014	Step: 59
f Area: 148713	Difference: 12459
d Area: 23010	Difference: 1403
outros Area: 6489	Difference: 0

Year: 2014	Step: 60
f Area: 149250	Difference: 12996
d Area: 23023	Difference: 1416
outros Area: 6489	Difference: 0

Year: 2014	Step: 61
f Area: 149834	Difference: 13581
d Area: 23037	Difference: 1429
outros Area: 6489	Difference: 0

Year: 2014	Step: 62
f Area: 150475	Difference: 14222
d Area: 23051	Difference: 1444
outros Area: 6489	Difference: 0

Year: 2014	Step: 63
f Area: 151179	Difference: 14926
d Area: 23067	Difference: 1460
outros Area: 6489	Difference: 0

Year: 2014	Step: 64
f Area: 151948	Difference: 15694
d Area: 23084	Difference: 1476
outros Area: 6489	Difference: 0

Year: 2014	Step: 65
f Area: 152788	Difference: 16535
d Area: 23102	Difference: 1495
outros Area: 6489	Difference: 0

Year: 2014	Step: 66
f Area: 153712	Difference: 17458
d Area: 23122	Difference: 1515
outros Area: 6489	Difference: 0

Year: 2014	Step: 67
f Area: 154730	Difference: 18477
d Area: 23143	Difference: 1536
outros Area: 6489	Difference: 0

Year: 2014	Step: 68
f Area: 155829	Difference: 19575
d Area: 23167	Difference: 1559
outros Area: 6489	Difference: 0

Year: 2014	Step: 69
f Area: 156964	Difference: 20711
d Area: 23192	Difference: 1584
outros Area: 6489	Difference: 0

Year: 2014	Step: 70
f Area: 158072	Difference: 21819
d Area: 23219	Difference: 1612
outros Area: 6489	Difference: 0

Year: 2014	Step: 71
f Area: 158973	Difference: 22719
d Area: 23249	Difference: 1642
outros Area: 6489	Difference: 0

Year: 2014	Step: 72
f Area: 159610	Difference: 23356
d Area: 23282	Difference: 1675
outros Area: 6489	Difference: 0

Year: 2014	Step: 73
f Area: 160083	Difference: 23830
d Area: 23319	Difference: 1711
outros Area: 6489	Difference: 0

Year: 2014	Step: 74
f Area: 160534	Difference: 24280
d Area: 23358	Difference: 1751
outros Area: 6489	Difference: 0

Year: 2014	Step: 75
f Area: 160974	Difference: 24720
d Area: 23402	Difference: 1795
outros Area: 6489	Difference: 0
Region 1
f

Year: 2014	Step: 76
f Area: 159829	Difference: 23575
d Area: 23451	Difference: 1843
outros Area: 6489	Difference: 0
Region 1
f

Year: 2014	Step: 77
f Area: 158494	Difference: 22240
d Area: 23505	Difference: 1898
outros Area: 6489	Difference: 0
Region 1
f

Year: 2014	Step: 78
f Area: 156681	Difference: 20428
d Area: 23565	Difference: 1958
outros Area: 6489	Difference: 0
Region 1
f

Year: 2014	Step: 79
f Area: 153868	Difference: 17614
d Area: 23633	Difference: 2026
outros Area: 6489	Difference: 0
Region 1
f

Year: 2014	Step: 80
f Area: 149279	Difference: 13025
d Area: 23710	Difference: 2102
outros Area: 6489	Difference: 0
Region 1
f

Year: 2014	Step: 81
f Area: 142190	Difference: 5936
d Area: 23797	Difference: 2189
outros Area: 6489	Difference: 0
Region 1
f

Year: 2014	Step: 82
f Area: 132292	Difference: -3961
d Area: 23896	Difference: 2288
outros Area: 6489	Difference: 0

Demand allocated correctly in 2014.	Number of iterations: 82	Maximum error: 3960.9827698724

Saving Lab09_2014.

Elapsed time: 7.66s


End of Simulation
