
Verifying Model parameters
Verifying Demand parameters

	Initial Demand	 Year

7771 2829 12 	2008

	Interpolation Final Demand	 Year

7748 2852 12 	2014


	Annual Demand	 Year

7771 2829 12 	2008

7767 2833 12 	2009

7763 2837 12 	2010

7759 2841 12 	2011

7755 2845 12 	2012

7751 2849 12 	2013

7748 2852 12 	2014


Verifying Potential parameters
Verifying Allocation parameters

Executing Demand component
Executing Potential component
Executing Allocation component

Time: 2008
-------------------------------------------------------------------------------
Cell Area 1
Num of cells 10612
Max diff area 200
Initial area for land use : f -> 7771
Initial area for land use : d -> 2829
Initial area for land use : outros -> 12
-------------------------------------------------------------------------------

Ordenamento: 100%



Year: 2008 Iteration -> 0
f -> 7986		demand -> 7771 difference -> -215
d -> 2614		demand -> 2829 difference -> 215
outros -> 12		demand -> 12 difference -> 0

Year: 2008 Iteration -> 1
f -> 7986		demand -> 7771 difference -> -215
d -> 2614		demand -> 2829 difference -> 215
outros -> 12		demand -> 12 difference -> 0

Year: 2008 Iteration -> 2
f -> 7986		demand -> 7771 difference -> -215
d -> 2614		demand -> 2829 difference -> 215
outros -> 12		demand -> 12 difference -> 0

Year: 2008 Iteration -> 3
f -> 7986		demand -> 7771 difference -> -215
d -> 2614		demand -> 2829 difference -> 215
outros -> 12		demand -> 12 difference -> 0

Year: 2008 Iteration -> 4
f -> 7986		demand -> 7771 difference -> -215
d -> 2614		demand -> 2829 difference -> 215
outros -> 12		demand -> 12 difference -> 0

Year: 2008 Iteration -> 5
f -> 7986		demand -> 7771 difference -> -215
d -> 2614		demand -> 2829 difference -> 215
outros -> 12		demand -> 12 difference -> 0

Year: 2008 Iteration -> 6
f -> 7985		demand -> 7771 difference -> -214
d -> 2615		demand -> 2829 difference -> 214
outros -> 12		demand -> 12 difference -> 0

Year: 2008 Iteration -> 7
f -> 7983		demand -> 7771 difference -> -212
d -> 2617		demand -> 2829 difference -> 212
outros -> 12		demand -> 12 difference -> 0

Year: 2008 Iteration -> 8
f -> 7983		demand -> 7771 difference -> -212
d -> 2617		demand -> 2829 difference -> 212
outros -> 12		demand -> 12 difference -> 0

Year: 2008 Iteration -> 9
f -> 7982		demand -> 7771 difference -> -211
d -> 2618		demand -> 2829 difference -> 211
outros -> 12		demand -> 12 difference -> 0

Year: 2008 Iteration -> 10
f -> 7981		demand -> 7771 difference -> -210
d -> 2619		demand -> 2829 difference -> 210
outros -> 12		demand -> 12 difference -> 0

Year: 2008 Iteration -> 11
f -> 7981		demand -> 7771 difference -> -210
d -> 2619		demand -> 2829 difference -> 210
outros -> 12		demand -> 12 difference -> 0

Year: 2008 Iteration -> 12
f -> 7979		demand -> 7771 difference -> -208
d -> 2621		demand -> 2829 difference -> 208
outros -> 12		demand -> 12 difference -> 0

Year: 2008 Iteration -> 13
f -> 7978		demand -> 7771 difference -> -207
d -> 2622		demand -> 2829 difference -> 207
outros -> 12		demand -> 12 difference -> 0

Year: 2008 Iteration -> 14
f -> 7977		demand -> 7771 difference -> -206
d -> 2623		demand -> 2829 difference -> 206
outros -> 12		demand -> 12 difference -> 0

Year: 2008 Iteration -> 15
f -> 7974		demand -> 7771 difference -> -203
d -> 2626		demand -> 2829 difference -> 203
outros -> 12		demand -> 12 difference -> 0

Year: 2008 Iteration -> 16
f -> 7973		demand -> 7771 difference -> -202
d -> 2627		demand -> 2829 difference -> 202
outros -> 12		demand -> 12 difference -> 0

Year: 2008 Iteration -> 17
f -> 7972		demand -> 7771 difference -> -201
d -> 2628		demand -> 2829 difference -> 201
outros -> 12		demand -> 12 difference -> 0

Year: 2008 Iteration -> 18
f -> 7972		demand -> 7771 difference -> -201
d -> 2628		demand -> 2829 difference -> 201
outros -> 12		demand -> 12 difference -> 0

Year: 2008 Iteration -> 19
f -> 7971		demand -> 7771 difference -> -200
d -> 2629		demand -> 2829 difference -> 200
outros -> 12		demand -> 12 difference -> 0

Demand allocated correctly in this time: 2008

Executing Demand component
Executing Potential component
Executing Allocation component

Time: 2009
-------------------------------------------------------------------------------
Cell Area 1
Num of cells 10612
Max diff area 200
Initial area for land use : f -> 7971
Initial area for land use : d -> 2629
Initial area for land use : outros -> 12
-------------------------------------------------------------------------------

Ordenamento: 100%



Year: 2009 Iteration -> 0
f -> 7980		demand -> 7767 difference -> -213
d -> 2620		demand -> 2833 difference -> 213
outros -> 12		demand -> 12 difference -> 0

Year: 2009 Iteration -> 1
f -> 7980		demand -> 7767 difference -> -213
d -> 2620		demand -> 2833 difference -> 213
outros -> 12		demand -> 12 difference -> 0

Year: 2009 Iteration -> 2
f -> 7980		demand -> 7767 difference -> -213
d -> 2620		demand -> 2833 difference -> 213
outros -> 12		demand -> 12 difference -> 0

Year: 2009 Iteration -> 3
f -> 7980		demand -> 7767 difference -> -213
d -> 2620		demand -> 2833 difference -> 213
outros -> 12		demand -> 12 difference -> 0

Year: 2009 Iteration -> 4
f -> 7980		demand -> 7767 difference -> -213
d -> 2620		demand -> 2833 difference -> 213
outros -> 12		demand -> 12 difference -> 0

Year: 2009 Iteration -> 5
f -> 7980		demand -> 7767 difference -> -213
d -> 2620		demand -> 2833 difference -> 213
outros -> 12		demand -> 12 difference -> 0

Year: 2009 Iteration -> 6
f -> 7979		demand -> 7767 difference -> -212
d -> 2621		demand -> 2833 difference -> 212
outros -> 12		demand -> 12 difference -> 0

Year: 2009 Iteration -> 7
f -> 7978		demand -> 7767 difference -> -211
d -> 2622		demand -> 2833 difference -> 211
outros -> 12		demand -> 12 difference -> 0

Year: 2009 Iteration -> 8
f -> 7978		demand -> 7767 difference -> -211
d -> 2622		demand -> 2833 difference -> 211
outros -> 12		demand -> 12 difference -> 0

Year: 2009 Iteration -> 9
f -> 7977		demand -> 7767 difference -> -210
d -> 2623		demand -> 2833 difference -> 210
outros -> 12		demand -> 12 difference -> 0

Year: 2009 Iteration -> 10
f -> 7977		demand -> 7767 difference -> -210
d -> 2623		demand -> 2833 difference -> 210
outros -> 12		demand -> 12 difference -> 0

Year: 2009 Iteration -> 11
f -> 7977		demand -> 7767 difference -> -210
d -> 2623		demand -> 2833 difference -> 210
outros -> 12		demand -> 12 difference -> 0

Year: 2009 Iteration -> 12
f -> 7975		demand -> 7767 difference -> -208
d -> 2625		demand -> 2833 difference -> 208
outros -> 12		demand -> 12 difference -> 0

Year: 2009 Iteration -> 13
f -> 7975		demand -> 7767 difference -> -208
d -> 2625		demand -> 2833 difference -> 208
outros -> 12		demand -> 12 difference -> 0

Year: 2009 Iteration -> 14
f -> 7974		demand -> 7767 difference -> -207
d -> 2626		demand -> 2833 difference -> 207
outros -> 12		demand -> 12 difference -> 0

Year: 2009 Iteration -> 15
f -> 7973		demand -> 7767 difference -> -206
d -> 2627		demand -> 2833 difference -> 206
outros -> 12		demand -> 12 difference -> 0

Year: 2009 Iteration -> 16
f -> 7973		demand -> 7767 difference -> -206
d -> 2627		demand -> 2833 difference -> 206
outros -> 12		demand -> 12 difference -> 0

Year: 2009 Iteration -> 17
f -> 7972		demand -> 7767 difference -> -205
d -> 2628		demand -> 2833 difference -> 205
outros -> 12		demand -> 12 difference -> 0

Year: 2009 Iteration -> 18
f -> 7972		demand -> 7767 difference -> -205
d -> 2628		demand -> 2833 difference -> 205
outros -> 12		demand -> 12 difference -> 0

Year: 2009 Iteration -> 19
f -> 7971		demand -> 7767 difference -> -204
d -> 2629		demand -> 2833 difference -> 204
outros -> 12		demand -> 12 difference -> 0

Year: 2009 Iteration -> 20
f -> 7970		demand -> 7767 difference -> -203
d -> 2630		demand -> 2833 difference -> 203
outros -> 12		demand -> 12 difference -> 0

Year: 2009 Iteration -> 21
f -> 7969		demand -> 7767 difference -> -202
d -> 2631		demand -> 2833 difference -> 202
outros -> 12		demand -> 12 difference -> 0

Year: 2009 Iteration -> 22
f -> 7969		demand -> 7767 difference -> -202
d -> 2631		demand -> 2833 difference -> 202
outros -> 12		demand -> 12 difference -> 0

Year: 2009 Iteration -> 23
f -> 7969		demand -> 7767 difference -> -202
d -> 2631		demand -> 2833 difference -> 202
outros -> 12		demand -> 12 difference -> 0

Year: 2009 Iteration -> 24
f -> 7969		demand -> 7767 difference -> -202
d -> 2631		demand -> 2833 difference -> 202
outros -> 12		demand -> 12 difference -> 0

Year: 2009 Iteration -> 25
f -> 7969		demand -> 7767 difference -> -202
d -> 2631		demand -> 2833 difference -> 202
outros -> 12		demand -> 12 difference -> 0

Year: 2009 Iteration -> 26
f -> 7969		demand -> 7767 difference -> -202
d -> 2631		demand -> 2833 difference -> 202
outros -> 12		demand -> 12 difference -> 0

Year: 2009 Iteration -> 27
f -> 7969		demand -> 7767 difference -> -202
d -> 2631		demand -> 2833 difference -> 202
outros -> 12		demand -> 12 difference -> 0

Year: 2009 Iteration -> 28
f -> 7969		demand -> 7767 difference -> -202
d -> 2631		demand -> 2833 difference -> 202
outros -> 12		demand -> 12 difference -> 0

Year: 2009 Iteration -> 29
f -> 7969		demand -> 7767 difference -> -202
d -> 2631		demand -> 2833 difference -> 202
outros -> 12		demand -> 12 difference -> 0

Year: 2009 Iteration -> 30
f -> 7969		demand -> 7767 difference -> -202
d -> 2631		demand -> 2833 difference -> 202
outros -> 12		demand -> 12 difference -> 0

Year: 2009 Iteration -> 31
f -> 7967		demand -> 7767 difference -> -200
d -> 2633		demand -> 2833 difference -> 200
outros -> 12		demand -> 12 difference -> 0

Demand allocated correctly in this time: 2009

Executing Demand component
Executing Potential component
Executing Allocation component

Time: 2010
-------------------------------------------------------------------------------
Cell Area 1
Num of cells 10612
Max diff area 200
Initial area for land use : f -> 7967
Initial area for land use : d -> 2633
Initial area for land use : outros -> 12
-------------------------------------------------------------------------------

Ordenamento: 100%



Year: 2010 Iteration -> 0
f -> 7976		demand -> 7763 difference -> -213
d -> 2624		demand -> 2837 difference -> 213
outros -> 12		demand -> 12 difference -> 0

Year: 2010 Iteration -> 1
f -> 7976		demand -> 7763 difference -> -213
d -> 2624		demand -> 2837 difference -> 213
outros -> 12		demand -> 12 difference -> 0

Year: 2010 Iteration -> 2
f -> 7976		demand -> 7763 difference -> -213
d -> 2624		demand -> 2837 difference -> 213
outros -> 12		demand -> 12 difference -> 0

Year: 2010 Iteration -> 3
f -> 7976		demand -> 7763 difference -> -213
d -> 2624		demand -> 2837 difference -> 213
outros -> 12		demand -> 12 difference -> 0

Year: 2010 Iteration -> 4
f -> 7976		demand -> 7763 difference -> -213
d -> 2624		demand -> 2837 difference -> 213
outros -> 12		demand -> 12 difference -> 0

Year: 2010 Iteration -> 5
f -> 7976		demand -> 7763 difference -> -213
d -> 2624		demand -> 2837 difference -> 213
outros -> 12		demand -> 12 difference -> 0

Year: 2010 Iteration -> 6
f -> 7975		demand -> 7763 difference -> -212
d -> 2625		demand -> 2837 difference -> 212
outros -> 12		demand -> 12 difference -> 0

Year: 2010 Iteration -> 7
f -> 7974		demand -> 7763 difference -> -211
d -> 2626		demand -> 2837 difference -> 211
outros -> 12		demand -> 12 difference -> 0

Year: 2010 Iteration -> 8
f -> 7974		demand -> 7763 difference -> -211
d -> 2626		demand -> 2837 difference -> 211
outros -> 12		demand -> 12 difference -> 0

Year: 2010 Iteration -> 9
f -> 7973		demand -> 7763 difference -> -210
d -> 2627		demand -> 2837 difference -> 210
outros -> 12		demand -> 12 difference -> 0

Year: 2010 Iteration -> 10
f -> 7973		demand -> 7763 difference -> -210
d -> 2627		demand -> 2837 difference -> 210
outros -> 12		demand -> 12 difference -> 0

Year: 2010 Iteration -> 11
f -> 7973		demand -> 7763 difference -> -210
d -> 2627		demand -> 2837 difference -> 210
outros -> 12		demand -> 12 difference -> 0

Year: 2010 Iteration -> 12
f -> 7971		demand -> 7763 difference -> -208
d -> 2629		demand -> 2837 difference -> 208
outros -> 12		demand -> 12 difference -> 0

Year: 2010 Iteration -> 13
f -> 7971		demand -> 7763 difference -> -208
d -> 2629		demand -> 2837 difference -> 208
outros -> 12		demand -> 12 difference -> 0

Year: 2010 Iteration -> 14
f -> 7970		demand -> 7763 difference -> -207
d -> 2630		demand -> 2837 difference -> 207
outros -> 12		demand -> 12 difference -> 0

Year: 2010 Iteration -> 15
f -> 7969		demand -> 7763 difference -> -206
d -> 2631		demand -> 2837 difference -> 206
outros -> 12		demand -> 12 difference -> 0

Year: 2010 Iteration -> 16
f -> 7969		demand -> 7763 difference -> -206
d -> 2631		demand -> 2837 difference -> 206
outros -> 12		demand -> 12 difference -> 0

Year: 2010 Iteration -> 17
f -> 7968		demand -> 7763 difference -> -205
d -> 2632		demand -> 2837 difference -> 205
outros -> 12		demand -> 12 difference -> 0

Year: 2010 Iteration -> 18
f -> 7968		demand -> 7763 difference -> -205
d -> 2632		demand -> 2837 difference -> 205
outros -> 12		demand -> 12 difference -> 0

Year: 2010 Iteration -> 19
f -> 7967		demand -> 7763 difference -> -204
d -> 2633		demand -> 2837 difference -> 204
outros -> 12		demand -> 12 difference -> 0

Year: 2010 Iteration -> 20
f -> 7967		demand -> 7763 difference -> -204
d -> 2633		demand -> 2837 difference -> 204
outros -> 12		demand -> 12 difference -> 0

Year: 2010 Iteration -> 21
f -> 7967		demand -> 7763 difference -> -204
d -> 2633		demand -> 2837 difference -> 204
outros -> 12		demand -> 12 difference -> 0

Year: 2010 Iteration -> 22
f -> 7967		demand -> 7763 difference -> -204
d -> 2633		demand -> 2837 difference -> 204
outros -> 12		demand -> 12 difference -> 0

Year: 2010 Iteration -> 23
f -> 7967		demand -> 7763 difference -> -204
d -> 2633		demand -> 2837 difference -> 204
outros -> 12		demand -> 12 difference -> 0

Year: 2010 Iteration -> 24
f -> 7967		demand -> 7763 difference -> -204
d -> 2633		demand -> 2837 difference -> 204
outros -> 12		demand -> 12 difference -> 0

Year: 2010 Iteration -> 25
f -> 7967		demand -> 7763 difference -> -204
d -> 2633		demand -> 2837 difference -> 204
outros -> 12		demand -> 12 difference -> 0

Year: 2010 Iteration -> 26
f -> 7967		demand -> 7763 difference -> -204
d -> 2633		demand -> 2837 difference -> 204
outros -> 12		demand -> 12 difference -> 0

Year: 2010 Iteration -> 27
f -> 7967		demand -> 7763 difference -> -204
d -> 2633		demand -> 2837 difference -> 204
outros -> 12		demand -> 12 difference -> 0

Year: 2010 Iteration -> 28
f -> 7967		demand -> 7763 difference -> -204
d -> 2633		demand -> 2837 difference -> 204
outros -> 12		demand -> 12 difference -> 0

Year: 2010 Iteration -> 29
f -> 7967		demand -> 7763 difference -> -204
d -> 2633		demand -> 2837 difference -> 204
outros -> 12		demand -> 12 difference -> 0

Year: 2010 Iteration -> 30
f -> 7967		demand -> 7763 difference -> -204
d -> 2633		demand -> 2837 difference -> 204
outros -> 12		demand -> 12 difference -> 0

Year: 2010 Iteration -> 31
f -> 7967		demand -> 7763 difference -> -204
d -> 2633		demand -> 2837 difference -> 204
outros -> 12		demand -> 12 difference -> 0

Year: 2010 Iteration -> 32
f -> 7967		demand -> 7763 difference -> -204
d -> 2633		demand -> 2837 difference -> 204
outros -> 12		demand -> 12 difference -> 0

Year: 2010 Iteration -> 33
f -> 7967		demand -> 7763 difference -> -204
d -> 2633		demand -> 2837 difference -> 204
outros -> 12		demand -> 12 difference -> 0

Year: 2010 Iteration -> 34
f -> 7967		demand -> 7763 difference -> -204
d -> 2633		demand -> 2837 difference -> 204
outros -> 12		demand -> 12 difference -> 0

Year: 2010 Iteration -> 35
f -> 7966		demand -> 7763 difference -> -203
d -> 2634		demand -> 2837 difference -> 203
outros -> 12		demand -> 12 difference -> 0

Year: 2010 Iteration -> 36
f -> 7965		demand -> 7763 difference -> -202
d -> 2635		demand -> 2837 difference -> 202
outros -> 12		demand -> 12 difference -> 0

Year: 2010 Iteration -> 37
f -> 7965		demand -> 7763 difference -> -202
d -> 2635		demand -> 2837 difference -> 202
outros -> 12		demand -> 12 difference -> 0

Year: 2010 Iteration -> 38
f -> 7965		demand -> 7763 difference -> -202
d -> 2635		demand -> 2837 difference -> 202
outros -> 12		demand -> 12 difference -> 0

Year: 2010 Iteration -> 39
f -> 7964		demand -> 7763 difference -> -201
d -> 2636		demand -> 2837 difference -> 201
outros -> 12		demand -> 12 difference -> 0

Year: 2010 Iteration -> 40
f -> 7964		demand -> 7763 difference -> -201
d -> 2636		demand -> 2837 difference -> 201
outros -> 12		demand -> 12 difference -> 0

Year: 2010 Iteration -> 41
f -> 7963		demand -> 7763 difference -> -200
d -> 2637		demand -> 2837 difference -> 200
outros -> 12		demand -> 12 difference -> 0

Demand allocated correctly in this time: 2010

Executing Demand component
Executing Potential component
Executing Allocation component

Time: 2011
-------------------------------------------------------------------------------
Cell Area 1
Num of cells 10612
Max diff area 200
Initial area for land use : f -> 7963
Initial area for land use : d -> 2637
Initial area for land use : outros -> 12
-------------------------------------------------------------------------------

Ordenamento: 100%



Year: 2011 Iteration -> 0
f -> 7972		demand -> 7759 difference -> -213
d -> 2628		demand -> 2841 difference -> 213
outros -> 12		demand -> 12 difference -> 0

Year: 2011 Iteration -> 1
f -> 7972		demand -> 7759 difference -> -213
d -> 2628		demand -> 2841 difference -> 213
outros -> 12		demand -> 12 difference -> 0

Year: 2011 Iteration -> 2
f -> 7972		demand -> 7759 difference -> -213
d -> 2628		demand -> 2841 difference -> 213
outros -> 12		demand -> 12 difference -> 0

Year: 2011 Iteration -> 3
f -> 7972		demand -> 7759 difference -> -213
d -> 2628		demand -> 2841 difference -> 213
outros -> 12		demand -> 12 difference -> 0

Year: 2011 Iteration -> 4
f -> 7972		demand -> 7759 difference -> -213
d -> 2628		demand -> 2841 difference -> 213
outros -> 12		demand -> 12 difference -> 0

Year: 2011 Iteration -> 5
f -> 7972		demand -> 7759 difference -> -213
d -> 2628		demand -> 2841 difference -> 213
outros -> 12		demand -> 12 difference -> 0

Year: 2011 Iteration -> 6
f -> 7971		demand -> 7759 difference -> -212
d -> 2629		demand -> 2841 difference -> 212
outros -> 12		demand -> 12 difference -> 0

Year: 2011 Iteration -> 7
f -> 7970		demand -> 7759 difference -> -211
d -> 2630		demand -> 2841 difference -> 211
outros -> 12		demand -> 12 difference -> 0

Year: 2011 Iteration -> 8
f -> 7970		demand -> 7759 difference -> -211
d -> 2630		demand -> 2841 difference -> 211
outros -> 12		demand -> 12 difference -> 0

Year: 2011 Iteration -> 9
f -> 7969		demand -> 7759 difference -> -210
d -> 2631		demand -> 2841 difference -> 210
outros -> 12		demand -> 12 difference -> 0

Year: 2011 Iteration -> 10
f -> 7969		demand -> 7759 difference -> -210
d -> 2631		demand -> 2841 difference -> 210
outros -> 12		demand -> 12 difference -> 0

Year: 2011 Iteration -> 11
f -> 7969		demand -> 7759 difference -> -210
d -> 2631		demand -> 2841 difference -> 210
outros -> 12		demand -> 12 difference -> 0

Year: 2011 Iteration -> 12
f -> 7967		demand -> 7759 difference -> -208
d -> 2633		demand -> 2841 difference -> 208
outros -> 12		demand -> 12 difference -> 0

Year: 2011 Iteration -> 13
f -> 7967		demand -> 7759 difference -> -208
d -> 2633		demand -> 2841 difference -> 208
outros -> 12		demand -> 12 difference -> 0

Year: 2011 Iteration -> 14
f -> 7966		demand -> 7759 difference -> -207
d -> 2634		demand -> 2841 difference -> 207
outros -> 12		demand -> 12 difference -> 0

Year: 2011 Iteration -> 15
f -> 7965		demand -> 7759 difference -> -206
d -> 2635		demand -> 2841 difference -> 206
outros -> 12		demand -> 12 difference -> 0

Year: 2011 Iteration -> 16
f -> 7965		demand -> 7759 difference -> -206
d -> 2635		demand -> 2841 difference -> 206
outros -> 12		demand -> 12 difference -> 0

Year: 2011 Iteration -> 17
f -> 7964		demand -> 7759 difference -> -205
d -> 2636		demand -> 2841 difference -> 205
outros -> 12		demand -> 12 difference -> 0

Year: 2011 Iteration -> 18
f -> 7964		demand -> 7759 difference -> -205
d -> 2636		demand -> 2841 difference -> 205
outros -> 12		demand -> 12 difference -> 0

Year: 2011 Iteration -> 19
f -> 7963		demand -> 7759 difference -> -204
d -> 2637		demand -> 2841 difference -> 204
outros -> 12		demand -> 12 difference -> 0

Year: 2011 Iteration -> 20
f -> 7963		demand -> 7759 difference -> -204
d -> 2637		demand -> 2841 difference -> 204
outros -> 12		demand -> 12 difference -> 0

Year: 2011 Iteration -> 21
f -> 7963		demand -> 7759 difference -> -204
d -> 2637		demand -> 2841 difference -> 204
outros -> 12		demand -> 12 difference -> 0

Year: 2011 Iteration -> 22
f -> 7963		demand -> 7759 difference -> -204
d -> 2637		demand -> 2841 difference -> 204
outros -> 12		demand -> 12 difference -> 0

Year: 2011 Iteration -> 23
f -> 7963		demand -> 7759 difference -> -204
d -> 2637		demand -> 2841 difference -> 204
outros -> 12		demand -> 12 difference -> 0

Year: 2011 Iteration -> 24
f -> 7963		demand -> 7759 difference -> -204
d -> 2637		demand -> 2841 difference -> 204
outros -> 12		demand -> 12 difference -> 0

Year: 2011 Iteration -> 25
f -> 7963		demand -> 7759 difference -> -204
d -> 2637		demand -> 2841 difference -> 204
outros -> 12		demand -> 12 difference -> 0

Year: 2011 Iteration -> 26
f -> 7963		demand -> 7759 difference -> -204
d -> 2637		demand -> 2841 difference -> 204
outros -> 12		demand -> 12 difference -> 0

Year: 2011 Iteration -> 27
f -> 7963		demand -> 7759 difference -> -204
d -> 2637		demand -> 2841 difference -> 204
outros -> 12		demand -> 12 difference -> 0

Year: 2011 Iteration -> 28
f -> 7963		demand -> 7759 difference -> -204
d -> 2637		demand -> 2841 difference -> 204
outros -> 12		demand -> 12 difference -> 0

Year: 2011 Iteration -> 29
f -> 7963		demand -> 7759 difference -> -204
d -> 2637		demand -> 2841 difference -> 204
outros -> 12		demand -> 12 difference -> 0

Year: 2011 Iteration -> 30
f -> 7963		demand -> 7759 difference -> -204
d -> 2637		demand -> 2841 difference -> 204
outros -> 12		demand -> 12 difference -> 0

Year: 2011 Iteration -> 31
f -> 7963		demand -> 7759 difference -> -204
d -> 2637		demand -> 2841 difference -> 204
outros -> 12		demand -> 12 difference -> 0

Year: 2011 Iteration -> 32
f -> 7963		demand -> 7759 difference -> -204
d -> 2637		demand -> 2841 difference -> 204
outros -> 12		demand -> 12 difference -> 0

Year: 2011 Iteration -> 33
f -> 7963		demand -> 7759 difference -> -204
d -> 2637		demand -> 2841 difference -> 204
outros -> 12		demand -> 12 difference -> 0

Year: 2011 Iteration -> 34
f -> 7963		demand -> 7759 difference -> -204
d -> 2637		demand -> 2841 difference -> 204
outros -> 12		demand -> 12 difference -> 0

Year: 2011 Iteration -> 35
f -> 7963		demand -> 7759 difference -> -204
d -> 2637		demand -> 2841 difference -> 204
outros -> 12		demand -> 12 difference -> 0

Year: 2011 Iteration -> 36
f -> 7963		demand -> 7759 difference -> -204
d -> 2637		demand -> 2841 difference -> 204
outros -> 12		demand -> 12 difference -> 0

Year: 2011 Iteration -> 37
f -> 7963		demand -> 7759 difference -> -204
d -> 2637		demand -> 2841 difference -> 204
outros -> 12		demand -> 12 difference -> 0

Year: 2011 Iteration -> 38
f -> 7963		demand -> 7759 difference -> -204
d -> 2637		demand -> 2841 difference -> 204
outros -> 12		demand -> 12 difference -> 0

Year: 2011 Iteration -> 39
f -> 7963		demand -> 7759 difference -> -204
d -> 2637		demand -> 2841 difference -> 204
outros -> 12		demand -> 12 difference -> 0

Year: 2011 Iteration -> 40
f -> 7963		demand -> 7759 difference -> -204
d -> 2637		demand -> 2841 difference -> 204
outros -> 12		demand -> 12 difference -> 0

Year: 2011 Iteration -> 41
f -> 7963		demand -> 7759 difference -> -204
d -> 2637		demand -> 2841 difference -> 204
outros -> 12		demand -> 12 difference -> 0

Year: 2011 Iteration -> 42
f -> 7962		demand -> 7759 difference -> -203
d -> 2638		demand -> 2841 difference -> 203
outros -> 12		demand -> 12 difference -> 0

Year: 2011 Iteration -> 43
f -> 7962		demand -> 7759 difference -> -203
d -> 2638		demand -> 2841 difference -> 203
outros -> 12		demand -> 12 difference -> 0

Year: 2011 Iteration -> 44
f -> 7962		demand -> 7759 difference -> -203
d -> 2638		demand -> 2841 difference -> 203
outros -> 12		demand -> 12 difference -> 0

Year: 2011 Iteration -> 45
f -> 7962		demand -> 7759 difference -> -203
d -> 2638		demand -> 2841 difference -> 203
outros -> 12		demand -> 12 difference -> 0

Year: 2011 Iteration -> 46
f -> 7962		demand -> 7759 difference -> -203
d -> 2638		demand -> 2841 difference -> 203
outros -> 12		demand -> 12 difference -> 0

Year: 2011 Iteration -> 47
f -> 7961		demand -> 7759 difference -> -202
d -> 2639		demand -> 2841 difference -> 202
outros -> 12		demand -> 12 difference -> 0

Year: 2011 Iteration -> 48
f -> 7961		demand -> 7759 difference -> -202
d -> 2639		demand -> 2841 difference -> 202
outros -> 12		demand -> 12 difference -> 0

Year: 2011 Iteration -> 49
f -> 7961		demand -> 7759 difference -> -202
d -> 2639		demand -> 2841 difference -> 202
outros -> 12		demand -> 12 difference -> 0

Year: 2011 Iteration -> 50
f -> 7961		demand -> 7759 difference -> -202
d -> 2639		demand -> 2841 difference -> 202
outros -> 12		demand -> 12 difference -> 0

Year: 2011 Iteration -> 51
f -> 7961		demand -> 7759 difference -> -202
d -> 2639		demand -> 2841 difference -> 202
outros -> 12		demand -> 12 difference -> 0

Year: 2011 Iteration -> 52
f -> 7961		demand -> 7759 difference -> -202
d -> 2639		demand -> 2841 difference -> 202
outros -> 12		demand -> 12 difference -> 0

Year: 2011 Iteration -> 53
f -> 7961		demand -> 7759 difference -> -202
d -> 2639		demand -> 2841 difference -> 202
outros -> 12		demand -> 12 difference -> 0

Year: 2011 Iteration -> 54
f -> 7961		demand -> 7759 difference -> -202
d -> 2639		demand -> 2841 difference -> 202
outros -> 12		demand -> 12 difference -> 0

Year: 2011 Iteration -> 55
f -> 7961		demand -> 7759 difference -> -202
d -> 2639		demand -> 2841 difference -> 202
outros -> 12		demand -> 12 difference -> 0

Year: 2011 Iteration -> 56
f -> 7959		demand -> 7759 difference -> -200
d -> 2641		demand -> 2841 difference -> 200
outros -> 12		demand -> 12 difference -> 0

Demand allocated correctly in this time: 2011

Executing Demand component
Executing Potential component
Executing Allocation component

Time: 2012
-------------------------------------------------------------------------------
Cell Area 1
Num of cells 10612
Max diff area 200
Initial area for land use : f -> 7959
Initial area for land use : d -> 2641
Initial area for land use : outros -> 12
-------------------------------------------------------------------------------

Ordenamento: 100%



Year: 2012 Iteration -> 0
f -> 7968		demand -> 7755 difference -> -213
d -> 2632		demand -> 2845 difference -> 213
outros -> 12		demand -> 12 difference -> 0

Year: 2012 Iteration -> 1
f -> 7968		demand -> 7755 difference -> -213
d -> 2632		demand -> 2845 difference -> 213
outros -> 12		demand -> 12 difference -> 0

Year: 2012 Iteration -> 2
f -> 7968		demand -> 7755 difference -> -213
d -> 2632		demand -> 2845 difference -> 213
outros -> 12		demand -> 12 difference -> 0

Year: 2012 Iteration -> 3
f -> 7968		demand -> 7755 difference -> -213
d -> 2632		demand -> 2845 difference -> 213
outros -> 12		demand -> 12 difference -> 0

Year: 2012 Iteration -> 4
f -> 7968		demand -> 7755 difference -> -213
d -> 2632		demand -> 2845 difference -> 213
outros -> 12		demand -> 12 difference -> 0

Year: 2012 Iteration -> 5
f -> 7968		demand -> 7755 difference -> -213
d -> 2632		demand -> 2845 difference -> 213
outros -> 12		demand -> 12 difference -> 0

Year: 2012 Iteration -> 6
f -> 7967		demand -> 7755 difference -> -212
d -> 2633		demand -> 2845 difference -> 212
outros -> 12		demand -> 12 difference -> 0

Year: 2012 Iteration -> 7
f -> 7966		demand -> 7755 difference -> -211
d -> 2634		demand -> 2845 difference -> 211
outros -> 12		demand -> 12 difference -> 0

Year: 2012 Iteration -> 8
f -> 7966		demand -> 7755 difference -> -211
d -> 2634		demand -> 2845 difference -> 211
outros -> 12		demand -> 12 difference -> 0

Year: 2012 Iteration -> 9
f -> 7965		demand -> 7755 difference -> -210
d -> 2635		demand -> 2845 difference -> 210
outros -> 12		demand -> 12 difference -> 0

Year: 2012 Iteration -> 10
f -> 7965		demand -> 7755 difference -> -210
d -> 2635		demand -> 2845 difference -> 210
outros -> 12		demand -> 12 difference -> 0

Year: 2012 Iteration -> 11
f -> 7965		demand -> 7755 difference -> -210
d -> 2635		demand -> 2845 difference -> 210
outros -> 12		demand -> 12 difference -> 0

Year: 2012 Iteration -> 12
f -> 7963		demand -> 7755 difference -> -208
d -> 2637		demand -> 2845 difference -> 208
outros -> 12		demand -> 12 difference -> 0

Year: 2012 Iteration -> 13
f -> 7963		demand -> 7755 difference -> -208
d -> 2637		demand -> 2845 difference -> 208
outros -> 12		demand -> 12 difference -> 0

Year: 2012 Iteration -> 14
f -> 7962		demand -> 7755 difference -> -207
d -> 2638		demand -> 2845 difference -> 207
outros -> 12		demand -> 12 difference -> 0

Year: 2012 Iteration -> 15
f -> 7961		demand -> 7755 difference -> -206
d -> 2639		demand -> 2845 difference -> 206
outros -> 12		demand -> 12 difference -> 0

Year: 2012 Iteration -> 16
f -> 7961		demand -> 7755 difference -> -206
d -> 2639		demand -> 2845 difference -> 206
outros -> 12		demand -> 12 difference -> 0

Year: 2012 Iteration -> 17
f -> 7960		demand -> 7755 difference -> -205
d -> 2640		demand -> 2845 difference -> 205
outros -> 12		demand -> 12 difference -> 0

Year: 2012 Iteration -> 18
f -> 7960		demand -> 7755 difference -> -205
d -> 2640		demand -> 2845 difference -> 205
outros -> 12		demand -> 12 difference -> 0

Year: 2012 Iteration -> 19
f -> 7959		demand -> 7755 difference -> -204
d -> 2641		demand -> 2845 difference -> 204
outros -> 12		demand -> 12 difference -> 0

Year: 2012 Iteration -> 20
f -> 7959		demand -> 7755 difference -> -204
d -> 2641		demand -> 2845 difference -> 204
outros -> 12		demand -> 12 difference -> 0

Year: 2012 Iteration -> 21
f -> 7959		demand -> 7755 difference -> -204
d -> 2641		demand -> 2845 difference -> 204
outros -> 12		demand -> 12 difference -> 0

Year: 2012 Iteration -> 22
f -> 7959		demand -> 7755 difference -> -204
d -> 2641		demand -> 2845 difference -> 204
outros -> 12		demand -> 12 difference -> 0

Year: 2012 Iteration -> 23
f -> 7959		demand -> 7755 difference -> -204
d -> 2641		demand -> 2845 difference -> 204
outros -> 12		demand -> 12 difference -> 0

Year: 2012 Iteration -> 24
f -> 7959		demand -> 7755 difference -> -204
d -> 2641		demand -> 2845 difference -> 204
outros -> 12		demand -> 12 difference -> 0

Year: 2012 Iteration -> 25
f -> 7959		demand -> 7755 difference -> -204
d -> 2641		demand -> 2845 difference -> 204
outros -> 12		demand -> 12 difference -> 0

Year: 2012 Iteration -> 26
f -> 7959		demand -> 7755 difference -> -204
d -> 2641		demand -> 2845 difference -> 204
outros -> 12		demand -> 12 difference -> 0

Year: 2012 Iteration -> 27
f -> 7959		demand -> 7755 difference -> -204
d -> 2641		demand -> 2845 difference -> 204
outros -> 12		demand -> 12 difference -> 0

Year: 2012 Iteration -> 28
f -> 7959		demand -> 7755 difference -> -204
d -> 2641		demand -> 2845 difference -> 204
outros -> 12		demand -> 12 difference -> 0

Year: 2012 Iteration -> 29
f -> 7959		demand -> 7755 difference -> -204
d -> 2641		demand -> 2845 difference -> 204
outros -> 12		demand -> 12 difference -> 0

Year: 2012 Iteration -> 30
f -> 7959		demand -> 7755 difference -> -204
d -> 2641		demand -> 2845 difference -> 204
outros -> 12		demand -> 12 difference -> 0

Year: 2012 Iteration -> 31
f -> 7959		demand -> 7755 difference -> -204
d -> 2641		demand -> 2845 difference -> 204
outros -> 12		demand -> 12 difference -> 0

Year: 2012 Iteration -> 32
f -> 7959		demand -> 7755 difference -> -204
d -> 2641		demand -> 2845 difference -> 204
outros -> 12		demand -> 12 difference -> 0

Year: 2012 Iteration -> 33
f -> 7959		demand -> 7755 difference -> -204
d -> 2641		demand -> 2845 difference -> 204
outros -> 12		demand -> 12 difference -> 0

Year: 2012 Iteration -> 34
f -> 7959		demand -> 7755 difference -> -204
d -> 2641		demand -> 2845 difference -> 204
outros -> 12		demand -> 12 difference -> 0

Year: 2012 Iteration -> 35
f -> 7959		demand -> 7755 difference -> -204
d -> 2641		demand -> 2845 difference -> 204
outros -> 12		demand -> 12 difference -> 0

Year: 2012 Iteration -> 36
f -> 7959		demand -> 7755 difference -> -204
d -> 2641		demand -> 2845 difference -> 204
outros -> 12		demand -> 12 difference -> 0

Year: 2012 Iteration -> 37
f -> 7959		demand -> 7755 difference -> -204
d -> 2641		demand -> 2845 difference -> 204
outros -> 12		demand -> 12 difference -> 0

Year: 2012 Iteration -> 38
f -> 7959		demand -> 7755 difference -> -204
d -> 2641		demand -> 2845 difference -> 204
outros -> 12		demand -> 12 difference -> 0

Year: 2012 Iteration -> 39
f -> 7959		demand -> 7755 difference -> -204
d -> 2641		demand -> 2845 difference -> 204
outros -> 12		demand -> 12 difference -> 0

Year: 2012 Iteration -> 40
f -> 7959		demand -> 7755 difference -> -204
d -> 2641		demand -> 2845 difference -> 204
outros -> 12		demand -> 12 difference -> 0

Year: 2012 Iteration -> 41
f -> 7959		demand -> 7755 difference -> -204
d -> 2641		demand -> 2845 difference -> 204
outros -> 12		demand -> 12 difference -> 0

Year: 2012 Iteration -> 42
f -> 7959		demand -> 7755 difference -> -204
d -> 2641		demand -> 2845 difference -> 204
outros -> 12		demand -> 12 difference -> 0

Year: 2012 Iteration -> 43
f -> 7959		demand -> 7755 difference -> -204
d -> 2641		demand -> 2845 difference -> 204
outros -> 12		demand -> 12 difference -> 0

Year: 2012 Iteration -> 44
f -> 7959		demand -> 7755 difference -> -204
d -> 2641		demand -> 2845 difference -> 204
outros -> 12		demand -> 12 difference -> 0

Year: 2012 Iteration -> 45
f -> 7959		demand -> 7755 difference -> -204
d -> 2641		demand -> 2845 difference -> 204
outros -> 12		demand -> 12 difference -> 0

Year: 2012 Iteration -> 46
f -> 7959		demand -> 7755 difference -> -204
d -> 2641		demand -> 2845 difference -> 204
outros -> 12		demand -> 12 difference -> 0

Year: 2012 Iteration -> 47
f -> 7959		demand -> 7755 difference -> -204
d -> 2641		demand -> 2845 difference -> 204
outros -> 12		demand -> 12 difference -> 0

Year: 2012 Iteration -> 48
f -> 7959		demand -> 7755 difference -> -204
d -> 2641		demand -> 2845 difference -> 204
outros -> 12		demand -> 12 difference -> 0

Year: 2012 Iteration -> 49
f -> 7959		demand -> 7755 difference -> -204
d -> 2641		demand -> 2845 difference -> 204
outros -> 12		demand -> 12 difference -> 0

Year: 2012 Iteration -> 50
f -> 7959		demand -> 7755 difference -> -204
d -> 2641		demand -> 2845 difference -> 204
outros -> 12		demand -> 12 difference -> 0

Year: 2012 Iteration -> 51
f -> 7959		demand -> 7755 difference -> -204
d -> 2641		demand -> 2845 difference -> 204
outros -> 12		demand -> 12 difference -> 0

Year: 2012 Iteration -> 52
f -> 7959		demand -> 7755 difference -> -204
d -> 2641		demand -> 2845 difference -> 204
outros -> 12		demand -> 12 difference -> 0

Year: 2012 Iteration -> 53
f -> 7959		demand -> 7755 difference -> -204
d -> 2641		demand -> 2845 difference -> 204
outros -> 12		demand -> 12 difference -> 0

Year: 2012 Iteration -> 54
f -> 7959		demand -> 7755 difference -> -204
d -> 2641		demand -> 2845 difference -> 204
outros -> 12		demand -> 12 difference -> 0

Year: 2012 Iteration -> 55
f -> 7959		demand -> 7755 difference -> -204
d -> 2641		demand -> 2845 difference -> 204
outros -> 12		demand -> 12 difference -> 0

Year: 2012 Iteration -> 56
f -> 7959		demand -> 7755 difference -> -204
d -> 2641		demand -> 2845 difference -> 204
outros -> 12		demand -> 12 difference -> 0

Year: 2012 Iteration -> 57
f -> 7957		demand -> 7755 difference -> -202
d -> 2643		demand -> 2845 difference -> 202
outros -> 12		demand -> 12 difference -> 0

Year: 2012 Iteration -> 58
f -> 7957		demand -> 7755 difference -> -202
d -> 2643		demand -> 2845 difference -> 202
outros -> 12		demand -> 12 difference -> 0

Year: 2012 Iteration -> 59
f -> 7957		demand -> 7755 difference -> -202
d -> 2643		demand -> 2845 difference -> 202
outros -> 12		demand -> 12 difference -> 0

Year: 2012 Iteration -> 60
f -> 7956		demand -> 7755 difference -> -201
d -> 2644		demand -> 2845 difference -> 201
outros -> 12		demand -> 12 difference -> 0

Year: 2012 Iteration -> 61
f -> 7955		demand -> 7755 difference -> -200
d -> 2645		demand -> 2845 difference -> 200
outros -> 12		demand -> 12 difference -> 0

Demand allocated correctly in this time: 2012

Executing Demand component
Executing Potential component
Executing Allocation component

Time: 2013
-------------------------------------------------------------------------------
Cell Area 1
Num of cells 10612
Max diff area 200
Initial area for land use : f -> 7955
Initial area for land use : d -> 2645
Initial area for land use : outros -> 12
-------------------------------------------------------------------------------

Ordenamento: 100%



Year: 2013 Iteration -> 0
f -> 7964		demand -> 7751 difference -> -213
d -> 2636		demand -> 2849 difference -> 213
outros -> 12		demand -> 12 difference -> 0

Year: 2013 Iteration -> 1
f -> 7964		demand -> 7751 difference -> -213
d -> 2636		demand -> 2849 difference -> 213
outros -> 12		demand -> 12 difference -> 0

Year: 2013 Iteration -> 2
f -> 7964		demand -> 7751 difference -> -213
d -> 2636		demand -> 2849 difference -> 213
outros -> 12		demand -> 12 difference -> 0

Year: 2013 Iteration -> 3
f -> 7964		demand -> 7751 difference -> -213
d -> 2636		demand -> 2849 difference -> 213
outros -> 12		demand -> 12 difference -> 0

Year: 2013 Iteration -> 4
f -> 7964		demand -> 7751 difference -> -213
d -> 2636		demand -> 2849 difference -> 213
outros -> 12		demand -> 12 difference -> 0

Year: 2013 Iteration -> 5
f -> 7964		demand -> 7751 difference -> -213
d -> 2636		demand -> 2849 difference -> 213
outros -> 12		demand -> 12 difference -> 0

Year: 2013 Iteration -> 6
f -> 7963		demand -> 7751 difference -> -212
d -> 2637		demand -> 2849 difference -> 212
outros -> 12		demand -> 12 difference -> 0

Year: 2013 Iteration -> 7
f -> 7962		demand -> 7751 difference -> -211
d -> 2638		demand -> 2849 difference -> 211
outros -> 12		demand -> 12 difference -> 0

Year: 2013 Iteration -> 8
f -> 7962		demand -> 7751 difference -> -211
d -> 2638		demand -> 2849 difference -> 211
outros -> 12		demand -> 12 difference -> 0

Year: 2013 Iteration -> 9
f -> 7961		demand -> 7751 difference -> -210
d -> 2639		demand -> 2849 difference -> 210
outros -> 12		demand -> 12 difference -> 0

Year: 2013 Iteration -> 10
f -> 7961		demand -> 7751 difference -> -210
d -> 2639		demand -> 2849 difference -> 210
outros -> 12		demand -> 12 difference -> 0

Year: 2013 Iteration -> 11
f -> 7961		demand -> 7751 difference -> -210
d -> 2639		demand -> 2849 difference -> 210
outros -> 12		demand -> 12 difference -> 0

Year: 2013 Iteration -> 12
f -> 7959		demand -> 7751 difference -> -208
d -> 2641		demand -> 2849 difference -> 208
outros -> 12		demand -> 12 difference -> 0

Year: 2013 Iteration -> 13
f -> 7959		demand -> 7751 difference -> -208
d -> 2641		demand -> 2849 difference -> 208
outros -> 12		demand -> 12 difference -> 0

Year: 2013 Iteration -> 14
f -> 7958		demand -> 7751 difference -> -207
d -> 2642		demand -> 2849 difference -> 207
outros -> 12		demand -> 12 difference -> 0

Year: 2013 Iteration -> 15
f -> 7957		demand -> 7751 difference -> -206
d -> 2643		demand -> 2849 difference -> 206
outros -> 12		demand -> 12 difference -> 0

Year: 2013 Iteration -> 16
f -> 7957		demand -> 7751 difference -> -206
d -> 2643		demand -> 2849 difference -> 206
outros -> 12		demand -> 12 difference -> 0

Year: 2013 Iteration -> 17
f -> 7956		demand -> 7751 difference -> -205
d -> 2644		demand -> 2849 difference -> 205
outros -> 12		demand -> 12 difference -> 0

Year: 2013 Iteration -> 18
f -> 7956		demand -> 7751 difference -> -205
d -> 2644		demand -> 2849 difference -> 205
outros -> 12		demand -> 12 difference -> 0

Year: 2013 Iteration -> 19
f -> 7955		demand -> 7751 difference -> -204
d -> 2645		demand -> 2849 difference -> 204
outros -> 12		demand -> 12 difference -> 0

Year: 2013 Iteration -> 20
f -> 7955		demand -> 7751 difference -> -204
d -> 2645		demand -> 2849 difference -> 204
outros -> 12		demand -> 12 difference -> 0

Year: 2013 Iteration -> 21
f -> 7955		demand -> 7751 difference -> -204
d -> 2645		demand -> 2849 difference -> 204
outros -> 12		demand -> 12 difference -> 0

Year: 2013 Iteration -> 22
f -> 7955		demand -> 7751 difference -> -204
d -> 2645		demand -> 2849 difference -> 204
outros -> 12		demand -> 12 difference -> 0

Year: 2013 Iteration -> 23
f -> 7955		demand -> 7751 difference -> -204
d -> 2645		demand -> 2849 difference -> 204
outros -> 12		demand -> 12 difference -> 0

Year: 2013 Iteration -> 24
f -> 7955		demand -> 7751 difference -> -204
d -> 2645		demand -> 2849 difference -> 204
outros -> 12		demand -> 12 difference -> 0

Year: 2013 Iteration -> 25
f -> 7955		demand -> 7751 difference -> -204
d -> 2645		demand -> 2849 difference -> 204
outros -> 12		demand -> 12 difference -> 0

Year: 2013 Iteration -> 26
f -> 7955		demand -> 7751 difference -> -204
d -> 2645		demand -> 2849 difference -> 204
outros -> 12		demand -> 12 difference -> 0

Year: 2013 Iteration -> 27
f -> 7955		demand -> 7751 difference -> -204
d -> 2645		demand -> 2849 difference -> 204
outros -> 12		demand -> 12 difference -> 0

Year: 2013 Iteration -> 28
f -> 7955		demand -> 7751 difference -> -204
d -> 2645		demand -> 2849 difference -> 204
outros -> 12		demand -> 12 difference -> 0

Year: 2013 Iteration -> 29
f -> 7955		demand -> 7751 difference -> -204
d -> 2645		demand -> 2849 difference -> 204
outros -> 12		demand -> 12 difference -> 0

Year: 2013 Iteration -> 30
f -> 7955		demand -> 7751 difference -> -204
d -> 2645		demand -> 2849 difference -> 204
outros -> 12		demand -> 12 difference -> 0

Year: 2013 Iteration -> 31
f -> 7955		demand -> 7751 difference -> -204
d -> 2645		demand -> 2849 difference -> 204
outros -> 12		demand -> 12 difference -> 0

Year: 2013 Iteration -> 32
f -> 7955		demand -> 7751 difference -> -204
d -> 2645		demand -> 2849 difference -> 204
outros -> 12		demand -> 12 difference -> 0

Year: 2013 Iteration -> 33
f -> 7955		demand -> 7751 difference -> -204
d -> 2645		demand -> 2849 difference -> 204
outros -> 12		demand -> 12 difference -> 0

Year: 2013 Iteration -> 34
f -> 7955		demand -> 7751 difference -> -204
d -> 2645		demand -> 2849 difference -> 204
outros -> 12		demand -> 12 difference -> 0

Year: 2013 Iteration -> 35
f -> 7955		demand -> 7751 difference -> -204
d -> 2645		demand -> 2849 difference -> 204
outros -> 12		demand -> 12 difference -> 0

Year: 2013 Iteration -> 36
f -> 7955		demand -> 7751 difference -> -204
d -> 2645		demand -> 2849 difference -> 204
outros -> 12		demand -> 12 difference -> 0

Year: 2013 Iteration -> 37
f -> 7955		demand -> 7751 difference -> -204
d -> 2645		demand -> 2849 difference -> 204
outros -> 12		demand -> 12 difference -> 0

Year: 2013 Iteration -> 38
f -> 7955		demand -> 7751 difference -> -204
d -> 2645		demand -> 2849 difference -> 204
outros -> 12		demand -> 12 difference -> 0

Year: 2013 Iteration -> 39
f -> 7955		demand -> 7751 difference -> -204
d -> 2645		demand -> 2849 difference -> 204
outros -> 12		demand -> 12 difference -> 0

Year: 2013 Iteration -> 40
f -> 7955		demand -> 7751 difference -> -204
d -> 2645		demand -> 2849 difference -> 204
outros -> 12		demand -> 12 difference -> 0

Year: 2013 Iteration -> 41
f -> 7955		demand -> 7751 difference -> -204
d -> 2645		demand -> 2849 difference -> 204
outros -> 12		demand -> 12 difference -> 0

Year: 2013 Iteration -> 42
f -> 7955		demand -> 7751 difference -> -204
d -> 2645		demand -> 2849 difference -> 204
outros -> 12		demand -> 12 difference -> 0

Year: 2013 Iteration -> 43
f -> 7955		demand -> 7751 difference -> -204
d -> 2645		demand -> 2849 difference -> 204
outros -> 12		demand -> 12 difference -> 0

Year: 2013 Iteration -> 44
f -> 7955		demand -> 7751 difference -> -204
d -> 2645		demand -> 2849 difference -> 204
outros -> 12		demand -> 12 difference -> 0

Year: 2013 Iteration -> 45
f -> 7955		demand -> 7751 difference -> -204
d -> 2645		demand -> 2849 difference -> 204
outros -> 12		demand -> 12 difference -> 0

Year: 2013 Iteration -> 46
f -> 7955		demand -> 7751 difference -> -204
d -> 2645		demand -> 2849 difference -> 204
outros -> 12		demand -> 12 difference -> 0

Year: 2013 Iteration -> 47
f -> 7955		demand -> 7751 difference -> -204
d -> 2645		demand -> 2849 difference -> 204
outros -> 12		demand -> 12 difference -> 0

Year: 2013 Iteration -> 48
f -> 7955		demand -> 7751 difference -> -204
d -> 2645		demand -> 2849 difference -> 204
outros -> 12		demand -> 12 difference -> 0

Year: 2013 Iteration -> 49
f -> 7955		demand -> 7751 difference -> -204
d -> 2645		demand -> 2849 difference -> 204
outros -> 12		demand -> 12 difference -> 0

Year: 2013 Iteration -> 50
f -> 7955		demand -> 7751 difference -> -204
d -> 2645		demand -> 2849 difference -> 204
outros -> 12		demand -> 12 difference -> 0

Year: 2013 Iteration -> 51
f -> 7955		demand -> 7751 difference -> -204
d -> 2645		demand -> 2849 difference -> 204
outros -> 12		demand -> 12 difference -> 0

Year: 2013 Iteration -> 52
f -> 7955		demand -> 7751 difference -> -204
d -> 2645		demand -> 2849 difference -> 204
outros -> 12		demand -> 12 difference -> 0

Year: 2013 Iteration -> 53
f -> 7955		demand -> 7751 difference -> -204
d -> 2645		demand -> 2849 difference -> 204
outros -> 12		demand -> 12 difference -> 0

Year: 2013 Iteration -> 54
f -> 7955		demand -> 7751 difference -> -204
d -> 2645		demand -> 2849 difference -> 204
outros -> 12		demand -> 12 difference -> 0

Year: 2013 Iteration -> 55
f -> 7955		demand -> 7751 difference -> -204
d -> 2645		demand -> 2849 difference -> 204
outros -> 12		demand -> 12 difference -> 0

Year: 2013 Iteration -> 56
f -> 7955		demand -> 7751 difference -> -204
d -> 2645		demand -> 2849 difference -> 204
outros -> 12		demand -> 12 difference -> 0

Year: 2013 Iteration -> 57
f -> 7955		demand -> 7751 difference -> -204
d -> 2645		demand -> 2849 difference -> 204
outros -> 12		demand -> 12 difference -> 0

Year: 2013 Iteration -> 58
f -> 7955		demand -> 7751 difference -> -204
d -> 2645		demand -> 2849 difference -> 204
outros -> 12		demand -> 12 difference -> 0

Year: 2013 Iteration -> 59
f -> 7955		demand -> 7751 difference -> -204
d -> 2645		demand -> 2849 difference -> 204
outros -> 12		demand -> 12 difference -> 0

Year: 2013 Iteration -> 60
f -> 7955		demand -> 7751 difference -> -204
d -> 2645		demand -> 2849 difference -> 204
outros -> 12		demand -> 12 difference -> 0

Year: 2013 Iteration -> 61
f -> 7955		demand -> 7751 difference -> -204
d -> 2645		demand -> 2849 difference -> 204
outros -> 12		demand -> 12 difference -> 0

Year: 2013 Iteration -> 62
f -> 7955		demand -> 7751 difference -> -204
d -> 2645		demand -> 2849 difference -> 204
outros -> 12		demand -> 12 difference -> 0

Year: 2013 Iteration -> 63
f -> 7955		demand -> 7751 difference -> -204
d -> 2645		demand -> 2849 difference -> 204
outros -> 12		demand -> 12 difference -> 0

Year: 2013 Iteration -> 64
f -> 7954		demand -> 7751 difference -> -203
d -> 2646		demand -> 2849 difference -> 203
outros -> 12		demand -> 12 difference -> 0

Year: 2013 Iteration -> 65
f -> 7954		demand -> 7751 difference -> -203
d -> 2646		demand -> 2849 difference -> 203
outros -> 12		demand -> 12 difference -> 0

Year: 2013 Iteration -> 66
f -> 7953		demand -> 7751 difference -> -202
d -> 2647		demand -> 2849 difference -> 202
outros -> 12		demand -> 12 difference -> 0

Year: 2013 Iteration -> 67
f -> 7953		demand -> 7751 difference -> -202
d -> 2647		demand -> 2849 difference -> 202
outros -> 12		demand -> 12 difference -> 0

Year: 2013 Iteration -> 68
f -> 7953		demand -> 7751 difference -> -202
d -> 2647		demand -> 2849 difference -> 202
outros -> 12		demand -> 12 difference -> 0

Year: 2013 Iteration -> 69
f -> 7953		demand -> 7751 difference -> -202
d -> 2647		demand -> 2849 difference -> 202
outros -> 12		demand -> 12 difference -> 0

Year: 2013 Iteration -> 70
f -> 7953		demand -> 7751 difference -> -202
d -> 2647		demand -> 2849 difference -> 202
outros -> 12		demand -> 12 difference -> 0

Year: 2013 Iteration -> 71
f -> 7953		demand -> 7751 difference -> -202
d -> 2647		demand -> 2849 difference -> 202
outros -> 12		demand -> 12 difference -> 0

Year: 2013 Iteration -> 72
f -> 7952		demand -> 7751 difference -> -201
d -> 2648		demand -> 2849 difference -> 201
outros -> 12		demand -> 12 difference -> 0

Year: 2013 Iteration -> 73
f -> 7951		demand -> 7751 difference -> -200
d -> 2649		demand -> 2849 difference -> 200
outros -> 12		demand -> 12 difference -> 0

Demand allocated correctly in this time: 2013

Executing Demand component
Executing Potential component
Executing Allocation component

Time: 2014
-------------------------------------------------------------------------------
Cell Area 1
Num of cells 10612
Max diff area 200
Initial area for land use : f -> 7951
Initial area for land use : d -> 2649
Initial area for land use : outros -> 12
-------------------------------------------------------------------------------

Ordenamento: 100%



Year: 2014 Iteration -> 0
f -> 7960		demand -> 7748 difference -> -212
d -> 2640		demand -> 2852 difference -> 212
outros -> 12		demand -> 12 difference -> 0

Year: 2014 Iteration -> 1
f -> 7960		demand -> 7748 difference -> -212
d -> 2640		demand -> 2852 difference -> 212
outros -> 12		demand -> 12 difference -> 0

Year: 2014 Iteration -> 2
f -> 7960		demand -> 7748 difference -> -212
d -> 2640		demand -> 2852 difference -> 212
outros -> 12		demand -> 12 difference -> 0

Year: 2014 Iteration -> 3
f -> 7960		demand -> 7748 difference -> -212
d -> 2640		demand -> 2852 difference -> 212
outros -> 12		demand -> 12 difference -> 0

Year: 2014 Iteration -> 4
f -> 7960		demand -> 7748 difference -> -212
d -> 2640		demand -> 2852 difference -> 212
outros -> 12		demand -> 12 difference -> 0

Year: 2014 Iteration -> 5
f -> 7960		demand -> 7748 difference -> -212
d -> 2640		demand -> 2852 difference -> 212
outros -> 12		demand -> 12 difference -> 0

Year: 2014 Iteration -> 6
f -> 7959		demand -> 7748 difference -> -211
d -> 2641		demand -> 2852 difference -> 211
outros -> 12		demand -> 12 difference -> 0

Year: 2014 Iteration -> 7
f -> 7958		demand -> 7748 difference -> -210
d -> 2642		demand -> 2852 difference -> 210
outros -> 12		demand -> 12 difference -> 0

Year: 2014 Iteration -> 8
f -> 7958		demand -> 7748 difference -> -210
d -> 2642		demand -> 2852 difference -> 210
outros -> 12		demand -> 12 difference -> 0

Year: 2014 Iteration -> 9
f -> 7957		demand -> 7748 difference -> -209
d -> 2643		demand -> 2852 difference -> 209
outros -> 12		demand -> 12 difference -> 0

Year: 2014 Iteration -> 10
f -> 7957		demand -> 7748 difference -> -209
d -> 2643		demand -> 2852 difference -> 209
outros -> 12		demand -> 12 difference -> 0

Year: 2014 Iteration -> 11
f -> 7957		demand -> 7748 difference -> -209
d -> 2643		demand -> 2852 difference -> 209
outros -> 12		demand -> 12 difference -> 0

Year: 2014 Iteration -> 12
f -> 7955		demand -> 7748 difference -> -207
d -> 2645		demand -> 2852 difference -> 207
outros -> 12		demand -> 12 difference -> 0

Year: 2014 Iteration -> 13
f -> 7955		demand -> 7748 difference -> -207
d -> 2645		demand -> 2852 difference -> 207
outros -> 12		demand -> 12 difference -> 0

Year: 2014 Iteration -> 14
f -> 7954		demand -> 7748 difference -> -206
d -> 2646		demand -> 2852 difference -> 206
outros -> 12		demand -> 12 difference -> 0

Year: 2014 Iteration -> 15
f -> 7953		demand -> 7748 difference -> -205
d -> 2647		demand -> 2852 difference -> 205
outros -> 12		demand -> 12 difference -> 0

Year: 2014 Iteration -> 16
f -> 7953		demand -> 7748 difference -> -205
d -> 2647		demand -> 2852 difference -> 205
outros -> 12		demand -> 12 difference -> 0

Year: 2014 Iteration -> 17
f -> 7952		demand -> 7748 difference -> -204
d -> 2648		demand -> 2852 difference -> 204
outros -> 12		demand -> 12 difference -> 0

Year: 2014 Iteration -> 18
f -> 7952		demand -> 7748 difference -> -204
d -> 2648		demand -> 2852 difference -> 204
outros -> 12		demand -> 12 difference -> 0

Year: 2014 Iteration -> 19
f -> 7951		demand -> 7748 difference -> -203
d -> 2649		demand -> 2852 difference -> 203
outros -> 12		demand -> 12 difference -> 0

Year: 2014 Iteration -> 20
f -> 7951		demand -> 7748 difference -> -203
d -> 2649		demand -> 2852 difference -> 203
outros -> 12		demand -> 12 difference -> 0

Year: 2014 Iteration -> 21
f -> 7951		demand -> 7748 difference -> -203
d -> 2649		demand -> 2852 difference -> 203
outros -> 12		demand -> 12 difference -> 0

Year: 2014 Iteration -> 22
f -> 7951		demand -> 7748 difference -> -203
d -> 2649		demand -> 2852 difference -> 203
outros -> 12		demand -> 12 difference -> 0

Year: 2014 Iteration -> 23
f -> 7951		demand -> 7748 difference -> -203
d -> 2649		demand -> 2852 difference -> 203
outros -> 12		demand -> 12 difference -> 0

Year: 2014 Iteration -> 24
f -> 7951		demand -> 7748 difference -> -203
d -> 2649		demand -> 2852 difference -> 203
outros -> 12		demand -> 12 difference -> 0

Year: 2014 Iteration -> 25
f -> 7951		demand -> 7748 difference -> -203
d -> 2649		demand -> 2852 difference -> 203
outros -> 12		demand -> 12 difference -> 0

Year: 2014 Iteration -> 26
f -> 7951		demand -> 7748 difference -> -203
d -> 2649		demand -> 2852 difference -> 203
outros -> 12		demand -> 12 difference -> 0

Year: 2014 Iteration -> 27
f -> 7951		demand -> 7748 difference -> -203
d -> 2649		demand -> 2852 difference -> 203
outros -> 12		demand -> 12 difference -> 0

Year: 2014 Iteration -> 28
f -> 7951		demand -> 7748 difference -> -203
d -> 2649		demand -> 2852 difference -> 203
outros -> 12		demand -> 12 difference -> 0

Year: 2014 Iteration -> 29
f -> 7951		demand -> 7748 difference -> -203
d -> 2649		demand -> 2852 difference -> 203
outros -> 12		demand -> 12 difference -> 0

Year: 2014 Iteration -> 30
f -> 7951		demand -> 7748 difference -> -203
d -> 2649		demand -> 2852 difference -> 203
outros -> 12		demand -> 12 difference -> 0

Year: 2014 Iteration -> 31
f -> 7951		demand -> 7748 difference -> -203
d -> 2649		demand -> 2852 difference -> 203
outros -> 12		demand -> 12 difference -> 0

Year: 2014 Iteration -> 32
f -> 7951		demand -> 7748 difference -> -203
d -> 2649		demand -> 2852 difference -> 203
outros -> 12		demand -> 12 difference -> 0

Year: 2014 Iteration -> 33
f -> 7951		demand -> 7748 difference -> -203
d -> 2649		demand -> 2852 difference -> 203
outros -> 12		demand -> 12 difference -> 0

Year: 2014 Iteration -> 34
f -> 7951		demand -> 7748 difference -> -203
d -> 2649		demand -> 2852 difference -> 203
outros -> 12		demand -> 12 difference -> 0

Year: 2014 Iteration -> 35
f -> 7951		demand -> 7748 difference -> -203
d -> 2649		demand -> 2852 difference -> 203
outros -> 12		demand -> 12 difference -> 0

Year: 2014 Iteration -> 36
f -> 7951		demand -> 7748 difference -> -203
d -> 2649		demand -> 2852 difference -> 203
outros -> 12		demand -> 12 difference -> 0

Year: 2014 Iteration -> 37
f -> 7951		demand -> 7748 difference -> -203
d -> 2649		demand -> 2852 difference -> 203
outros -> 12		demand -> 12 difference -> 0

Year: 2014 Iteration -> 38
f -> 7951		demand -> 7748 difference -> -203
d -> 2649		demand -> 2852 difference -> 203
outros -> 12		demand -> 12 difference -> 0

Year: 2014 Iteration -> 39
f -> 7951		demand -> 7748 difference -> -203
d -> 2649		demand -> 2852 difference -> 203
outros -> 12		demand -> 12 difference -> 0

Year: 2014 Iteration -> 40
f -> 7951		demand -> 7748 difference -> -203
d -> 2649		demand -> 2852 difference -> 203
outros -> 12		demand -> 12 difference -> 0

Year: 2014 Iteration -> 41
f -> 7951		demand -> 7748 difference -> -203
d -> 2649		demand -> 2852 difference -> 203
outros -> 12		demand -> 12 difference -> 0

Year: 2014 Iteration -> 42
f -> 7951		demand -> 7748 difference -> -203
d -> 2649		demand -> 2852 difference -> 203
outros -> 12		demand -> 12 difference -> 0

Year: 2014 Iteration -> 43
f -> 7951		demand -> 7748 difference -> -203
d -> 2649		demand -> 2852 difference -> 203
outros -> 12		demand -> 12 difference -> 0

Year: 2014 Iteration -> 44
f -> 7951		demand -> 7748 difference -> -203
d -> 2649		demand -> 2852 difference -> 203
outros -> 12		demand -> 12 difference -> 0

Year: 2014 Iteration -> 45
f -> 7951		demand -> 7748 difference -> -203
d -> 2649		demand -> 2852 difference -> 203
outros -> 12		demand -> 12 difference -> 0

Year: 2014 Iteration -> 46
f -> 7951		demand -> 7748 difference -> -203
d -> 2649		demand -> 2852 difference -> 203
outros -> 12		demand -> 12 difference -> 0

Year: 2014 Iteration -> 47
f -> 7951		demand -> 7748 difference -> -203
d -> 2649		demand -> 2852 difference -> 203
outros -> 12		demand -> 12 difference -> 0

Year: 2014 Iteration -> 48
f -> 7951		demand -> 7748 difference -> -203
d -> 2649		demand -> 2852 difference -> 203
outros -> 12		demand -> 12 difference -> 0

Year: 2014 Iteration -> 49
f -> 7951		demand -> 7748 difference -> -203
d -> 2649		demand -> 2852 difference -> 203
outros -> 12		demand -> 12 difference -> 0

Year: 2014 Iteration -> 50
f -> 7951		demand -> 7748 difference -> -203
d -> 2649		demand -> 2852 difference -> 203
outros -> 12		demand -> 12 difference -> 0

Year: 2014 Iteration -> 51
f -> 7951		demand -> 7748 difference -> -203
d -> 2649		demand -> 2852 difference -> 203
outros -> 12		demand -> 12 difference -> 0

Year: 2014 Iteration -> 52
f -> 7951		demand -> 7748 difference -> -203
d -> 2649		demand -> 2852 difference -> 203
outros -> 12		demand -> 12 difference -> 0

Year: 2014 Iteration -> 53
f -> 7951		demand -> 7748 difference -> -203
d -> 2649		demand -> 2852 difference -> 203
outros -> 12		demand -> 12 difference -> 0

Year: 2014 Iteration -> 54
f -> 7951		demand -> 7748 difference -> -203
d -> 2649		demand -> 2852 difference -> 203
outros -> 12		demand -> 12 difference -> 0

Year: 2014 Iteration -> 55
f -> 7951		demand -> 7748 difference -> -203
d -> 2649		demand -> 2852 difference -> 203
outros -> 12		demand -> 12 difference -> 0

Year: 2014 Iteration -> 56
f -> 7951		demand -> 7748 difference -> -203
d -> 2649		demand -> 2852 difference -> 203
outros -> 12		demand -> 12 difference -> 0

Year: 2014 Iteration -> 57
f -> 7951		demand -> 7748 difference -> -203
d -> 2649		demand -> 2852 difference -> 203
outros -> 12		demand -> 12 difference -> 0

Year: 2014 Iteration -> 58
f -> 7951		demand -> 7748 difference -> -203
d -> 2649		demand -> 2852 difference -> 203
outros -> 12		demand -> 12 difference -> 0

Year: 2014 Iteration -> 59
f -> 7951		demand -> 7748 difference -> -203
d -> 2649		demand -> 2852 difference -> 203
outros -> 12		demand -> 12 difference -> 0

Year: 2014 Iteration -> 60
f -> 7951		demand -> 7748 difference -> -203
d -> 2649		demand -> 2852 difference -> 203
outros -> 12		demand -> 12 difference -> 0

Year: 2014 Iteration -> 61
f -> 7951		demand -> 7748 difference -> -203
d -> 2649		demand -> 2852 difference -> 203
outros -> 12		demand -> 12 difference -> 0

Year: 2014 Iteration -> 62
f -> 7951		demand -> 7748 difference -> -203
d -> 2649		demand -> 2852 difference -> 203
outros -> 12		demand -> 12 difference -> 0

Year: 2014 Iteration -> 63
f -> 7951		demand -> 7748 difference -> -203
d -> 2649		demand -> 2852 difference -> 203
outros -> 12		demand -> 12 difference -> 0

Year: 2014 Iteration -> 64
f -> 7951		demand -> 7748 difference -> -203
d -> 2649		demand -> 2852 difference -> 203
outros -> 12		demand -> 12 difference -> 0

Year: 2014 Iteration -> 65
f -> 7951		demand -> 7748 difference -> -203
d -> 2649		demand -> 2852 difference -> 203
outros -> 12		demand -> 12 difference -> 0

Year: 2014 Iteration -> 66
f -> 7951		demand -> 7748 difference -> -203
d -> 2649		demand -> 2852 difference -> 203
outros -> 12		demand -> 12 difference -> 0

Year: 2014 Iteration -> 67
f -> 7951		demand -> 7748 difference -> -203
d -> 2649		demand -> 2852 difference -> 203
outros -> 12		demand -> 12 difference -> 0

Year: 2014 Iteration -> 68
f -> 7951		demand -> 7748 difference -> -203
d -> 2649		demand -> 2852 difference -> 203
outros -> 12		demand -> 12 difference -> 0

Year: 2014 Iteration -> 69
f -> 7951		demand -> 7748 difference -> -203
d -> 2649		demand -> 2852 difference -> 203
outros -> 12		demand -> 12 difference -> 0

Year: 2014 Iteration -> 70
f -> 7951		demand -> 7748 difference -> -203
d -> 2649		demand -> 2852 difference -> 203
outros -> 12		demand -> 12 difference -> 0

Year: 2014 Iteration -> 71
f -> 7951		demand -> 7748 difference -> -203
d -> 2649		demand -> 2852 difference -> 203
outros -> 12		demand -> 12 difference -> 0

Year: 2014 Iteration -> 72
f -> 7951		demand -> 7748 difference -> -203
d -> 2649		demand -> 2852 difference -> 203
outros -> 12		demand -> 12 difference -> 0

Year: 2014 Iteration -> 73
f -> 7951		demand -> 7748 difference -> -203
d -> 2649		demand -> 2852 difference -> 203
outros -> 12		demand -> 12 difference -> 0

Year: 2014 Iteration -> 74
f -> 7951		demand -> 7748 difference -> -203
d -> 2649		demand -> 2852 difference -> 203
outros -> 12		demand -> 12 difference -> 0

Year: 2014 Iteration -> 75
f -> 7951		demand -> 7748 difference -> -203
d -> 2649		demand -> 2852 difference -> 203
outros -> 12		demand -> 12 difference -> 0

Year: 2014 Iteration -> 76
f -> 7950		demand -> 7748 difference -> -202
d -> 2650		demand -> 2852 difference -> 202
outros -> 12		demand -> 12 difference -> 0

Year: 2014 Iteration -> 77
f -> 7950		demand -> 7748 difference -> -202
d -> 2650		demand -> 2852 difference -> 202
outros -> 12		demand -> 12 difference -> 0

Year: 2014 Iteration -> 78
f -> 7950		demand -> 7748 difference -> -202
d -> 2650		demand -> 2852 difference -> 202
outros -> 12		demand -> 12 difference -> 0

Year: 2014 Iteration -> 79
f -> 7947		demand -> 7748 difference -> -199
d -> 2653		demand -> 2852 difference -> 199
outros -> 12		demand -> 12 difference -> 0

Demand allocated correctly in this time: 2014

Saving Lab23_2014 into database.

Elapsed time: 31.25s


End of Simulation
