
Verifying Model parameters
Verifying Demand parameters

	Initial Demand	 Year

7771 2829 12 	2008

	Interpolation Middle Demand	 Year

7757 2843 12 	2011

	Interpolation Final Demand	 Year

7748 2852 12 	2014


	Annual Demand	 Year

7771 2829 12 	2008

7766 2834 12 	2009

7761 2839 12 	2010

7757 2843 12 	2011

7754 2846 12 	2012

7751 2849 12 	2013

7748 2852 12 	2014

7745 2855 12 	2015

7742 2858 12 	2016

7739 2861 12 	2017

7736 2864 12 	2018

7733 2867 12 	2019

7730 2870 12 	2020

7727 2873 12 	2021

7724 2876 12 	2022

7721 2879 12 	2023

7718 2882 12 	2024

7715 2885 12 	2025


Verifying Potential parameters
Verifying Allocation parameters

Executing Demand component
Executing Potential component
Executing Allocation component

Time: 2008
-------------------------------------------------------------------------------
Cell Area 1
Num of cells 10612
Max diff area 106
Initial area for land use : f -> 7771
Initial area for land use : d -> 2829
Initial area for land use : outros -> 12
-------------------------------------------------------------------------------

Year: 2008 Iteration -> 0
f -> 7717		demand -> 7771 difference -> 54
d -> 2883		demand -> 2829 difference -> -54
outros -> 12		demand -> 12 difference -> 0

Demand allocated correctly in this time: 2008

Updating dynamic variables...
csrb_2009
          	FID	0
          	ti	0
          	object_id0	C00L115
          	id	C00L115

Executing Demand component
Executing Potential component
Executing Allocation component

Time: 2009
-------------------------------------------------------------------------------
Cell Area 1
Num of cells 10612
Max diff area 106
Initial area for land use : f -> 7717
Initial area for land use : d -> 2883
Initial area for land use : outros -> 12
-------------------------------------------------------------------------------

Year: 2009 Iteration -> 0
f -> 7717		demand -> 7766 difference -> 49
d -> 2883		demand -> 2834 difference -> -49
outros -> 12		demand -> 12 difference -> 0

Demand allocated correctly in this time: 2009

Executing Demand component
Executing Potential component
Executing Allocation component

Time: 2010
-------------------------------------------------------------------------------
Cell Area 1
Num of cells 10612
Max diff area 106
Initial area for land use : f -> 7717
Initial area for land use : d -> 2883
Initial area for land use : outros -> 12
-------------------------------------------------------------------------------

Year: 2010 Iteration -> 0
f -> 7717		demand -> 7761 difference -> 44
d -> 2883		demand -> 2839 difference -> -44
outros -> 12		demand -> 12 difference -> 0

Demand allocated correctly in this time: 2010

Executing Demand component
Executing Potential component
Executing Allocation component

Time: 2011
-------------------------------------------------------------------------------
Cell Area 1
Num of cells 10612
Max diff area 106
Initial area for land use : f -> 7717
Initial area for land use : d -> 2883
Initial area for land use : outros -> 12
-------------------------------------------------------------------------------

Year: 2011 Iteration -> 0
f -> 7717		demand -> 7757 difference -> 40
d -> 2883		demand -> 2843 difference -> -40
outros -> 12		demand -> 12 difference -> 0

Demand allocated correctly in this time: 2011

Executing Demand component
Executing Potential component
Executing Allocation component

Time: 2012
-------------------------------------------------------------------------------
Cell Area 1
Num of cells 10612
Max diff area 106
Initial area for land use : f -> 7717
Initial area for land use : d -> 2883
Initial area for land use : outros -> 12
-------------------------------------------------------------------------------

Year: 2012 Iteration -> 0
f -> 7717		demand -> 7754 difference -> 37
d -> 2883		demand -> 2846 difference -> -37
outros -> 12		demand -> 12 difference -> 0

Demand allocated correctly in this time: 2012

Executing Demand component
Executing Potential component
Executing Allocation component

Time: 2013
-------------------------------------------------------------------------------
Cell Area 1
Num of cells 10612
Max diff area 106
Initial area for land use : f -> 7717
Initial area for land use : d -> 2883
Initial area for land use : outros -> 12
-------------------------------------------------------------------------------

Year: 2013 Iteration -> 0
f -> 7717		demand -> 7751 difference -> 34
d -> 2883		demand -> 2849 difference -> -34
outros -> 12		demand -> 12 difference -> 0

Demand allocated correctly in this time: 2013

Executing Demand component
Executing Potential component
Executing Allocation component

Time: 2014
-------------------------------------------------------------------------------
Cell Area 1
Num of cells 10612
Max diff area 106
Initial area for land use : f -> 7717
Initial area for land use : d -> 2883
Initial area for land use : outros -> 12
-------------------------------------------------------------------------------

Year: 2014 Iteration -> 0
f -> 7717		demand -> 7748 difference -> 31
d -> 2883		demand -> 2852 difference -> -31
outros -> 12		demand -> 12 difference -> 0

Demand allocated correctly in this time: 2014

Saving Lab20_2014 into database.

Executing Demand component
Executing Potential component
Executing Allocation component

Time: 2015
-------------------------------------------------------------------------------
Cell Area 1
Num of cells 10612
Max diff area 106
Initial area for land use : f -> 7717
Initial area for land use : d -> 2883
Initial area for land use : outros -> 12
-------------------------------------------------------------------------------

Year: 2015 Iteration -> 0
f -> 7717		demand -> 7745 difference -> 28
d -> 2883		demand -> 2855 difference -> -28
outros -> 12		demand -> 12 difference -> 0

Demand allocated correctly in this time: 2015

Executing Demand component
Executing Potential component
Executing Allocation component

Time: 2016
-------------------------------------------------------------------------------
Cell Area 1
Num of cells 10612
Max diff area 106
Initial area for land use : f -> 7717
Initial area for land use : d -> 2883
Initial area for land use : outros -> 12
-------------------------------------------------------------------------------

Year: 2016 Iteration -> 0
f -> 7717		demand -> 7742 difference -> 25
d -> 2883		demand -> 2858 difference -> -25
outros -> 12		demand -> 12 difference -> 0

Demand allocated correctly in this time: 2016

Executing Demand component
Executing Potential component
Executing Allocation component

Time: 2017
-------------------------------------------------------------------------------
Cell Area 1
Num of cells 10612
Max diff area 106
Initial area for land use : f -> 7717
Initial area for land use : d -> 2883
Initial area for land use : outros -> 12
-------------------------------------------------------------------------------

Year: 2017 Iteration -> 0
f -> 7717		demand -> 7739 difference -> 22
d -> 2883		demand -> 2861 difference -> -22
outros -> 12		demand -> 12 difference -> 0

Demand allocated correctly in this time: 2017

Executing Demand component
Executing Potential component
Executing Allocation component

Time: 2018
-------------------------------------------------------------------------------
Cell Area 1
Num of cells 10612
Max diff area 106
Initial area for land use : f -> 7717
Initial area for land use : d -> 2883
Initial area for land use : outros -> 12
-------------------------------------------------------------------------------

Year: 2018 Iteration -> 0
f -> 7717		demand -> 7736 difference -> 19
d -> 2883		demand -> 2864 difference -> -19
outros -> 12		demand -> 12 difference -> 0

Demand allocated correctly in this time: 2018

Executing Demand component
Executing Potential component
Executing Allocation component

Time: 2019
-------------------------------------------------------------------------------
Cell Area 1
Num of cells 10612
Max diff area 106
Initial area for land use : f -> 7717
Initial area for land use : d -> 2883
Initial area for land use : outros -> 12
-------------------------------------------------------------------------------

Year: 2019 Iteration -> 0
f -> 7717		demand -> 7733 difference -> 16
d -> 2883		demand -> 2867 difference -> -16
outros -> 12		demand -> 12 difference -> 0

Demand allocated correctly in this time: 2019

Executing Demand component
Executing Potential component
Executing Allocation component

Time: 2020
-------------------------------------------------------------------------------
Cell Area 1
Num of cells 10612
Max diff area 106
Initial area for land use : f -> 7717
Initial area for land use : d -> 2883
Initial area for land use : outros -> 12
-------------------------------------------------------------------------------

Year: 2020 Iteration -> 0
f -> 7717		demand -> 7730 difference -> 13
d -> 2883		demand -> 2870 difference -> -13
outros -> 12		demand -> 12 difference -> 0

Demand allocated correctly in this time: 2020

Executing Demand component
Executing Potential component
Executing Allocation component

Time: 2021
-------------------------------------------------------------------------------
Cell Area 1
Num of cells 10612
Max diff area 106
Initial area for land use : f -> 7717
Initial area for land use : d -> 2883
Initial area for land use : outros -> 12
-------------------------------------------------------------------------------

Year: 2021 Iteration -> 0
f -> 7717		demand -> 7727 difference -> 10
d -> 2883		demand -> 2873 difference -> -10
outros -> 12		demand -> 12 difference -> 0

Demand allocated correctly in this time: 2021

Executing Demand component
Executing Potential component
Executing Allocation component

Time: 2022
-------------------------------------------------------------------------------
Cell Area 1
Num of cells 10612
Max diff area 106
Initial area for land use : f -> 7717
Initial area for land use : d -> 2883
Initial area for land use : outros -> 12
-------------------------------------------------------------------------------

Year: 2022 Iteration -> 0
f -> 7717		demand -> 7724 difference -> 7
d -> 2883		demand -> 2876 difference -> -7
outros -> 12		demand -> 12 difference -> 0

Demand allocated correctly in this time: 2022

Executing Demand component
Executing Potential component
Executing Allocation component

Time: 2023
-------------------------------------------------------------------------------
Cell Area 1
Num of cells 10612
Max diff area 106
Initial area for land use : f -> 7717
Initial area for land use : d -> 2883
Initial area for land use : outros -> 12
-------------------------------------------------------------------------------

Year: 2023 Iteration -> 0
f -> 7717		demand -> 7721 difference -> 4
d -> 2883		demand -> 2879 difference -> -4
outros -> 12		demand -> 12 difference -> 0

Demand allocated correctly in this time: 2023

Executing Demand component
Executing Potential component
Executing Allocation component

Time: 2024
-------------------------------------------------------------------------------
Cell Area 1
Num of cells 10612
Max diff area 106
Initial area for land use : f -> 7717
Initial area for land use : d -> 2883
Initial area for land use : outros -> 12
-------------------------------------------------------------------------------

Year: 2024 Iteration -> 0
f -> 7717		demand -> 7718 difference -> 1
d -> 2883		demand -> 2882 difference -> -1
outros -> 12		demand -> 12 difference -> 0

Demand allocated correctly in this time: 2024

Executing Demand component
Executing Potential component
Executing Allocation component

Time: 2025
-------------------------------------------------------------------------------
Cell Area 1
Num of cells 10612
Max diff area 106
Initial area for land use : f -> 7717
Initial area for land use : d -> 2883
Initial area for land use : outros -> 12
-------------------------------------------------------------------------------

Year: 2025 Iteration -> 0
f -> 7717		demand -> 7715 difference -> -2
d -> 2883		demand -> 2885 difference -> 2
outros -> 12		demand -> 12 difference -> 0

Demand allocated correctly in this time: 2025

Saving Lab20_2025 into database.

Elapsed time: 15.95s


End of Simulation
