
Verifying Model parameters
Verifying Demand parameters

	Initial Demand	 Year

137878.16912795 19982.6288228 6489.20204925 	2008

	Interpolation Middle Demand	 Year

137110.3214327 20750.47651805 6489.20204925 	2011

	Interpolation Final Demand	 Year

136253.41302395 21607.3849268 6489.20204925 	2014


	Annual Demand	 Year

137878 19983 6489 	2008

137622 20239 6489 	2009

137366 20495 6489 	2010

137110 20750 6489 	2011

136824 21036 6489 	2012

136538 21322 6489 	2013

136253 21607 6489 	2014


Verifying Potential parameters
Verifying Allocation parameters

Executing Demand component
Executing Potential component
Executing Allocation component

Year: 2008	Step: 0
f Area: 137878	Difference: 0
d Area: 19982	Difference: -1
outros Area: 6489	Difference: 0

Demand allocated correctly in 2008.	Number of iterations: 0	Maximum error: 0.37117720000606

Executing Demand component
Executing Potential component
Executing Allocation component

Year: 2009	Step: 0
f Area: 137418	Difference: -204
d Area: 20334	Difference: 95
outros Area: 6489	Difference: 0

Demand allocated correctly in 2009.	Number of iterations: 0	Maximum error: 203.71744964985

Executing Demand component
Executing Potential component
Executing Allocation component

Year: 2010	Step: 0
f Area: 137063	Difference: -303
d Area: 20711	Difference: 216
outros Area: 6489	Difference: 0

Demand allocated correctly in 2010.	Number of iterations: 0	Maximum error: 302.47471130302

Executing Demand component
Executing Potential component
Executing Allocation component

Year: 2011	Step: 0
f Area: 136742	Difference: -368
d Area: 21083	Difference: 333
outros Area: 6489	Difference: 0

Demand allocated correctly in 2011.	Number of iterations: 0	Maximum error: 367.02981129262

Executing Demand component
Executing Potential component
Executing Allocation component

Year: 2012	Step: 0
f Area: 136419	Difference: -405
d Area: 21425	Difference: 389
outros Area: 6489	Difference: 0

Demand allocated correctly in 2012.	Number of iterations: 0	Maximum error: 404.52622645331

Executing Demand component
Executing Potential component
Executing Allocation component

Year: 2013	Step: 0
f Area: 136034	Difference: -504
d Area: 21729	Difference: 407
outros Area: 6489	Difference: 0

Demand allocated correctly in 2013.	Number of iterations: 0	Maximum error: 503.39093555132

Executing Demand component
Executing Potential component
Executing Allocation component

Year: 2014	Step: 0
f Area: 135818	Difference: -435
d Area: 22075	Difference: 468
outros Area: 6489	Difference: 0

Demand allocated correctly in 2014.	Number of iterations: 0	Maximum error: 468.12407278421

Saving Lab5_2014 into database.

Elapsed time: 7.24s


End of Simulation
