
Verifying Model parameters
Verifying Demand parameters
Verifying Potential parameters
Verifying Allocation parameters

Executing Demand component
Executing Potential component
Executing Allocation component

Year: 2008	Step: 0
f Area: 137878	Difference: -1
d Area: 19982	Difference: 0
outros Area: 6489	Difference: 0

Demand allocated correctly in 2008.	Number of iterations: 0	Maximum error: 3.4424650948495e-005

Executing Demand component
Executing Potential component
Executing Allocation component

Year: 2009	Step: 0
f Area: 137418	Difference: -204
d Area: 20308	Difference: 69
outros Area: 6489	Difference: 0

Demand allocated correctly in 2009.	Number of iterations: 0	Maximum error: 203.93731752649

Executing Demand component
Executing Potential component
Executing Allocation component

Year: 2010	Step: 0
f Area: 137098	Difference: -269
d Area: 20674	Difference: 179
outros Area: 6489	Difference: 0

Demand allocated correctly in 2010.	Number of iterations: 0	Maximum error: 268.05758536665

Executing Demand component
Executing Potential component
Executing Allocation component

Year: 2011	Step: 0
f Area: 136754	Difference: -356
d Area: 21010	Difference: 259
outros Area: 6489	Difference: 0

Demand allocated correctly in 2011.	Number of iterations: 0	Maximum error: 355.49782981945

Executing Demand component
Executing Potential component
Executing Allocation component

Year: 2012	Step: 0
f Area: 136467	Difference: -358
d Area: 21346	Difference: 310
outros Area: 6489	Difference: 0

Demand allocated correctly in 2012.	Number of iterations: 0	Maximum error: 357.09913766786

Executing Demand component
Executing Potential component
Executing Allocation component

Year: 2013	Step: 0
f Area: 136083	Difference: -456
d Area: 21629	Difference: 307
outros Area: 6489	Difference: 0

Demand allocated correctly in 2013.	Number of iterations: 0	Maximum error: 455.72166532127

Executing Demand component
Executing Potential component
Executing Allocation component

Year: 2014	Step: 0
f Area: 135879	Difference: -375
d Area: 21969	Difference: 362
outros Area: 6489	Difference: 0

Demand allocated correctly in 2014.	Number of iterations: 0	Maximum error: 374.36699174662

Saving Lab8_2014 into database.

Elapsed time: 7.13s


End of Simulation
