d:\workspace\project1\project1\release\vc140.pdb
d:\workspace\project1\project1\release\p_spatiallaglinearroads.obj
d:\workspace\project1\project1\release\p_discrete.obj
d:\workspace\project1\project1\release\p_continuous.obj
d:\workspace\project1\project1\release\potdiscreteform.obj
d:\workspace\project1\project1\release\potcontinuousform.obj
d:\workspace\project1\project1\release\novomodelo.obj
d:\workspace\project1\project1\release\mysqlform.obj
d:\workspace\project1\project1\release\myform.obj
d:\workspace\project1\project1\release\lutform.obj
d:\workspace\project1\project1\release\languageform.obj
d:\workspace\project1\project1\release\d_pcvinpeform.obj
d:\workspace\project1\project1\release\d_citwodm.obj
d:\workspace\project1\project1\release\d_cithreedm.obj
d:\workspace\project1\project1\release\a_continuous.obj
d:\workspace\project1\project1\release\a_allocationclueslike.obj
d:\workspace\project1\project1\release\a_allocationcluelike.obj
d:\workspace\project1\project1\release\a_abso.obj
d:\workspace\project1\project1\release\allocdiscreteform.obj
d:\workspace\project1\project1\release\alloccontinuousform.obj
d:\workspace\project1\project1\release\aboutform.obj
d:\workspace\project1\project1\release\stdafx.obj
d:\workspace\project1\project1\release\source.obj
d:\workspace\project1\project1\release\.netframework,version=v4.5.2.assemblyattributes.obj
d:\workspace\project1\project1\release\.netframework,version=v4.5.2.assemblyattributes.asm
d:\workspace\project1\release\luccme.exe
d:\workspace\project1\release\luccme.pdb
d:\workspace\project1\project1\release\luccme.aboutform.resources
d:\workspace\project1\project1\release\luccme.alloccontinuousform.resources
d:\workspace\project1\project1\release\luccme.allocdiscreteform.resources
d:\workspace\project1\project1\release\luccme.a_abso.resources
d:\workspace\project1\project1\release\luccme.a_continuous.resources
d:\workspace\project1\project1\release\luccme.a_allocationclueslike.resources
d:\workspace\project1\project1\release\luccme.d_cithreedm.resources
d:\workspace\project1\project1\release\luccme.d_citwodm.resources
d:\workspace\project1\project1\release\luccme.d_pcvinpeform.resources
d:\workspace\project1\project1\release\luccme.languageform.resources
d:\workspace\project1\project1\release\luccme.lutform.resources
d:\workspace\project1\project1\release\luccme.myform.resources
d:\workspace\project1\project1\release\luccme.mysqlform.resources
d:\workspace\project1\project1\release\luccme.novomodelo.resources
d:\workspace\project1\project1\release\luccme.potcontinuousform.resources
d:\workspace\project1\project1\release\luccme.potdiscreteform.resources
d:\workspace\project1\project1\release\luccme.p_continuous.resources
d:\workspace\project1\project1\release\luccme.p_discrete.resources
d:\workspace\project1\project1\release\luccme.p_spatiallaglinearroads.resources
d:\workspace\project1\project1\release\project1.vcxproj.generateresource.cache
d:\workspace\project1\project1\release\project1.vcxprojresolveassemblyreference.cache
d:\workspace\project1\project1\release\luccme.tlog\cl.command.1.tlog
d:\workspace\project1\project1\release\luccme.tlog\cl.read.1.tlog
d:\workspace\project1\project1\release\luccme.tlog\cl.write.1.tlog
d:\workspace\project1\project1\release\luccme.tlog\link.command.1.tlog
d:\workspace\project1\project1\release\luccme.tlog\link.read.1.tlog
d:\workspace\project1\project1\release\luccme.tlog\link.write.1.tlog
d:\workspace\project1\project1\release\luccme.tlog\luccme.write.1u.tlog
d:\workspace\project1\project1\release\luccme.tlog\metagen.read.1.tlog
d:\workspace\project1\project1\release\luccme.tlog\metagen.write.1.tlog
d:\workspace\project1\project1\release\luccme.tlog\tzres.dll.bi
