
Verifying Model parameters
Verifying Demand parameters
Verifying Potential parameters
Verifying Allocation parameters

Executing Demand component
Executing Potential component
Executing Allocation component

Year: 2008	Step: 0
f Area: 137878	Difference: -1
d Area: 19982	Difference: 0
outros Area: 6489	Difference: 0

Demand allocated correctly in 2008.	Number of iterations: 0	Maximum error: 3.4424650948495e-005

Executing Demand component
Executing Potential component
Executing Allocation component

Year: 2009	Step: 0
f Area: 136698	Difference: -924
d Area: 21041	Difference: 802
outros Area: 6489	Difference: 0

Demand allocated correctly in 2009.	Number of iterations: 0	Maximum error: 923.89736650168

Executing Demand component
Executing Potential component
Executing Allocation component

Year: 2010	Step: 0
f Area: 135777	Difference: -1589
d Area: 22027	Difference: 1533
outros Area: 6489	Difference: 0

Demand allocated correctly in 2010.	Number of iterations: 0	Maximum error: 1588.7868996141

Executing Demand component
Executing Potential component
Executing Allocation component

Year: 2011	Step: 0
f Area: 134849	Difference: -2261
d Area: 22891	Difference: 2140
outros Area: 6489	Difference: 0

Year: 2011	Step: 1
f Area: 134906	Difference: -2204
d Area: 22852	Difference: 2102
outros Area: 6489	Difference: 0

Year: 2011	Step: 2
f Area: 134963	Difference: -2148
d Area: 22815	Difference: 2064
outros Area: 6489	Difference: 0

Year: 2011	Step: 3
f Area: 135006	Difference: -2105
d Area: 22774	Difference: 2023
outros Area: 6489	Difference: 0

Year: 2011	Step: 4
f Area: 135032	Difference: -2078
d Area: 22733	Difference: 1983
outros Area: 6489	Difference: 0

Year: 2011	Step: 5
f Area: 135066	Difference: -2045
d Area: 22694	Difference: 1943
outros Area: 6489	Difference: 0

Year: 2011	Step: 6
f Area: 135099	Difference: -2011
d Area: 22656	Difference: 1906
outros Area: 6489	Difference: 0

Year: 2011	Step: 7
f Area: 135102	Difference: -2008
d Area: 22629	Difference: 1878
outros Area: 6489	Difference: 0

Year: 2011	Step: 8
f Area: 135135	Difference: -1975
d Area: 22598	Difference: 1847
outros Area: 6489	Difference: 0

Year: 2011	Step: 9
f Area: 135164	Difference: -1946
d Area: 22571	Difference: 1820
outros Area: 6489	Difference: 0

Year: 2011	Step: 10
f Area: 135187	Difference: -1923
d Area: 22545	Difference: 1795
outros Area: 6489	Difference: 0

Year: 2011	Step: 11
f Area: 135210	Difference: -1901
d Area: 22521	Difference: 1771
outros Area: 6489	Difference: 0

Year: 2011	Step: 12
f Area: 135229	Difference: -1881
d Area: 22498	Difference: 1747
outros Area: 6489	Difference: 0

Year: 2011	Step: 13
f Area: 135241	Difference: -1870
d Area: 22481	Difference: 1731
outros Area: 6489	Difference: 0

Year: 2011	Step: 14
f Area: 135261	Difference: -1849
d Area: 22460	Difference: 1710
outros Area: 6489	Difference: 0

Year: 2011	Step: 15
f Area: 135280	Difference: -1830
d Area: 22440	Difference: 1690
outros Area: 6489	Difference: 0

Year: 2011	Step: 16
f Area: 135283	Difference: -1827
d Area: 22430	Difference: 1680
outros Area: 6489	Difference: 0

Year: 2011	Step: 17
f Area: 135301	Difference: -1809
d Area: 22412	Difference: 1662
outros Area: 6489	Difference: 0

Year: 2011	Step: 18
f Area: 135272	Difference: -1839
d Area: 22415	Difference: 1665
outros Area: 6489	Difference: 0

Year: 2011	Step: 19
f Area: 135289	Difference: -1821
d Area: 22400	Difference: 1649
outros Area: 6489	Difference: 0

Year: 2011	Step: 20
f Area: 135245	Difference: -1865
d Area: 22388	Difference: 1637
outros Area: 6489	Difference: 0

Year: 2011	Step: 21
f Area: 135261	Difference: -1849
d Area: 22375	Difference: 1624
outros Area: 6489	Difference: 0

Year: 2011	Step: 22
f Area: 135278	Difference: -1832
d Area: 22363	Difference: 1612
outros Area: 6489	Difference: 0

Year: 2011	Step: 23
f Area: 135277	Difference: -1834
d Area: 22365	Difference: 1615
outros Area: 6489	Difference: 0

Year: 2011	Step: 24
f Area: 135291	Difference: -1819
d Area: 22353	Difference: 1603
outros Area: 6489	Difference: 0

Year: 2011	Step: 25
f Area: 135242	Difference: -1868
d Area: 22369	Difference: 1618
outros Area: 6489	Difference: 0

Year: 2011	Step: 26
f Area: 135251	Difference: -1859
d Area: 22358	Difference: 1607
outros Area: 6489	Difference: 0

Year: 2011	Step: 27
f Area: 135260	Difference: -1851
d Area: 22347	Difference: 1597
outros Area: 6489	Difference: 0

Year: 2011	Step: 28
f Area: 135268	Difference: -1842
d Area: 22337	Difference: 1586
outros Area: 6489	Difference: 0

Year: 2011	Step: 29
f Area: 135277	Difference: -1833
d Area: 22327	Difference: 1577
outros Area: 6489	Difference: 0

Year: 2011	Step: 30
f Area: 135289	Difference: -1821
d Area: 22349	Difference: 1599
outros Area: 6489	Difference: 0

Year: 2011	Step: 31
f Area: 135296	Difference: -1814
d Area: 22342	Difference: 1591
outros Area: 6489	Difference: 0

Year: 2011	Step: 32
f Area: 135303	Difference: -1808
d Area: 22333	Difference: 1583
outros Area: 6489	Difference: 0

Year: 2011	Step: 33
f Area: 135308	Difference: -1802
d Area: 22324	Difference: 1574
outros Area: 6489	Difference: 0

Year: 2011	Step: 34
f Area: 135313	Difference: -1798
d Area: 22316	Difference: 1565
outros Area: 6489	Difference: 0

Year: 2011	Step: 35
f Area: 135318	Difference: -1792
d Area: 22308	Difference: 1557
outros Area: 6489	Difference: 0

Year: 2011	Step: 36
f Area: 135337	Difference: -1773
d Area: 22324	Difference: 1573
outros Area: 6489	Difference: 0

Year: 2011	Step: 37
f Area: 135342	Difference: -1768
d Area: 22318	Difference: 1568
outros Area: 6489	Difference: 0

Year: 2011	Step: 38
f Area: 135348	Difference: -1763
d Area: 22313	Difference: 1563
outros Area: 6489	Difference: 0

Year: 2011	Step: 39
f Area: 135354	Difference: -1757
d Area: 22308	Difference: 1557
outros Area: 6489	Difference: 0

Year: 2011	Step: 40
f Area: 135359	Difference: -1751
d Area: 22303	Difference: 1552
outros Area: 6489	Difference: 0

Year: 2011	Step: 41
f Area: 135365	Difference: -1745
d Area: 22298	Difference: 1548
outros Area: 6489	Difference: 0

Year: 2011	Step: 42
f Area: 135369	Difference: -1741
d Area: 22292	Difference: 1542
outros Area: 6489	Difference: 0

Year: 2011	Step: 43
f Area: 135374	Difference: -1736
d Area: 22288	Difference: 1538
outros Area: 6489	Difference: 0

Year: 2011	Step: 44
f Area: 135379	Difference: -1731
d Area: 22284	Difference: 1534
outros Area: 6489	Difference: 0

Year: 2011	Step: 45
f Area: 135384	Difference: -1726
d Area: 22280	Difference: 1529
outros Area: 6489	Difference: 0

Year: 2011	Step: 46
f Area: 135389	Difference: -1721
d Area: 22276	Difference: 1525
outros Area: 6489	Difference: 0

Year: 2011	Step: 47
f Area: 135393	Difference: -1717
d Area: 22271	Difference: 1520
outros Area: 6489	Difference: 0

Year: 2011	Step: 48
f Area: 135397	Difference: -1713
d Area: 22266	Difference: 1516
outros Area: 6489	Difference: 0

Year: 2011	Step: 49
f Area: 135402	Difference: -1708
d Area: 22263	Difference: 1512
outros Area: 6489	Difference: 0

Year: 2011	Step: 50
f Area: 135407	Difference: -1703
d Area: 22259	Difference: 1509
outros Area: 6489	Difference: 0

Year: 2011	Step: 51
f Area: 135412	Difference: -1699
d Area: 22255	Difference: 1505
outros Area: 6489	Difference: 0

Year: 2011	Step: 52
f Area: 135416	Difference: -1694
d Area: 22252	Difference: 1502
outros Area: 6489	Difference: 0

Year: 2011	Step: 53
f Area: 135421	Difference: -1690
d Area: 22248	Difference: 1498
outros Area: 6489	Difference: 0

Year: 2011	Step: 54
f Area: 135425	Difference: -1685
d Area: 22245	Difference: 1494
outros Area: 6489	Difference: 0

Year: 2011	Step: 55
f Area: 135428	Difference: -1682
d Area: 22241	Difference: 1490
outros Area: 6489	Difference: 0

Year: 2011	Step: 56
f Area: 135432	Difference: -1679
d Area: 22236	Difference: 1486
outros Area: 6489	Difference: 0

Year: 2011	Step: 57
f Area: 135435	Difference: -1675
d Area: 22232	Difference: 1482
outros Area: 6489	Difference: 0

Year: 2011	Step: 58
f Area: 135438	Difference: -1672
d Area: 22228	Difference: 1478
outros Area: 6489	Difference: 0

Year: 2011	Step: 59
f Area: 135442	Difference: -1669
d Area: 22225	Difference: 1474
outros Area: 6489	Difference: 0

Year: 2011	Step: 60
f Area: 135445	Difference: -1666
d Area: 22221	Difference: 1470
outros Area: 6489	Difference: 0
Region 1
d

Year: 2011	Step: 61
f Area: 135452	Difference: -1658
d Area: 22216	Difference: 1465
outros Area: 6489	Difference: 0
Region 1
d

Year: 2011	Step: 62
f Area: 135456	Difference: -1654
d Area: 22212	Difference: 1462
outros Area: 6489	Difference: 0
Region 1
d

Year: 2011	Step: 63
f Area: 135460	Difference: -1651
d Area: 22209	Difference: 1459
outros Area: 6489	Difference: 0
Region 1
d

Year: 2011	Step: 64
f Area: 135463	Difference: -1648
d Area: 22206	Difference: 1456
outros Area: 6489	Difference: 0
Region 1
d

Year: 2011	Step: 65
f Area: 135465	Difference: -1645
d Area: 22203	Difference: 1452
outros Area: 6489	Difference: 0
Region 1
d

Year: 2011	Step: 66
f Area: 135467	Difference: -1643
d Area: 22199	Difference: 1449
outros Area: 6489	Difference: 0
Region 1
d

Demand allocated correctly in 2011.	Number of iterations: 66	Maximum error: 1642.6070599381

Executing Demand component
Executing Potential component
Executing Allocation component

Year: 2012	Step: 0
f Area: 134677	Difference: -2147
d Area: 23101	Difference: 2065
outros Area: 6489	Difference: 0

Year: 2012	Step: 1
f Area: 134733	Difference: -2092
d Area: 23057	Difference: 2021
outros Area: 6489	Difference: 0

Year: 2012	Step: 2
f Area: 134782	Difference: -2043
d Area: 23020	Difference: 1984
outros Area: 6489	Difference: 0

Year: 2012	Step: 3
f Area: 134824	Difference: -2001
d Area: 22982	Difference: 1946
outros Area: 6489	Difference: 0

Year: 2012	Step: 4
f Area: 134859	Difference: -1966
d Area: 22944	Difference: 1908
outros Area: 6489	Difference: 0

Year: 2012	Step: 5
f Area: 134889	Difference: -1936
d Area: 22908	Difference: 1872
outros Area: 6489	Difference: 0

Year: 2012	Step: 6
f Area: 134912	Difference: -1912
d Area: 22876	Difference: 1840
outros Area: 6489	Difference: 0

Year: 2012	Step: 7
f Area: 134938	Difference: -1886
d Area: 22843	Difference: 1807
outros Area: 6489	Difference: 0

Year: 2012	Step: 8
f Area: 134956	Difference: -1868
d Area: 22816	Difference: 1779
outros Area: 6489	Difference: 0

Year: 2012	Step: 9
f Area: 134976	Difference: -1849
d Area: 22791	Difference: 1755
outros Area: 6489	Difference: 0

Year: 2012	Step: 10
f Area: 134998	Difference: -1827
d Area: 22768	Difference: 1732
outros Area: 6489	Difference: 0

Year: 2012	Step: 11
f Area: 135013	Difference: -1811
d Area: 22745	Difference: 1708
outros Area: 6489	Difference: 0

Year: 2012	Step: 12
f Area: 135026	Difference: -1799
d Area: 22730	Difference: 1694
outros Area: 6489	Difference: 0

Year: 2012	Step: 13
f Area: 135010	Difference: -1815
d Area: 22712	Difference: 1676
outros Area: 6489	Difference: 0

Year: 2012	Step: 14
f Area: 135019	Difference: -1805
d Area: 22697	Difference: 1661
outros Area: 6489	Difference: 0

Year: 2012	Step: 15
f Area: 135025	Difference: -1800
d Area: 22685	Difference: 1649
outros Area: 6489	Difference: 0

Year: 2012	Step: 16
f Area: 135018	Difference: -1807
d Area: 22675	Difference: 1639
outros Area: 6489	Difference: 0

Year: 2012	Step: 17
f Area: 135015	Difference: -1810
d Area: 22662	Difference: 1626
outros Area: 6489	Difference: 0

Year: 2012	Step: 18
f Area: 135011	Difference: -1813
d Area: 22650	Difference: 1614
outros Area: 6489	Difference: 0

Year: 2012	Step: 19
f Area: 135017	Difference: -1808
d Area: 22639	Difference: 1603
outros Area: 6489	Difference: 0

Year: 2012	Step: 20
f Area: 135021	Difference: -1804
d Area: 22626	Difference: 1590
outros Area: 6489	Difference: 0

Year: 2012	Step: 21
f Area: 135024	Difference: -1800
d Area: 22627	Difference: 1591
outros Area: 6489	Difference: 0

Year: 2012	Step: 22
f Area: 135028	Difference: -1797
d Area: 22616	Difference: 1580
outros Area: 6489	Difference: 0

Year: 2012	Step: 23
f Area: 135031	Difference: -1794
d Area: 22605	Difference: 1569
outros Area: 6489	Difference: 0

Year: 2012	Step: 24
f Area: 135033	Difference: -1792
d Area: 22597	Difference: 1561
outros Area: 6489	Difference: 0

Year: 2012	Step: 25
f Area: 135036	Difference: -1788
d Area: 22589	Difference: 1553
outros Area: 6489	Difference: 0

Year: 2012	Step: 26
f Area: 135041	Difference: -1783
d Area: 22581	Difference: 1545
outros Area: 6489	Difference: 0

Year: 2012	Step: 27
f Area: 135045	Difference: -1780
d Area: 22572	Difference: 1536
outros Area: 6489	Difference: 0

Year: 2012	Step: 28
f Area: 135048	Difference: -1777
d Area: 22570	Difference: 1534
outros Area: 6489	Difference: 0

Year: 2012	Step: 29
f Area: 135054	Difference: -1771
d Area: 22564	Difference: 1528
outros Area: 6489	Difference: 0

Year: 2012	Step: 30
f Area: 135057	Difference: -1768
d Area: 22556	Difference: 1520
outros Area: 6489	Difference: 0

Year: 2012	Step: 31
f Area: 135061	Difference: -1763
d Area: 22550	Difference: 1514
outros Area: 6489	Difference: 0

Year: 2012	Step: 32
f Area: 135066	Difference: -1758
d Area: 22544	Difference: 1508
outros Area: 6489	Difference: 0

Year: 2012	Step: 33
f Area: 135073	Difference: -1752
d Area: 22540	Difference: 1503
outros Area: 6489	Difference: 0

Year: 2012	Step: 34
f Area: 135079	Difference: -1746
d Area: 22534	Difference: 1498
outros Area: 6489	Difference: 0

Year: 2012	Step: 35
f Area: 135086	Difference: -1739
d Area: 22532	Difference: 1496
outros Area: 6489	Difference: 0

Year: 2012	Step: 36
f Area: 135092	Difference: -1733
d Area: 22528	Difference: 1492
outros Area: 6489	Difference: 0

Year: 2012	Step: 37
f Area: 135097	Difference: -1728
d Area: 22523	Difference: 1487
outros Area: 6489	Difference: 0

Year: 2012	Step: 38
f Area: 135102	Difference: -1723
d Area: 22518	Difference: 1482
outros Area: 6489	Difference: 0

Year: 2012	Step: 39
f Area: 135106	Difference: -1719
d Area: 22513	Difference: 1477
outros Area: 6489	Difference: 0

Year: 2012	Step: 40
f Area: 135110	Difference: -1714
d Area: 22508	Difference: 1472
outros Area: 6489	Difference: 0

Year: 2012	Step: 41
f Area: 135115	Difference: -1709
d Area: 22504	Difference: 1468
outros Area: 6489	Difference: 0

Year: 2012	Step: 42
f Area: 135121	Difference: -1703
d Area: 22501	Difference: 1465
outros Area: 6489	Difference: 0

Year: 2012	Step: 43
f Area: 135126	Difference: -1698
d Area: 22497	Difference: 1461
outros Area: 6489	Difference: 0

Year: 2012	Step: 44
f Area: 135131	Difference: -1693
d Area: 22493	Difference: 1457
outros Area: 6489	Difference: 0

Year: 2012	Step: 45
f Area: 135136	Difference: -1689
d Area: 22489	Difference: 1453
outros Area: 6489	Difference: 0

Year: 2012	Step: 46
f Area: 135140	Difference: -1684
d Area: 22485	Difference: 1449
outros Area: 6489	Difference: 0

Year: 2012	Step: 47
f Area: 135145	Difference: -1680
d Area: 22481	Difference: 1445
outros Area: 6489	Difference: 0

Year: 2012	Step: 48
f Area: 135149	Difference: -1676
d Area: 22477	Difference: 1441
outros Area: 6489	Difference: 0

Year: 2012	Step: 49
f Area: 135153	Difference: -1672
d Area: 22473	Difference: 1437
outros Area: 6489	Difference: 0

Year: 2012	Step: 50
f Area: 135157	Difference: -1668
d Area: 22469	Difference: 1433
outros Area: 6489	Difference: 0

Year: 2012	Step: 51
f Area: 135161	Difference: -1664
d Area: 22466	Difference: 1430
outros Area: 6489	Difference: 0

Year: 2012	Step: 52
f Area: 135165	Difference: -1660
d Area: 22462	Difference: 1426
outros Area: 6489	Difference: 0

Year: 2012	Step: 53
f Area: 135169	Difference: -1656
d Area: 22459	Difference: 1422
outros Area: 6489	Difference: 0

Year: 2012	Step: 54
f Area: 135173	Difference: -1652
d Area: 22455	Difference: 1419
outros Area: 6489	Difference: 0

Year: 2012	Step: 55
f Area: 135176	Difference: -1648
d Area: 22451	Difference: 1415
outros Area: 6489	Difference: 0

Year: 2012	Step: 56
f Area: 135180	Difference: -1645
d Area: 22448	Difference: 1412
outros Area: 6489	Difference: 0

Year: 2012	Step: 57
f Area: 135184	Difference: -1641
d Area: 22445	Difference: 1409
outros Area: 6489	Difference: 0

Demand allocated correctly in 2012.	Number of iterations: 57	Maximum error: 1640.5183210895

Executing Demand component
Executing Potential component
Executing Allocation component

Year: 2013	Step: 0
f Area: 134452	Difference: -2087
d Area: 23331	Difference: 2009
outros Area: 6489	Difference: 0

Year: 2013	Step: 1
f Area: 134501	Difference: -2038
d Area: 23293	Difference: 1971
outros Area: 6489	Difference: 0

Year: 2013	Step: 2
f Area: 134549	Difference: -1990
d Area: 23255	Difference: 1933
outros Area: 6489	Difference: 0

Year: 2013	Step: 3
f Area: 134593	Difference: -1947
d Area: 23216	Difference: 1894
outros Area: 6489	Difference: 0

Year: 2013	Step: 4
f Area: 134628	Difference: -1911
d Area: 23181	Difference: 1859
outros Area: 6489	Difference: 0

Year: 2013	Step: 5
f Area: 134658	Difference: -1881
d Area: 23146	Difference: 1825
outros Area: 6489	Difference: 0

Year: 2013	Step: 6
f Area: 134683	Difference: -1856
d Area: 23116	Difference: 1795
outros Area: 6489	Difference: 0

Year: 2013	Step: 7
f Area: 134710	Difference: -1829
d Area: 23086	Difference: 1764
outros Area: 6489	Difference: 0

Year: 2013	Step: 8
f Area: 134735	Difference: -1804
d Area: 23057	Difference: 1735
outros Area: 6489	Difference: 0

Year: 2013	Step: 9
f Area: 134757	Difference: -1782
d Area: 23032	Difference: 1710
outros Area: 6489	Difference: 0

Year: 2013	Step: 10
f Area: 134792	Difference: -1747
d Area: 23003	Difference: 1681
outros Area: 6489	Difference: 0

Year: 2013	Step: 11
f Area: 134807	Difference: -1732
d Area: 22983	Difference: 1662
outros Area: 6489	Difference: 0

Year: 2013	Step: 12
f Area: 134818	Difference: -1721
d Area: 22966	Difference: 1644
outros Area: 6489	Difference: 0

Year: 2013	Step: 13
f Area: 134829	Difference: -1710
d Area: 22949	Difference: 1627
outros Area: 6489	Difference: 0

Year: 2013	Step: 14
f Area: 134833	Difference: -1706
d Area: 22938	Difference: 1616
outros Area: 6489	Difference: 0

Year: 2013	Step: 15
f Area: 134833	Difference: -1706
d Area: 22928	Difference: 1606
outros Area: 6489	Difference: 0

Year: 2013	Step: 16
f Area: 134829	Difference: -1710
d Area: 22914	Difference: 1593
outros Area: 6489	Difference: 0

Year: 2013	Step: 17
f Area: 134821	Difference: -1718
d Area: 22904	Difference: 1582
outros Area: 6489	Difference: 0

Year: 2013	Step: 18
f Area: 134819	Difference: -1720
d Area: 22896	Difference: 1574
outros Area: 6489	Difference: 0

Year: 2013	Step: 19
f Area: 134811	Difference: -1728
d Area: 22887	Difference: 1565
outros Area: 6489	Difference: 0

Year: 2013	Step: 20
f Area: 134837	Difference: -1702
d Area: 22878	Difference: 1556
outros Area: 6489	Difference: 0

Year: 2013	Step: 21
f Area: 134837	Difference: -1702
d Area: 22867	Difference: 1546
outros Area: 6489	Difference: 0

Year: 2013	Step: 22
f Area: 134835	Difference: -1704
d Area: 22862	Difference: 1540
outros Area: 6489	Difference: 0

Year: 2013	Step: 23
f Area: 134829	Difference: -1710
d Area: 22854	Difference: 1532
outros Area: 6489	Difference: 0

Year: 2013	Step: 24
f Area: 134817	Difference: -1722
d Area: 22843	Difference: 1522
outros Area: 6489	Difference: 0

Year: 2013	Step: 25
f Area: 134814	Difference: -1725
d Area: 22836	Difference: 1515
outros Area: 6489	Difference: 0

Year: 2013	Step: 26
f Area: 134815	Difference: -1724
d Area: 22828	Difference: 1506
outros Area: 6489	Difference: 0

Year: 2013	Step: 27
f Area: 134811	Difference: -1728
d Area: 22820	Difference: 1499
outros Area: 6489	Difference: 0

Year: 2013	Step: 28
f Area: 134808	Difference: -1731
d Area: 22813	Difference: 1491
outros Area: 6489	Difference: 0

Year: 2013	Step: 29
f Area: 134809	Difference: -1731
d Area: 22807	Difference: 1486
outros Area: 6489	Difference: 0

Year: 2013	Step: 30
f Area: 134811	Difference: -1728
d Area: 22802	Difference: 1481
outros Area: 6489	Difference: 0

Year: 2013	Step: 31
f Area: 134815	Difference: -1724
d Area: 22798	Difference: 1476
outros Area: 6489	Difference: 0

Year: 2013	Step: 32
f Area: 134816	Difference: -1723
d Area: 22792	Difference: 1471
outros Area: 6489	Difference: 0

Year: 2013	Step: 33
f Area: 134818	Difference: -1721
d Area: 22787	Difference: 1465
outros Area: 6489	Difference: 0

Year: 2013	Step: 34
f Area: 134821	Difference: -1718
d Area: 22782	Difference: 1460
outros Area: 6489	Difference: 0

Year: 2013	Step: 35
f Area: 134825	Difference: -1714
d Area: 22778	Difference: 1456
outros Area: 6489	Difference: 0

Year: 2013	Step: 36
f Area: 134831	Difference: -1708
d Area: 22770	Difference: 1448
outros Area: 6489	Difference: 0

Year: 2013	Step: 37
f Area: 134833	Difference: -1706
d Area: 22765	Difference: 1444
outros Area: 6489	Difference: 0

Year: 2013	Step: 38
f Area: 134835	Difference: -1704
d Area: 22760	Difference: 1439
outros Area: 6489	Difference: 0

Year: 2013	Step: 39
f Area: 134838	Difference: -1701
d Area: 22756	Difference: 1434
outros Area: 6489	Difference: 0

Year: 2013	Step: 40
f Area: 134841	Difference: -1698
d Area: 22751	Difference: 1429
outros Area: 6489	Difference: 0

Year: 2013	Step: 41
f Area: 134845	Difference: -1694
d Area: 22747	Difference: 1425
outros Area: 6489	Difference: 0

Year: 2013	Step: 42
f Area: 134849	Difference: -1690
d Area: 22744	Difference: 1422
outros Area: 6489	Difference: 0

Year: 2013	Step: 43
f Area: 134854	Difference: -1685
d Area: 22741	Difference: 1419
outros Area: 6489	Difference: 0

Year: 2013	Step: 44
f Area: 134856	Difference: -1683
d Area: 22738	Difference: 1416
outros Area: 6489	Difference: 0

Year: 2013	Step: 45
f Area: 134860	Difference: -1679
d Area: 22735	Difference: 1413
outros Area: 6489	Difference: 0

Year: 2013	Step: 46
f Area: 134863	Difference: -1676
d Area: 22731	Difference: 1409
outros Area: 6489	Difference: 0

Year: 2013	Step: 47
f Area: 134867	Difference: -1672
d Area: 22728	Difference: 1406
outros Area: 6489	Difference: 0

Year: 2013	Step: 48
f Area: 134871	Difference: -1668
d Area: 22724	Difference: 1402
outros Area: 6489	Difference: 0

Year: 2013	Step: 49
f Area: 134874	Difference: -1665
d Area: 22720	Difference: 1398
outros Area: 6489	Difference: 0

Year: 2013	Step: 50
f Area: 134877	Difference: -1662
d Area: 22717	Difference: 1395
outros Area: 6489	Difference: 0

Year: 2013	Step: 51
f Area: 134881	Difference: -1658
d Area: 22713	Difference: 1391
outros Area: 6489	Difference: 0

Year: 2013	Step: 52
f Area: 134884	Difference: -1655
d Area: 22710	Difference: 1388
outros Area: 6489	Difference: 0

Year: 2013	Step: 53
f Area: 134888	Difference: -1651
d Area: 22706	Difference: 1385
outros Area: 6489	Difference: 0

Year: 2013	Step: 54
f Area: 134892	Difference: -1647
d Area: 22703	Difference: 1381
outros Area: 6489	Difference: 0

Year: 2013	Step: 55
f Area: 134895	Difference: -1644
d Area: 22700	Difference: 1378
outros Area: 6489	Difference: 0

Year: 2013	Step: 56
f Area: 134899	Difference: -1640
d Area: 22697	Difference: 1375
outros Area: 6489	Difference: 0

Demand allocated correctly in 2013.	Number of iterations: 56	Maximum error: 1639.0610201155

Executing Demand component
Executing Potential component
Executing Allocation component

Year: 2014	Step: 0
f Area: 134203	Difference: -2050
d Area: 23568	Difference: 1960
outros Area: 6489	Difference: 0

Year: 2014	Step: 1
f Area: 134251	Difference: -2003
d Area: 23532	Difference: 1924
outros Area: 6489	Difference: 0

Year: 2014	Step: 2
f Area: 134294	Difference: -1959
d Area: 23493	Difference: 1886
outros Area: 6489	Difference: 0

Year: 2014	Step: 3
f Area: 134331	Difference: -1922
d Area: 23457	Difference: 1850
outros Area: 6489	Difference: 0

Year: 2014	Step: 4
f Area: 134373	Difference: -1880
d Area: 23419	Difference: 1811
outros Area: 6489	Difference: 0

Year: 2014	Step: 5
f Area: 134406	Difference: -1847
d Area: 23387	Difference: 1780
outros Area: 6489	Difference: 0

Year: 2014	Step: 6
f Area: 134434	Difference: -1819
d Area: 23360	Difference: 1753
outros Area: 6489	Difference: 0

Year: 2014	Step: 7
f Area: 134457	Difference: -1797
d Area: 23335	Difference: 1727
outros Area: 6489	Difference: 0

Year: 2014	Step: 8
f Area: 134486	Difference: -1767
d Area: 23306	Difference: 1699
outros Area: 6489	Difference: 0

Year: 2014	Step: 9
f Area: 134518	Difference: -1736
d Area: 23276	Difference: 1669
outros Area: 6489	Difference: 0

Year: 2014	Step: 10
f Area: 134534	Difference: -1719
d Area: 23257	Difference: 1650
outros Area: 6489	Difference: 0

Year: 2014	Step: 11
f Area: 134549	Difference: -1705
d Area: 23237	Difference: 1630
outros Area: 6489	Difference: 0

Year: 2014	Step: 12
f Area: 134563	Difference: -1691
d Area: 23217	Difference: 1610
outros Area: 6489	Difference: 0

Year: 2014	Step: 13
f Area: 134566	Difference: -1687
d Area: 23203	Difference: 1595
outros Area: 6489	Difference: 0

Year: 2014	Step: 14
f Area: 134570	Difference: -1683
d Area: 23191	Difference: 1584
outros Area: 6489	Difference: 0

Year: 2014	Step: 15
f Area: 134586	Difference: -1667
d Area: 23173	Difference: 1566
outros Area: 6489	Difference: 0

Year: 2014	Step: 16
f Area: 134589	Difference: -1664
d Area: 23165	Difference: 1558
outros Area: 6489	Difference: 0

Year: 2014	Step: 17
f Area: 134620	Difference: -1633
d Area: 23144	Difference: 1537
outros Area: 6489	Difference: 0

Demand allocated correctly in 2014.	Number of iterations: 17	Maximum error: 1632.9493791957

Saving Lab1_2014 into database.

Elapsed time: 15.97s


End of Simulation
