
Verifying Model parameters
Verifying Demand parameters

	Initial Demand	 Year

7771 2829 12 	2008

	Interpolation Middle Demand	 Year

7757 2843 12 	2011

	Interpolation Final Demand	 Year

7748 2852 12 	2014


	Annual Demand	 Year

7771 2829 12 	2008

7766 2834 12 	2009

7761 2839 12 	2010

7757 2843 12 	2011

7754 2846 12 	2012

7751 2849 12 	2013

7748 2852 12 	2014


Verifying Potential parameters
Verifying Allocation parameters

Executing Demand component
Executing Potential component
Executing Allocation component

Time: 2008
-------------------------------------------------------------------------------
Cell Area 1
Num of cells 10612
Max diff area 106
Initial area for land use : f -> 7771
Initial area for land use : d -> 2829
Initial area for land use : outros -> 12
-------------------------------------------------------------------------------

Year: 2008 Iteration -> 0
f -> 7717		demand -> 7771 difference -> 54
d -> 2883		demand -> 2829 difference -> -54
outros -> 12		demand -> 12 difference -> 0

Demand allocated correctly in this time: 2008

Executing Demand component
Executing Potential component
Executing Allocation component

Time: 2009
-------------------------------------------------------------------------------
Cell Area 1
Num of cells 10612
Max diff area 106
Initial area for land use : f -> 7717
Initial area for land use : d -> 2883
Initial area for land use : outros -> 12
-------------------------------------------------------------------------------

Year: 2009 Iteration -> 0
f -> 7717		demand -> 7766 difference -> 49
d -> 2883		demand -> 2834 difference -> -49
outros -> 12		demand -> 12 difference -> 0

Demand allocated correctly in this time: 2009

Executing Demand component
Executing Potential component
Executing Allocation component

Time: 2010
-------------------------------------------------------------------------------
Cell Area 1
Num of cells 10612
Max diff area 106
Initial area for land use : f -> 7717
Initial area for land use : d -> 2883
Initial area for land use : outros -> 12
-------------------------------------------------------------------------------

Year: 2010 Iteration -> 0
f -> 7717		demand -> 7761 difference -> 44
d -> 2883		demand -> 2839 difference -> -44
outros -> 12		demand -> 12 difference -> 0

Demand allocated correctly in this time: 2010

Executing Demand component
Executing Potential component
Executing Allocation component

Time: 2011
-------------------------------------------------------------------------------
Cell Area 1
Num of cells 10612
Max diff area 106
Initial area for land use : f -> 7717
Initial area for land use : d -> 2883
Initial area for land use : outros -> 12
-------------------------------------------------------------------------------

Year: 2011 Iteration -> 0
f -> 7717		demand -> 7757 difference -> 40
d -> 2883		demand -> 2843 difference -> -40
outros -> 12		demand -> 12 difference -> 0

Demand allocated correctly in this time: 2011

Executing Demand component
Executing Potential component
Executing Allocation component

Time: 2012
-------------------------------------------------------------------------------
Cell Area 1
Num of cells 10612
Max diff area 106
Initial area for land use : f -> 7717
Initial area for land use : d -> 2883
Initial area for land use : outros -> 12
-------------------------------------------------------------------------------

Year: 2012 Iteration -> 0
f -> 7717		demand -> 7754 difference -> 37
d -> 2883		demand -> 2846 difference -> -37
outros -> 12		demand -> 12 difference -> 0

Demand allocated correctly in this time: 2012

Executing Demand component
Executing Potential component
Executing Allocation component

Time: 2013
-------------------------------------------------------------------------------
Cell Area 1
Num of cells 10612
Max diff area 106
Initial area for land use : f -> 7717
Initial area for land use : d -> 2883
Initial area for land use : outros -> 12
-------------------------------------------------------------------------------

Year: 2013 Iteration -> 0
f -> 7717		demand -> 7751 difference -> 34
d -> 2883		demand -> 2849 difference -> -34
outros -> 12		demand -> 12 difference -> 0

Demand allocated correctly in this time: 2013

Executing Demand component
Executing Potential component
Executing Allocation component

Time: 2014
-------------------------------------------------------------------------------
Cell Area 1
Num of cells 10612
Max diff area 106
Initial area for land use : f -> 7717
Initial area for land use : d -> 2883
Initial area for land use : outros -> 12
-------------------------------------------------------------------------------

Year: 2014 Iteration -> 0
f -> 7717		demand -> 7748 difference -> 31
d -> 2883		demand -> 2852 difference -> -31
outros -> 12		demand -> 12 difference -> 0

Demand allocated correctly in this time: 2014

Saving Lab18_2014 into database.

Elapsed time: 7.54s


End of Simulation
