
Verifying Model parameters
Verifying Demand parameters
Verifying Potential parameters
Verifying Allocation parameters

Executing Demand component
Executing Potential component
Executing Allocation component

Year: 2008	Step: 0
f Area: 137878	Difference: -1
d Area: 19982	Difference: 0
outros Area: 6489	Difference: 0

Demand allocated correctly in 2008.	Number of iterations: 0	Maximum error: 3.4424650948495e-005

Executing Demand component
Executing Potential component
Executing Allocation component

Year: 2009	Step: 0
f Area: 137418	Difference: -204
d Area: 20334	Difference: 96
outros Area: 6489	Difference: 0

Demand allocated correctly in 2009.	Number of iterations: 0	Maximum error: 203.93731752649

Executing Demand component
Executing Potential component
Executing Allocation component

Year: 2010	Step: 0
f Area: 137063	Difference: -303
d Area: 20711	Difference: 217
outros Area: 6489	Difference: 0

Demand allocated correctly in 2010.	Number of iterations: 0	Maximum error: 302.74518861502

Executing Demand component
Executing Potential component
Executing Allocation component

Year: 2011	Step: 0
f Area: 136742	Difference: -368
d Area: 21083	Difference: 333
outros Area: 6489	Difference: 0

Demand allocated correctly in 2011.	Number of iterations: 0	Maximum error: 367.35142730986

Executing Demand component
Executing Potential component
Executing Allocation component

Year: 2012	Step: 0
f Area: 136419	Difference: -406
d Area: 21425	Difference: 389
outros Area: 6489	Difference: 0

Demand allocated correctly in 2012.	Number of iterations: 0	Maximum error: 405.21266178178

Executing Demand component
Executing Potential component
Executing Allocation component

Year: 2013	Step: 0
f Area: 136034	Difference: -505
d Area: 21729	Difference: 408
outros Area: 6489	Difference: 0

Demand allocated correctly in 2013.	Number of iterations: 0	Maximum error: 504.44095101111

Executing Demand component
Executing Potential component
Executing Allocation component

Year: 2014	Step: 0
f Area: 135818	Difference: -436
d Area: 22075	Difference: 467
outros Area: 6489	Difference: 0

Demand allocated correctly in 2014.	Number of iterations: 0	Maximum error: 467.65482372493

Saving Lab2_2014 into database.

Elapsed time: 7.35s


End of Simulation
