
Verifying Model parameters
Verifying Demand parameters

	Initial Demand	 Year

137878.16912795 19982.6288228 6489.20204925 	2008

	Interpolation Final Demand	 Year

136253.41302395 21607.3849268 6489.20204925 	2014


	Annual Demand	 Year

137878 19983 6489 	2008

137607 20254 6489 	2009

137336 20525 6489 	2010

137065 20796 6489 	2011

136794 21067 6489 	2012

136523 21338 6489 	2013

136253 21607 6489 	2014


Verifying Potential parameters
Verifying Allocation parameters

Executing Demand component
Executing Potential component
Executing Allocation component

Year: 2008	Step: 0
f Area: 137878	Difference: 0
d Area: 19982	Difference: -1
outros Area: 6489	Difference: 0

Demand allocated correctly in 2008.	Number of iterations: 0	Maximum error: 0.37117720000606

Executing Demand component
Executing Potential component
Executing Allocation component

Year: 2009	Step: 0
f Area: 137418	Difference: -189
d Area: 20334	Difference: 80
outros Area: 6489	Difference: 0

Demand allocated correctly in 2009.	Number of iterations: 0	Maximum error: 188.72687664253

Executing Demand component
Executing Potential component
Executing Allocation component

Year: 2010	Step: 0
f Area: 137063	Difference: -273
d Area: 20712	Difference: 187
outros Area: 6489	Difference: 0

Demand allocated correctly in 2010.	Number of iterations: 0	Maximum error: 272.54482448884

Executing Demand component
Executing Potential component
Executing Allocation component

Year: 2011	Step: 0
f Area: 136742	Difference: -323
d Area: 21083	Difference: 287
outros Area: 6489	Difference: 0

Demand allocated correctly in 2011.	Number of iterations: 0	Maximum error: 322.20162281708

Executing Demand component
Executing Potential component
Executing Allocation component

Year: 2012	Step: 0
f Area: 136419	Difference: -375
d Area: 21426	Difference: 359
outros Area: 6489	Difference: 0

Demand allocated correctly in 2012.	Number of iterations: 0	Maximum error: 374.72218254022

Executing Demand component
Executing Potential component
Executing Allocation component

Year: 2013	Step: 0
f Area: 136034	Difference: -489
d Area: 21730	Difference: 392
outros Area: 6489	Difference: 0

Demand allocated correctly in 2013.	Number of iterations: 0	Maximum error: 488.69145706444

Executing Demand component
Executing Potential component
Executing Allocation component

Year: 2014	Step: 0
f Area: 135817	Difference: -436
d Area: 22074	Difference: 467
outros Area: 6489	Difference: 0

Demand allocated correctly in 2014.	Number of iterations: 0	Maximum error: 467.96618642902

Saving Lab4_2014 into database.

Elapsed time: 7.19s


End of Simulation
