
Verifying Model parameters
Verifying Demand parameters
Verifying Potential parameters
Verifying Allocation parameters

Executing Demand component
Executing Potential component
Executing Allocation component

Year: 2008	Step: 0
f Area: 137878	Difference: -1
d Area: 19982	Difference: 0
outros Area: 6489	Difference: 0

Demand allocated correctly in 2008.	Number of iterations: 0	Maximum error: 3.4424650948495e-005

Updating dynamic variables...
csAC_2009
          	FID	0
          	ti	0.0
          	object_id0	C00L06
          	id	C00L06

Executing Demand component
Executing Potential component
Executing Allocation component

Year: 2009	Step: 0
f Area: 137389	Difference: -233
d Area: 20331	Difference: 93
outros Area: 6489	Difference: 0

Demand allocated correctly in 2009.	Number of iterations: 0	Maximum error: 232.93684529007

Executing Demand component
Executing Potential component
Executing Allocation component

Year: 2010	Step: 0
f Area: 137020	Difference: -346
d Area: 20701	Difference: 206
outros Area: 6489	Difference: 0

Demand allocated correctly in 2010.	Number of iterations: 0	Maximum error: 345.65578022698

Executing Demand component
Executing Potential component
Executing Allocation component

Year: 2011	Step: 0
f Area: 136714	Difference: -396
d Area: 21084	Difference: 333
outros Area: 6489	Difference: 0

Demand allocated correctly in 2011.	Number of iterations: 0	Maximum error: 395.37002731033

Executing Demand component
Executing Potential component
Executing Allocation component

Year: 2012	Step: 0
f Area: 136374	Difference: -451
d Area: 21416	Difference: 379
outros Area: 6489	Difference: 0

Demand allocated correctly in 2012.	Number of iterations: 0	Maximum error: 450.63189085264

Executing Demand component
Executing Potential component
Executing Allocation component

Year: 2013	Step: 0
f Area: 135975	Difference: -564
d Area: 21728	Difference: 407
outros Area: 6489	Difference: 0

Demand allocated correctly in 2013.	Number of iterations: 0	Maximum error: 563.33862018128

Executing Demand component
Executing Potential component
Executing Allocation component

Year: 2014	Step: 0
f Area: 135774	Difference: -479
d Area: 22075	Difference: 467
outros Area: 6489	Difference: 0

Demand allocated correctly in 2014.	Number of iterations: 0	Maximum error: 478.66601839502

Saving Lab7_2014 into database.

Executing Demand component
Executing Potential component
Executing Allocation component

Year: 2015	Step: 0
f Area: 135391	Difference: -582
d Area: 22346	Difference: 459
outros Area: 6489	Difference: 0

Demand allocated correctly in 2015.	Number of iterations: 0	Maximum error: 581.90654362203

Executing Demand component
Executing Potential component
Executing Allocation component

Year: 2016	Step: 0
f Area: 135090	Difference: -603
d Area: 22640	Difference: 472
outros Area: 6489	Difference: 0

Demand allocated correctly in 2016.	Number of iterations: 0	Maximum error: 602.54679579069

Executing Demand component
Executing Potential component
Executing Allocation component

Year: 2017	Step: 0
f Area: 134846	Difference: -568
d Area: 22953	Difference: 505
outros Area: 6489	Difference: 0

Demand allocated correctly in 2017.	Number of iterations: 0	Maximum error: 567.32549284259

Executing Demand component
Executing Potential component
Executing Allocation component

Year: 2018	Step: 0
f Area: 134565	Difference: -569
d Area: 23228	Difference: 501
outros Area: 6489	Difference: 0

Demand allocated correctly in 2018.	Number of iterations: 0	Maximum error: 568.36102659552

Executing Demand component
Executing Potential component
Executing Allocation component

Year: 2019	Step: 0
f Area: 134205	Difference: -649
d Area: 23482	Difference: 474
outros Area: 6489	Difference: 0

Demand allocated correctly in 2019.	Number of iterations: 0	Maximum error: 648.34098685413

Executing Demand component
Executing Potential component
Executing Allocation component

Year: 2020	Step: 0
f Area: 134066	Difference: -508
d Area: 23779	Difference: 491
outros Area: 6489	Difference: 0

Demand allocated correctly in 2020.	Number of iterations: 0	Maximum error: 507.01211559612

Executing Demand component
Executing Potential component
Executing Allocation component

Year: 2021	Step: 0
f Area: 133723	Difference: -570
d Area: 24008	Difference: 441
outros Area: 6489	Difference: 0

Demand allocated correctly in 2021.	Number of iterations: 0	Maximum error: 569.42525378204

Executing Demand component
Executing Potential component
Executing Allocation component

Year: 2022	Step: 0
f Area: 133449	Difference: -545
d Area: 24259	Difference: 392
outros Area: 6489	Difference: 0

Demand allocated correctly in 2022.	Number of iterations: 0	Maximum error: 544.18643424424

Executing Demand component
Executing Potential component
Executing Allocation component

Year: 2023	Step: 0
f Area: 133279	Difference: -414
d Area: 24539	Difference: 372
outros Area: 6489	Difference: 0

Demand allocated correctly in 2023.	Number of iterations: 0	Maximum error: 413.97483336309

Executing Demand component
Executing Potential component
Executing Allocation component

Year: 2024	Step: 0
f Area: 133015	Difference: -379
d Area: 24761	Difference: 293
outros Area: 6489	Difference: 0

Demand allocated correctly in 2024.	Number of iterations: 0	Maximum error: 378.22404620628

Executing Demand component
Executing Potential component
Executing Allocation component

Year: 2025	Step: 0
f Area: 132709	Difference: -384
d Area: 24982	Difference: 215
outros Area: 6489	Difference: 0

Demand allocated correctly in 2025.	Number of iterations: 0	Maximum error: 383.92965122676

Saving Lab7_2025 into database.

Elapsed time: 19.01s


End of Simulation
