
Verifying Model parameters
Verifying Demand parameters
Verifying Potential parameters
Verifying Allocation parameters

Executing Demand component
Executing Potential component


f
Cell number: 5130
assentamen
min: 0.0
max: 1.0
avg: 0.057022576854951

rodovias
min: 2.620906
max: 200542.9
avg: 67216.375033304

dist_riobr
min: 24607.02
max: 733889.9
avg: 350880.96876827

rios_todos
min: 1.013261
max: 34626.96
avg: 9476.998703403

uc_us
min: 0.0
max: 1.0
avg: 0.24424958651947

ti
min: 0.0
max: 1.0
avg: 0.17500070045315

ap
min: 0.0
max: 2.0
avg: 0.5125245057338

uc_pi
min: 0.0
max: 1.0
avg: 0.093274218761175

fertilidad
min: 0.0
max: 1.0
avg: 0.053602286552329



f	pot > 0 	pot = 0
f_pot	6480	94


d
Cell number: 284
assentamen
min: 0.0
max: 1.0
avg: 0.36306033151895

rodovias
min: 105.9865
max: 54104.98
avg: 18233.942061404

dist_riobr
min: 2467.404
max: 622642.0
avg: 107568.28484211

rios_todos
min: 16.89701
max: 25583.5
avg: 8402.9899909474

uc_us
min: 0.0
max: 1.0
avg: 0.024451619502211

ti
min: 0.0
max: 0.1232027
avg: 0.00095316580701754

ap
min: 0.0
max: 1.0
avg: 0.025404785309228

uc_pi
min: 0.0
max: 0.0
avg: 0.0

fertilidad
min: 0.0
max: 1.0
avg: 0.23391812666667



d	pot > 0 	pot = 0
d_pot	2893	3681


outros
Cell number: 131


outros	pot > 0 	pot = 0
outros_pot	0	6574
Executing Allocation component

Year: 2008	Step: 0
f Area: 137878	Difference: -1
d Area: 19982	Difference: 0
outros Area: 6489	Difference: 0

Demand allocated correctly in 2008.	Number of iterations: 0	Maximum error: 3.4424650948495e-005

Executing Demand component
Executing Potential component


f
Cell number: 5130
assentamen
min: 0.0
max: 1.0
avg: 0.057022576854951

rodovias
min: 2.620906
max: 200542.9
avg: 67216.375033304

dist_riobr
min: 24607.02
max: 733889.9
avg: 350880.96876827

rios_todos
min: 1.013261
max: 34626.96
avg: 9476.998703403

uc_us
min: 0.0
max: 1.0
avg: 0.24424958651947

ti
min: 0.0
max: 1.0
avg: 0.17500070045315

ap
min: 0.0
max: 2.0
avg: 0.5125245057338

uc_pi
min: 0.0
max: 1.0
avg: 0.093274218761175

fertilidad
min: 0.0
max: 1.0
avg: 0.053602286552329



f	pot > 0 	pot = 0
f_pot	6480	94


d
Cell number: 284
assentamen
min: 0.0
max: 1.0
avg: 0.36306033151895

rodovias
min: 105.9865
max: 54104.98
avg: 18233.942061404

dist_riobr
min: 2467.404
max: 622642.0
avg: 107568.28484211

rios_todos
min: 16.89701
max: 25583.5
avg: 8402.9899909474

uc_us
min: 0.0
max: 1.0
avg: 0.024451619502211

ti
min: 0.0
max: 0.1232027
avg: 0.00095316580701754

ap
min: 0.0
max: 1.0
avg: 0.025404785309228

uc_pi
min: 0.0
max: 0.0
avg: 0.0

fertilidad
min: 0.0
max: 1.0
avg: 0.23391812666667



d	pot > 0 	pot = 0
d_pot	2893	3681


outros
Cell number: 131


outros	pot > 0 	pot = 0
outros_pot	0	6574
Executing Allocation component

Year: 2009	Step: 0
f Area: 135457	Difference: -2166
d Area: 22405	Difference: 2166
outros Area: 6489	Difference: 0

Demand allocated correctly in 2009.	Number of iterations: 0	Maximum error: 2166.9349553774

Executing Demand component
Executing Potential component


f
Cell number: 5048
assentamen
min: 0.0
max: 1.0
avg: 0.052869937136018

rodovias
min: 2.620906
max: 200542.9
avg: 67866.035265535

dist_riobr
min: 24607.02
max: 733889.9
avg: 352030.03401268

rios_todos
min: 1.013261
max: 34626.96
avg: 9505.1212542802

uc_us
min: 0.0
max: 1.0
avg: 0.2469262506301

ti
min: 0.0
max: 1.0
avg: 0.1778428587889

ap
min: 0.0
max: 2.0
avg: 0.51955817982177

uc_pi
min: 0.0
max: 1.0
avg: 0.09478907040277

fertilidad
min: 0.0
max: 1.0
avg: 0.050544662111309



f	pot > 0 	pot = 0
f_pot	6480	94


d
Cell number: 350
assentamen
min: 0.0
max: 1.0
avg: 0.38996092139003

rodovias
min: 105.9865
max: 54104.98
avg: 18357.990945869

dist_riobr
min: 2467.404
max: 622642.0
avg: 114126.76615385

rios_todos
min: 16.89701
max: 25583.5
avg: 8498.4126946439

uc_us
min: 0.0
max: 1.0
avg: 0.021939488427721

ti
min: 0.0
max: 0.1232027
avg: 0.00086319260683761

ap
min: 0.0
max: 1.0
avg: 0.022802681034558

uc_pi
min: 0.0
max: 0.0
avg: 0.0

fertilidad
min: 0.0
max: 1.0
avg: 0.24738841225071



d	pot > 0 	pot = 0
d_pot	2893	3681


outros
Cell number: 131


outros	pot > 0 	pot = 0
outros_pot	0	6574
Executing Allocation component

Year: 2010	Step: 0
f Area: 133139	Difference: -4227
d Area: 24722	Difference: 4227
outros Area: 6489	Difference: 0

Year: 2010	Step: 1
f Area: 132608	Difference: -4758
d Area: 25253	Difference: 4758
outros Area: 6489	Difference: 0

Year: 2010	Step: 2
f Area: 132619	Difference: -4747
d Area: 25460	Difference: 4965
outros Area: 6489	Difference: 0

Year: 2010	Step: 3
f Area: 132789	Difference: -4577
d Area: 25011	Difference: 4516
outros Area: 6489	Difference: 0

Year: 2010	Step: 4
f Area: 133158	Difference: -4208
d Area: 24704	Difference: 4209
outros Area: 6489	Difference: 0

Year: 2010	Step: 5
f Area: 133516	Difference: -3850
d Area: 24345	Difference: 3851
outros Area: 6489	Difference: 0

Year: 2010	Step: 6
f Area: 133815	Difference: -3551
d Area: 24041	Difference: 3546
outros Area: 6489	Difference: 0

Year: 2010	Step: 7
f Area: 134050	Difference: -3316
d Area: 23791	Difference: 3296
outros Area: 6489	Difference: 0

Year: 2010	Step: 8
f Area: 134220	Difference: -3146
d Area: 23579	Difference: 3084
outros Area: 6489	Difference: 0

Year: 2010	Step: 9
f Area: 134364	Difference: -3003
d Area: 23424	Difference: 2929
outros Area: 6489	Difference: 0

Year: 2010	Step: 10
f Area: 134473	Difference: -2894
d Area: 23287	Difference: 2793
outros Area: 6489	Difference: 0

Year: 2010	Step: 11
f Area: 134543	Difference: -2823
d Area: 23165	Difference: 2670
outros Area: 6489	Difference: 0

Year: 2010	Step: 12
f Area: 134655	Difference: -2711
d Area: 23116	Difference: 2621
outros Area: 6489	Difference: 0

Year: 2010	Step: 13
f Area: 134698	Difference: -2669
d Area: 23005	Difference: 2510
outros Area: 6489	Difference: 0

Year: 2010	Step: 14
f Area: 134773	Difference: -2593
d Area: 22969	Difference: 2475
outros Area: 6489	Difference: 0

Year: 2010	Step: 15
f Area: 134812	Difference: -2554
d Area: 22894	Difference: 2400
outros Area: 6489	Difference: 0

Year: 2010	Step: 16
f Area: 134850	Difference: -2517
d Area: 22852	Difference: 2357
outros Area: 6489	Difference: 0

Year: 2010	Step: 17
f Area: 134933	Difference: -2433
d Area: 22843	Difference: 2348
outros Area: 6489	Difference: 0

Demand allocated correctly in 2010.	Number of iterations: 17	Maximum error: 2432.7273705142

Executing Demand component
Executing Potential component


f
Cell number: 5036
assentamen
min: 0.0
max: 1.0
avg: 0.052663262136143

rodovias
min: 2.620906
max: 200542.9
avg: 67944.327751774

dist_riobr
min: 24607.02
max: 733889.9
avg: 352258.58428033

rios_todos
min: 1.013261
max: 34626.96
avg: 9508.9918767701

uc_us
min: 0.0
max: 1.0
avg: 0.2469477728075

ti
min: 0.0
max: 1.0
avg: 0.17826654636195

ap
min: 0.0
max: 2.0
avg: 0.52022921225335

uc_pi
min: 0.0
max: 1.0
avg: 0.095014893083897

fertilidad
min: 0.0
max: 1.0
avg: 0.050168751042287



f	pot > 0 	pot = 0
f_pot	6480	94


d
Cell number: 362
assentamen
min: 0.0
max: 1.0
avg: 0.39144974168292

rodovias
min: 105.9865
max: 54104.98
avg: 18362.215677686

dist_riobr
min: 2467.404
max: 622642.0
avg: 114354.47440771

rios_todos
min: 16.89701
max: 25583.5
avg: 8481.2661758127

uc_us
min: 0.0
max: 1.0
avg: 0.023969037019642

ti
min: 0.0
max: 0.1232027
avg: 0.00083465731404959

ap
min: 0.0
max: 1.0
avg: 0.024803694333691

uc_pi
min: 0.0
max: 0.0
avg: 0.0

fertilidad
min: 0.0
max: 1.0
avg: 0.25436179807163



d	pot > 0 	pot = 0
d_pot	2893	3681


outros
Cell number: 131


outros	pot > 0 	pot = 0
outros_pot	0	6574
Executing Allocation component

Year: 2011	Step: 0
f Area: 132647	Difference: -4464
d Area: 25109	Difference: 4358
outros Area: 6489	Difference: 0

Year: 2011	Step: 1
f Area: 132161	Difference: -4950
d Area: 25700	Difference: 4949
outros Area: 6489	Difference: 0

Year: 2011	Step: 2
f Area: 132170	Difference: -4940
d Area: 25818	Difference: 5067
outros Area: 6489	Difference: 0

Year: 2011	Step: 3
f Area: 132410	Difference: -4700
d Area: 25435	Difference: 4685
outros Area: 6489	Difference: 0

Year: 2011	Step: 4
f Area: 132782	Difference: -4328
d Area: 25079	Difference: 4329
outros Area: 6489	Difference: 0

Year: 2011	Step: 5
f Area: 133139	Difference: -3971
d Area: 24721	Difference: 3971
outros Area: 6489	Difference: 0

Year: 2011	Step: 6
f Area: 133437	Difference: -3673
d Area: 24419	Difference: 3669
outros Area: 6489	Difference: 0

Year: 2011	Step: 7
f Area: 133674	Difference: -3437
d Area: 24171	Difference: 3420
outros Area: 6489	Difference: 0

Year: 2011	Step: 8
f Area: 133847	Difference: -3263
d Area: 23961	Difference: 3211
outros Area: 6489	Difference: 0

Year: 2011	Step: 9
f Area: 133986	Difference: -3124
d Area: 23799	Difference: 3049
outros Area: 6489	Difference: 0

Year: 2011	Step: 10
f Area: 134094	Difference: -3016
d Area: 23666	Difference: 2915
outros Area: 6489	Difference: 0

Year: 2011	Step: 11
f Area: 134154	Difference: -2956
d Area: 23536	Difference: 2785
outros Area: 6489	Difference: 0

Year: 2011	Step: 12
f Area: 134267	Difference: -2843
d Area: 23493	Difference: 2743
outros Area: 6489	Difference: 0

Year: 2011	Step: 13
f Area: 134316	Difference: -2794
d Area: 23382	Difference: 2632
outros Area: 6489	Difference: 0

Year: 2011	Step: 14
f Area: 134394	Difference: -2716
d Area: 23343	Difference: 2593
outros Area: 6489	Difference: 0

Year: 2011	Step: 15
f Area: 134420	Difference: -2691
d Area: 23264	Difference: 2514
outros Area: 6489	Difference: 0

Year: 2011	Step: 16
f Area: 134454	Difference: -2657
d Area: 23223	Difference: 2473
outros Area: 6489	Difference: 0

Year: 2011	Step: 17
f Area: 134546	Difference: -2564
d Area: 23216	Difference: 2465
outros Area: 6489	Difference: 0

Year: 2011	Step: 18
f Area: 134559	Difference: -2551
d Area: 23158	Difference: 2408
outros Area: 6489	Difference: 0

Year: 2011	Step: 19
f Area: 134561	Difference: -2550
d Area: 23119	Difference: 2369
outros Area: 6489	Difference: 0

Year: 2011	Step: 20
f Area: 134580	Difference: -2530
d Area: 23105	Difference: 2355
outros Area: 6489	Difference: 0

Year: 2011	Step: 21
f Area: 134610	Difference: -2500
d Area: 23092	Difference: 2341
outros Area: 6489	Difference: 0

Demand allocated correctly in 2011.	Number of iterations: 21	Maximum error: 2499.6476203921

Executing Demand component
Executing Potential component


f
Cell number: 5023
assentamen
min: 0.0
max: 1.0
avg: 0.052315311532594

rodovias
min: 2.620906
max: 200542.9
avg: 68050.765708934

dist_riobr
min: 30224.16
max: 733889.9
avg: 352256.10393312

rios_todos
min: 1.013261
max: 34626.96
avg: 9511.8039882546

uc_us
min: 0.0
max: 1.0
avg: 0.24758625515951

ti
min: 0.0
max: 1.0
avg: 0.17872498601217

ap
min: 0.0
max: 2.0
avg: 0.52157199285631

uc_pi
min: 0.0
max: 1.0
avg: 0.095260751684631

fertilidad
min: 0.0
max: 1.0
avg: 0.049999999800955



f	pot > 0 	pot = 0
f_pot	6440	134


d
Cell number: 369
assentamen
min: 0.0
max: 1.0
avg: 0.3991575892727

rodovias
min: 105.9865
max: 54104.98
avg: 18468.862375676

dist_riobr
min: 2467.404
max: 622642.0
avg: 114306.68559459

rios_todos
min: 16.89701
max: 25583.5
avg: 8466.2796211351

uc_us
min: 0.0
max: 1.0
avg: 0.023515568751703

ti
min: 0.0
max: 0.1232027
avg: 0.0008188665

ap
min: 0.0
max: 1.0
avg: 0.024334435251703

uc_pi
min: 0.0
max: 0.0
avg: 0.0

fertilidad
min: 0.0
max: 1.0
avg: 0.2590090072973



d	pot > 0 	pot = 0
d_pot	2893	3681


outros
Cell number: 131


outros	pot > 0 	pot = 0
outros_pot	0	6574
Executing Allocation component

Year: 2012	Step: 0
f Area: 132346	Difference: -4479
d Area: 25328	Difference: 4292
outros Area: 6489	Difference: 0

Year: 2012	Step: 1
f Area: 131906	Difference: -4919
d Area: 25955	Difference: 4919
outros Area: 6489	Difference: 0

Year: 2012	Step: 2
f Area: 131918	Difference: -4907
d Area: 26038	Difference: 5002
outros Area: 6489	Difference: 0

Year: 2012	Step: 3
f Area: 132172	Difference: -4653
d Area: 25688	Difference: 4651
outros Area: 6489	Difference: 0

Year: 2012	Step: 4
f Area: 132535	Difference: -4289
d Area: 25326	Difference: 4290
outros Area: 6489	Difference: 0

Year: 2012	Step: 5
f Area: 132884	Difference: -3941
d Area: 24977	Difference: 3941
outros Area: 6489	Difference: 0

Year: 2012	Step: 6
f Area: 133178	Difference: -3646
d Area: 24681	Difference: 3645
outros Area: 6489	Difference: 0

Year: 2012	Step: 7
f Area: 133412	Difference: -3413
d Area: 24436	Difference: 3400
outros Area: 6489	Difference: 0

Year: 2012	Step: 8
f Area: 133585	Difference: -3240
d Area: 24228	Difference: 3192
outros Area: 6489	Difference: 0

Year: 2012	Step: 9
f Area: 133721	Difference: -3103
d Area: 24066	Difference: 3030
outros Area: 6489	Difference: 0

Year: 2012	Step: 10
f Area: 133830	Difference: -2995
d Area: 23934	Difference: 2898
outros Area: 6489	Difference: 0

Year: 2012	Step: 11
f Area: 133899	Difference: -2925
d Area: 23804	Difference: 2768
outros Area: 6489	Difference: 0

Year: 2012	Step: 12
f Area: 134008	Difference: -2817
d Area: 23764	Difference: 2728
outros Area: 6489	Difference: 0

Year: 2012	Step: 13
f Area: 134050	Difference: -2775
d Area: 23642	Difference: 2606
outros Area: 6489	Difference: 0

Year: 2012	Step: 14
f Area: 134123	Difference: -2701
d Area: 23617	Difference: 2581
outros Area: 6489	Difference: 0

Year: 2012	Step: 15
f Area: 134157	Difference: -2667
d Area: 23534	Difference: 2498
outros Area: 6489	Difference: 0

Year: 2012	Step: 16
f Area: 134215	Difference: -2610
d Area: 23506	Difference: 2470
outros Area: 6489	Difference: 0

Year: 2012	Step: 17
f Area: 134282	Difference: -2542
d Area: 23486	Difference: 2449
outros Area: 6489	Difference: 0

Year: 2012	Step: 18
f Area: 134283	Difference: -2542
d Area: 23396	Difference: 2360
outros Area: 6489	Difference: 0

Year: 2012	Step: 19
f Area: 134286	Difference: -2539
d Area: 23367	Difference: 2331
outros Area: 6489	Difference: 0

Year: 2012	Step: 20
f Area: 134309	Difference: -2516
d Area: 23354	Difference: 2317
outros Area: 6489	Difference: 0

Year: 2012	Step: 21
f Area: 134390	Difference: -2435
d Area: 23376	Difference: 2340
outros Area: 6489	Difference: 0

Demand allocated correctly in 2012.	Number of iterations: 21	Maximum error: 2434.3939579219

Executing Demand component
Executing Potential component


f
Cell number: 5012
assentamen
min: 0.0
max: 1.0
avg: 0.051938312010324

rodovias
min: 2.620906
max: 200542.9
avg: 68158.417190841

dist_riobr
min: 31350.39
max: 733889.9
avg: 352713.37538001

rios_todos
min: 1.013261
max: 34626.96
avg: 9510.6232936946

uc_us
min: 0.0
max: 1.0
avg: 0.24773617052092

ti
min: 0.0
max: 1.0
avg: 0.17911716132558

ap
min: 0.0
max: 2.0
avg: 0.52232311370639

uc_pi
min: 0.0
max: 1.0
avg: 0.095469781859882

fertilidad
min: 0.0
max: 1.0
avg: 0.04996010353082



f	pot > 0 	pot = 0
f_pot	6429	145


d
Cell number: 375
assentamen
min: 0.0
max: 1.0
avg: 0.40184259263537

rodovias
min: 105.9865
max: 54104.98
avg: 18418.025125

dist_riobr
min: 2467.404
max: 622642.0
avg: 114320.2681117

rios_todos
min: 16.89701
max: 25583.5
avg: 8505.3173559043

uc_us
min: 0.0
max: 1.0
avg: 0.023140320314176

ti
min: 0.0
max: 0.1232027
avg: 0.00080579948138298

ap
min: 0.0
max: 1.0
avg: 0.023946119795559

uc_pi
min: 0.0
max: 0.0
avg: 0.0

fertilidad
min: 0.0
max: 1.0
avg: 0.25930850904255



d	pot > 0 	pot = 0
d_pot	2893	3681


outros
Cell number: 131


outros	pot > 0 	pot = 0
outros_pot	0	6574
Executing Allocation component

Year: 2013	Step: 0
f Area: 132140	Difference: -4399
d Area: 25611	Difference: 4289
outros Area: 6489	Difference: 0

Year: 2013	Step: 1
f Area: 131674	Difference: -4865
d Area: 26187	Difference: 4865
outros Area: 6489	Difference: 0

Year: 2013	Step: 2
f Area: 131646	Difference: -4893
d Area: 26284	Difference: 4962
outros Area: 6489	Difference: 0

Year: 2013	Step: 3
f Area: 131882	Difference: -4657
d Area: 25969	Difference: 4647
outros Area: 6489	Difference: 0

Year: 2013	Step: 4
f Area: 132241	Difference: -4298
d Area: 25619	Difference: 4298
outros Area: 6489	Difference: 0

Year: 2013	Step: 5
f Area: 132588	Difference: -3951
d Area: 25272	Difference: 3950
outros Area: 6489	Difference: 0

Year: 2013	Step: 6
f Area: 132882	Difference: -3657
d Area: 24976	Difference: 3654
outros Area: 6489	Difference: 0

Year: 2013	Step: 7
f Area: 133117	Difference: -3422
d Area: 24733	Difference: 3411
outros Area: 6489	Difference: 0

Year: 2013	Step: 8
f Area: 133286	Difference: -3253
d Area: 24521	Difference: 3199
outros Area: 6489	Difference: 0

Year: 2013	Step: 9
f Area: 133426	Difference: -3113
d Area: 24366	Difference: 3044
outros Area: 6489	Difference: 0

Year: 2013	Step: 10
f Area: 133540	Difference: -2999
d Area: 24235	Difference: 2914
outros Area: 6489	Difference: 0

Year: 2013	Step: 11
f Area: 133603	Difference: -2936
d Area: 24103	Difference: 2781
outros Area: 6489	Difference: 0

Year: 2013	Step: 12
f Area: 133720	Difference: -2819
d Area: 24063	Difference: 2741
outros Area: 6489	Difference: 0

Year: 2013	Step: 13
f Area: 133753	Difference: -2786
d Area: 23932	Difference: 2611
outros Area: 6489	Difference: 0

Year: 2013	Step: 14
f Area: 133845	Difference: -2694
d Area: 23917	Difference: 2595
outros Area: 6489	Difference: 0

Year: 2013	Step: 15
f Area: 133880	Difference: -2659
d Area: 23825	Difference: 2503
outros Area: 6489	Difference: 0

Year: 2013	Step: 16
f Area: 133914	Difference: -2625
d Area: 23779	Difference: 2457
outros Area: 6489	Difference: 0

Year: 2013	Step: 17
f Area: 133994	Difference: -2546
d Area: 23768	Difference: 2446
outros Area: 6489	Difference: 0

Year: 2013	Step: 18
f Area: 133994	Difference: -2545
d Area: 23708	Difference: 2386
outros Area: 6489	Difference: 0

Year: 2013	Step: 19
f Area: 134003	Difference: -2536
d Area: 23682	Difference: 2360
outros Area: 6489	Difference: 0

Year: 2013	Step: 20
f Area: 134043	Difference: -2496
d Area: 23674	Difference: 2352
outros Area: 6489	Difference: 0

Demand allocated correctly in 2013.	Number of iterations: 20	Maximum error: 2495.3654090258

Executing Demand component
Executing Potential component


f
Cell number: 4997
assentamen
min: 0.0
max: 1.0
avg: 0.051622751380103

rodovias
min: 2.620906
max: 200542.9
avg: 68277.159014343

dist_riobr
min: 31350.39
max: 733889.9
avg: 352864.44055823

rios_todos
min: 1.013261
max: 34626.96
avg: 9509.4795388737

uc_us
min: 0.0
max: 1.0
avg: 0.24838918177699

ti
min: 0.0
max: 1.0
avg: 0.17965472783616

ap
min: 0.0
max: 2.0
avg: 0.52380021542819

uc_pi
min: 0.0
max: 1.0
avg: 0.095756305815044

fertilidad
min: 0.0
max: 1.0
avg: 0.049609843737495



f	pot > 0 	pot = 0
f_pot	6429	145


d
Cell number: 382
assentamen
min: 0.0
max: 1.0
avg: 0.40749402436266

rodovias
min: 105.9865
max: 54104.98
avg: 18475.846652742

dist_riobr
min: 2467.404
max: 622642.0
avg: 114498.37733681

rios_todos
min: 16.89701
max: 25583.5
avg: 8464.2975269452

uc_us
min: 0.0
max: 1.0
avg: 0.022717390177885

ti
min: 0.0
max: 0.1232027
avg: 0.00079107207571802

ap
min: 0.0
max: 1.0
avg: 0.023508462253603

uc_pi
min: 0.0
max: 0.0
avg: 0.0

fertilidad
min: 0.0
max: 1.0
avg: 0.25456918903394



d	pot > 0 	pot = 0
d_pot	2893	3681


outros
Cell number: 131


outros	pot > 0 	pot = 0
outros_pot	0	6574
Executing Allocation component

Year: 2014	Step: 0
f Area: 131802	Difference: -4451
d Area: 25886	Difference: 4278
outros Area: 6489	Difference: 0

Year: 2014	Step: 1
f Area: 131360	Difference: -4893
d Area: 26500	Difference: 4893
outros Area: 6489	Difference: 0

Year: 2014	Step: 2
f Area: 131371	Difference: -4882
d Area: 26615	Difference: 5007
outros Area: 6489	Difference: 0

Year: 2014	Step: 3
f Area: 131586	Difference: -4667
d Area: 26236	Difference: 4629
outros Area: 6489	Difference: 0

Year: 2014	Step: 4
f Area: 131946	Difference: -4307
d Area: 25914	Difference: 4307
outros Area: 6489	Difference: 0

Year: 2014	Step: 5
f Area: 132293	Difference: -3961
d Area: 25568	Difference: 3960
outros Area: 6489	Difference: 0

Year: 2014	Step: 6
f Area: 132586	Difference: -3668
d Area: 25273	Difference: 3665
outros Area: 6489	Difference: 0

Year: 2014	Step: 7
f Area: 132818	Difference: -3436
d Area: 25027	Difference: 3420
outros Area: 6489	Difference: 0

Year: 2014	Step: 8
f Area: 132989	Difference: -3264
d Area: 24819	Difference: 3212
outros Area: 6489	Difference: 0

Year: 2014	Step: 9
f Area: 133132	Difference: -3121
d Area: 24661	Difference: 3054
outros Area: 6489	Difference: 0

Year: 2014	Step: 10
f Area: 133248	Difference: -3005
d Area: 24529	Difference: 2921
outros Area: 6489	Difference: 0

Year: 2014	Step: 11
f Area: 133304	Difference: -2949
d Area: 24380	Difference: 2773
outros Area: 6489	Difference: 0

Year: 2014	Step: 12
f Area: 133424	Difference: -2829
d Area: 24357	Difference: 2749
outros Area: 6489	Difference: 0

Year: 2014	Step: 13
f Area: 133457	Difference: -2797
d Area: 24217	Difference: 2609
outros Area: 6489	Difference: 0

Year: 2014	Step: 14
f Area: 133542	Difference: -2711
d Area: 24209	Difference: 2601
outros Area: 6489	Difference: 0

Year: 2014	Step: 15
f Area: 133584	Difference: -2669
d Area: 24119	Difference: 2512
outros Area: 6489	Difference: 0

Year: 2014	Step: 16
f Area: 133657	Difference: -2596
d Area: 24108	Difference: 2501
outros Area: 6489	Difference: 0

Year: 2014	Step: 17
f Area: 133693	Difference: -2561
d Area: 24038	Difference: 2431
outros Area: 6489	Difference: 0

Year: 2014	Step: 18
f Area: 133693	Difference: -2560
d Area: 23979	Difference: 2372
outros Area: 6489	Difference: 0

Year: 2014	Step: 19
f Area: 133701	Difference: -2553
d Area: 23953	Difference: 2345
outros Area: 6489	Difference: 0

Year: 2014	Step: 20
f Area: 133778	Difference: -2476
d Area: 23979	Difference: 2371
outros Area: 6489	Difference: 0

Demand allocated correctly in 2014.	Number of iterations: 20	Maximum error: 2475.2543922085

Saving Lab9_2014 into database.

Elapsed time: 11.67s


End of Simulation
