d:\workspace\project1\project1\debug\vc140.pdb
d:\workspace\project1\project1\debug\p_spatiallaglinearroads.obj
d:\workspace\project1\project1\debug\p_discrete.obj
d:\workspace\project1\project1\debug\p_continuous.obj
d:\workspace\project1\project1\debug\potdiscreteform.obj
d:\workspace\project1\project1\debug\potcontinuousform.obj
d:\workspace\project1\project1\debug\novomodelo.obj
d:\workspace\project1\project1\debug\mysqlform.obj
d:\workspace\project1\project1\debug\myform.obj
d:\workspace\project1\project1\debug\lutform.obj
d:\workspace\project1\project1\debug\languageform.obj
d:\workspace\project1\project1\debug\d_pcvinpeform.obj
d:\workspace\project1\project1\debug\d_citwodm.obj
d:\workspace\project1\project1\debug\d_cithreedm.obj
d:\workspace\project1\project1\debug\a_continuous.obj
d:\workspace\project1\project1\debug\a_allocationclueslike.obj
d:\workspace\project1\project1\debug\a_allocationcluelike.obj
d:\workspace\project1\project1\debug\a_abso.obj
d:\workspace\project1\project1\debug\allocdiscreteform.obj
d:\workspace\project1\project1\debug\alloccontinuousform.obj
d:\workspace\project1\project1\debug\aboutform.obj
d:\workspace\project1\project1\debug\stdafx.obj
d:\workspace\project1\project1\debug\source.obj
d:\workspace\project1\project1\debug\.netframework,version=v4.5.2.assemblyattributes.obj
d:\workspace\project1\project1\debug\.netframework,version=v4.5.2.assemblyattributes.asm
d:\workspace\project1\debug\luccme.exe
d:\workspace\project1\debug\luccme.pdb
d:\workspace\project1\project1\debug\luccme.aboutform.resources
d:\workspace\project1\project1\debug\luccme.alloccontinuousform.resources
d:\workspace\project1\project1\debug\luccme.allocdiscreteform.resources
d:\workspace\project1\project1\debug\luccme.a_abso.resources
d:\workspace\project1\project1\debug\luccme.a_continuous.resources
d:\workspace\project1\project1\debug\luccme.a_allocationclueslike.resources
d:\workspace\project1\project1\debug\luccme.d_cithreedm.resources
d:\workspace\project1\project1\debug\luccme.d_citwodm.resources
d:\workspace\project1\project1\debug\luccme.d_pcvinpeform.resources
d:\workspace\project1\project1\debug\luccme.languageform.resources
d:\workspace\project1\project1\debug\luccme.lutform.resources
d:\workspace\project1\project1\debug\luccme.myform.resources
d:\workspace\project1\project1\debug\luccme.mysqlform.resources
d:\workspace\project1\project1\debug\luccme.novomodelo.resources
d:\workspace\project1\project1\debug\luccme.potcontinuousform.resources
d:\workspace\project1\project1\debug\luccme.potdiscreteform.resources
d:\workspace\project1\project1\debug\luccme.p_continuous.resources
d:\workspace\project1\project1\debug\luccme.p_discrete.resources
d:\workspace\project1\project1\debug\luccme.p_spatiallaglinearroads.resources
d:\workspace\project1\project1\debug\project1.vcxproj.generateresource.cache
d:\workspace\project1\project1\debug\project1.vcxprojresolveassemblyreference.cache
d:\workspace\project1\project1\debug\luccme.tlog\cl.command.1.tlog
d:\workspace\project1\project1\debug\luccme.tlog\cl.read.1.tlog
d:\workspace\project1\project1\debug\luccme.tlog\cl.write.1.tlog
d:\workspace\project1\project1\debug\luccme.tlog\link.command.1.tlog
d:\workspace\project1\project1\debug\luccme.tlog\link.read.1.tlog
d:\workspace\project1\project1\debug\luccme.tlog\link.write.1.tlog
d:\workspace\project1\project1\debug\luccme.tlog\luccme.write.1u.tlog
d:\workspace\project1\project1\debug\luccme.tlog\metagen.read.1.tlog
d:\workspace\project1\project1\debug\luccme.tlog\metagen.write.1.tlog
d:\workspace\project1\project1\debug\luccme.tlog\tzres.dll.bi
