c:\users\medeiro\documents\work\robos\teste1\project1\project1\debug\vc120.pdb
c:\users\medeiro\documents\work\robos\teste1\project1\project1\debug\source.obj
c:\users\medeiro\documents\work\robos\teste1\project1\project1\debug\myform.obj
c:\users\medeiro\documents\work\robos\teste1\project1\project1\debug\.netframework,version=v4.5.1.assemblyattributes.obj
c:\users\medeiro\documents\work\robos\teste1\project1\debug\project1.exe
c:\users\medeiro\documents\work\robos\teste1\project1\debug\project1.pdb
d:\workspace\project1\project1\debug\project1.vcxprojresolveassemblyreference.cache
d:\workspace\project1\project1\debug\.netframework,version=v4.5.1.assemblyattributes.obj
d:\workspace\project1\project1\debug\myform.obj
d:\workspace\project1\project1\debug\source.obj
d:\workspace\project1\project1\debug\vc120.pdb
d:\workspace\project1\project1\debug\project1.tlog\cl.command.1.tlog
d:\workspace\project1\project1\debug\project1.tlog\cl.read.1.tlog
d:\workspace\project1\project1\debug\project1.tlog\cl.write.1.tlog
d:\workspace\project1\project1\debug\project1.tlog\link.command.1.tlog
d:\workspace\project1\project1\debug\project1.tlog\link.read.1.tlog
d:\workspace\project1\project1\debug\project1.tlog\link.write.1.tlog
d:\workspace\project1\project1\debug\project1.tlog\metagen.read.1.tlog
d:\workspace\project1\project1\debug\project1.tlog\metagen.write.1.tlog
d:\workspace\project1\project1\debug\project1.tlog\rsaenh.dll.bi
d:\workspace\project1\project1\debug\project1.tlog\tzres.dll.bi
