Build started 29/09/2015 17:27:57.
     1>Project "D:\_SVN\LuccME\branches\Project1\Project1\Project1.vcxproj" on node 2 (Build target(s)).
     1>C:\Program Files (x86)\MSBuild\Microsoft.Cpp\v4.0\V140\Microsoft.CppBuild.targets(392,5): warning MSB8028: The intermediate directory (Debug\) contains files shared from another project (Project1.vcxproj).  This can lead to incorrect clean and rebuild behavior.
     1>ClCompile:
         C:\Program Files (x86)\Microsoft Visual Studio 14.0\VC\bin\CL.exe /c /AI"C:\Program Files (x86)\Reference Assemblies\Microsoft\Framework\.NETFramework\v4.5.2\\" /AI"C:\Program Files (x86)\Windows Kits\8.1\References\CommonConfiguration\Neutral" /AI"C:\Program Files (x86)\Reference Assemblies\Microsoft\Framework\.NETFramework\v4.5.2\Facades\\" /Zi /clr /nologo /W3 /WX- /Od /Oy- /D WIN32 /D _DEBUG /D _UNICODE /D UNICODE /EHa /MDd /GS /fp:precise /Zc:wchar_t /Zc:forScope /Zc:inline /Fo"Debug\\" /Fd"Debug\vc140.pdb" /TP /FU"C:\Program Files (x86)\Reference Assemblies\Microsoft\Framework\.NETFramework\v4.5.2\mscorlib.dll" /FU"C:\Program Files (x86)\Reference Assemblies\Microsoft\Framework\.NETFramework\v4.5.2\System.Data.dll" /FU"C:\Program Files (x86)\Reference Assemblies\Microsoft\Framework\.NETFramework\v4.5.2\System.dll" /FU"C:\Program Files (x86)\Reference Assemblies\Microsoft\Framework\.NETFramework\v4.5.2\System.Drawing.dll" /FU"C:\Program Files (x86)\Reference Assemblies\Microsoft\Framework\.NETFramework\v4.5.2\System.Windows.Forms.dll" /FU"C:\Program Files (x86)\Reference Assemblies\Microsoft\Framework\.NETFramework\v4.5.2\System.Xml.dll" /analyze- /errorReport:prompt /clr:nostdlib NovoModelo.cpp
         NovoModelo.cpp
       Link:
         C:\Program Files (x86)\Microsoft Visual Studio 14.0\VC\bin\link.exe /ERRORREPORT:PROMPT /OUT:"D:\_SVN\LuccME\branches\Project1\Debug\LuccME.exe" /INCREMENTAL /NOLOGO /ASSEMBLYRESOURCE:Debug\LuccME.AboutForm.resources /ASSEMBLYRESOURCE:Debug\LuccME.AllocContinuousForm.resources /ASSEMBLYRESOURCE:Debug\LuccME.AllocDiscreteForm.resources /ASSEMBLYRESOURCE:Debug\LuccME.A_ABSO.resources /ASSEMBLYRESOURCE:Debug\LuccME.A_Continuous.resources /ASSEMBLYRESOURCE:Debug\LuccME.A_AllocationClueSLike.resources /ASSEMBLYRESOURCE:Debug\LuccME.D_CIThreeDM.resources /ASSEMBLYRESOURCE:Debug\LuccME.D_CITwoDM.resources /ASSEMBLYRESOURCE:Debug\LuccME.D_PCVINPEForm.resources /ASSEMBLYRESOURCE:Debug\LuccME.LanguageForm.resources /ASSEMBLYRESOURCE:Debug\LuccME.LUND.resources /ASSEMBLYRESOURCE:Debug\LuccME.LUTForm.resources /ASSEMBLYRESOURCE:Debug\LuccME.MyForm.resources /ASSEMBLYRESOURCE:Debug\LuccME.MySQLForm.resources /ASSEMBLYRESOURCE:Debug\LuccME.NovoModelo.resources /ASSEMBLYRESOURCE:Debug\LuccME.PotContinuousForm.resources /ASSEMBLYRESOURCE:Debug\LuccME.PotDiscreteForm.resources /ASSEMBLYRESOURCE:Debug\LuccME.P_Continuous.resources /ASSEMBLYRESOURCE:Debug\LuccME.P_Discrete.resources /ASSEMBLYRESOURCE:Debug\LuccME.P_SpatialLagLinearRoads.resources /MANIFEST /MANIFESTUAC:"level='asInvoker' uiAccess='false'" /manifest:embed /Debug /PDB:"D:\_SVN\LuccME\branches\Project1\Debug\LuccME.pdb" /ASSEMBLYDEBUG /TLBID:1 /ENTRY:"main" /DYNAMICBASE /FIXED:NO /NXCOMPAT /MACHINE:X86 Debug\LuccME.res
         Debug\AboutForm.obj
         Debug\AllocContinuousForm.obj
         Debug\AllocDiscreteForm.obj
         Debug\A_ABSO.obj
         Debug\A_AllocationClueLike.obj
         Debug\A_AllocationClueSLike.obj
         Debug\A_Continuous.obj
         Debug\D_CIThreeDM.obj
         Debug\D_CITwoDM.obj
         Debug\D_PCVINPEForm.obj
         Debug\LanguageForm.obj
         Debug\LUND.obj
         Debug\LUTForm.obj
         Debug\MyForm.obj
         Debug\MySQLForm.obj
         Debug\NovoModelo.obj
         Debug\PotContinuousForm.obj
         Debug\PotDiscreteForm.obj
         Debug\P_Continuous.obj
         Debug\P_Discrete.obj
         Debug\P_SpatialLagLinearRoads.obj
         Debug\Source.obj
         Debug\stdafx.obj
         "Debug\.NETFramework,Version=v4.5.2.AssemblyAttributes.obj"
         Project1.vcxproj -> D:\_SVN\LuccME\branches\Project1\Debug\LuccME.exe
     1>Done Building Project "D:\_SVN\LuccME\branches\Project1\Project1\Project1.vcxproj" (Build target(s)).

Build succeeded.

Time Elapsed 00:00:03.04
